{"total": {"lines":{"total":16253,"covered":7954,"skipped":0,"pct":48.93},"statements":{"total":16253,"covered":7954,"skipped":0,"pct":48.93},"functions":{"total":359,"covered":283,"skipped":0,"pct":78.83},"branches":{"total":1628,"covered":1352,"skipped":0,"pct":83.04},"branchesTrue":{"total":0,"covered":0,"skipped":0,"pct":100}}
,"/Users/blee/dev/bin/mHealth-app/app/api/address/validate/constants.ts": {"lines":{"total":18,"covered":18,"skipped":0,"pct":100},"functions":{"total":0,"covered":0,"skipped":0,"pct":100},"statements":{"total":18,"covered":18,"skipped":0,"pct":100},"branches":{"total":0,"covered":0,"skipped":0,"pct":100}}
,"/Users/blee/dev/bin/mHealth-app/app/api/address/validate/route.ts": {"lines":{"total":206,"covered":141,"skipped":0,"pct":68.44},"functions":{"total":12,"covered":9,"skipped":0,"pct":75},"statements":{"total":206,"covered":141,"skipped":0,"pct":68.44},"branches":{"total":36,"covered":21,"skipped":0,"pct":58.33}}
,"/Users/blee/dev/bin/mHealth-app/app/api/admin/companies/route.ts": {"lines":{"total":54,"covered":54,"skipped":0,"pct":100},"functions":{"total":3,"covered":3,"skipped":0,"pct":100},"statements":{"total":54,"covered":54,"skipped":0,"pct":100},"branches":{"total":28,"covered":28,"skipped":0,"pct":100}}
,"/Users/blee/dev/bin/mHealth-app/app/api/admin/social-workers/route.ts": {"lines":{"total":34,"covered":34,"skipped":0,"pct":100},"functions":{"total":2,"covered":2,"skipped":0,"pct":100},"statements":{"total":34,"covered":34,"skipped":0,"pct":100},"branches":{"total":22,"covered":22,"skipped":0,"pct":100}}
,"/Users/blee/dev/bin/mHealth-app/app/api/admin/stats/route.ts": {"lines":{"total":10,"covered":10,"skipped":0,"pct":100},"functions":{"total":1,"covered":1,"skipped":0,"pct":100},"statements":{"total":10,"covered":10,"skipped":0,"pct":100},"branches":{"total":4,"covered":4,"skipped":0,"pct":100}}
,"/Users/blee/dev/bin/mHealth-app/app/api/admin/users/route.ts": {"lines":{"total":43,"covered":43,"skipped":0,"pct":100},"functions":{"total":2,"covered":2,"skipped":0,"pct":100},"statements":{"total":43,"covered":43,"skipped":0,"pct":100},"branches":{"total":27,"covered":27,"skipped":0,"pct":100}}
,"/Users/blee/dev/bin/mHealth-app/app/api/admin/users/invite/route.ts": {"lines":{"total":52,"covered":52,"skipped":0,"pct":100},"functions":{"total":2,"covered":2,"skipped":0,"pct":100},"statements":{"total":52,"covered":52,"skipped":0,"pct":100},"branches":{"total":20,"covered":20,"skipped":0,"pct":100}}
,"/Users/blee/dev/bin/mHealth-app/app/api/appeals/analyze/route.ts": {"lines":{"total":91,"covered":0,"skipped":0,"pct":0},"functions":{"total":1,"covered":1,"skipped":0,"pct":100},"statements":{"total":91,"covered":0,"skipped":0,"pct":0},"branches":{"total":1,"covered":1,"skipped":0,"pct":100}}
,"/Users/blee/dev/bin/mHealth-app/app/api/appeals/extract-document/route.ts": {"lines":{"total":130,"covered":0,"skipped":0,"pct":0},"functions":{"total":1,"covered":1,"skipped":0,"pct":100},"statements":{"total":130,"covered":0,"skipped":0,"pct":0},"branches":{"total":1,"covered":1,"skipped":0,"pct":100}}
,"/Users/blee/dev/bin/mHealth-app/app/api/applications/route.ts": {"lines":{"total":95,"covered":0,"skipped":0,"pct":0},"functions":{"total":1,"covered":1,"skipped":0,"pct":100},"statements":{"total":95,"covered":0,"skipped":0,"pct":0},"branches":{"total":1,"covered":1,"skipped":0,"pct":100}}
,"/Users/blee/dev/bin/mHealth-app/app/api/applications/[applicationId]/documents/route.ts": {"lines":{"total":185,"covered":81,"skipped":0,"pct":43.78},"functions":{"total":3,"covered":2,"skipped":0,"pct":66.66},"statements":{"total":185,"covered":81,"skipped":0,"pct":43.78},"branches":{"total":19,"covered":9,"skipped":0,"pct":47.36}}
,"/Users/blee/dev/bin/mHealth-app/app/api/applications/[applicationId]/documents/[documentId]/route.ts": {"lines":{"total":128,"covered":0,"skipped":0,"pct":0},"functions":{"total":1,"covered":0,"skipped":0,"pct":0},"statements":{"total":128,"covered":0,"skipped":0,"pct":0},"branches":{"total":1,"covered":0,"skipped":0,"pct":0}}
,"/Users/blee/dev/bin/mHealth-app/app/api/applications/[applicationId]/draft/constants.ts": {"lines":{"total":16,"covered":0,"skipped":0,"pct":0},"functions":{"total":1,"covered":0,"skipped":0,"pct":0},"statements":{"total":16,"covered":0,"skipped":0,"pct":0},"branches":{"total":1,"covered":0,"skipped":0,"pct":0}}
,"/Users/blee/dev/bin/mHealth-app/app/api/applications/[applicationId]/draft/route.ts": {"lines":{"total":195,"covered":0,"skipped":0,"pct":0},"functions":{"total":1,"covered":0,"skipped":0,"pct":0},"statements":{"total":195,"covered":0,"skipped":0,"pct":0},"branches":{"total":1,"covered":0,"skipped":0,"pct":0}}
,"/Users/blee/dev/bin/mHealth-app/app/api/auth/dev-auto-confirm/route.ts": {"lines":{"total":51,"covered":0,"skipped":0,"pct":0},"functions":{"total":1,"covered":1,"skipped":0,"pct":100},"statements":{"total":51,"covered":0,"skipped":0,"pct":0},"branches":{"total":1,"covered":1,"skipped":0,"pct":100}}
,"/Users/blee/dev/bin/mHealth-app/app/api/auth/dev-grant-admin/route.ts": {"lines":{"total":38,"covered":0,"skipped":0,"pct":0},"functions":{"total":1,"covered":1,"skipped":0,"pct":100},"statements":{"total":38,"covered":0,"skipped":0,"pct":0},"branches":{"total":1,"covered":1,"skipped":0,"pct":100}}
,"/Users/blee/dev/bin/mHealth-app/app/api/auth/dev-register/route.ts": {"lines":{"total":184,"covered":0,"skipped":0,"pct":0},"functions":{"total":1,"covered":1,"skipped":0,"pct":100},"statements":{"total":184,"covered":0,"skipped":0,"pct":0},"branches":{"total":1,"covered":1,"skipped":0,"pct":100}}
,"/Users/blee/dev/bin/mHealth-app/app/api/auth/invite/[token]/route.ts": {"lines":{"total":138,"covered":72,"skipped":0,"pct":52.17},"functions":{"total":2,"covered":1,"skipped":0,"pct":50},"statements":{"total":138,"covered":72,"skipped":0,"pct":52.17},"branches":{"total":21,"covered":10,"skipped":0,"pct":47.61}}
,"/Users/blee/dev/bin/mHealth-app/app/api/auth/me/route.ts": {"lines":{"total":22,"covered":0,"skipped":0,"pct":0},"functions":{"total":1,"covered":1,"skipped":0,"pct":100},"statements":{"total":22,"covered":0,"skipped":0,"pct":0},"branches":{"total":1,"covered":1,"skipped":0,"pct":100}}
,"/Users/blee/dev/bin/mHealth-app/app/api/benefit-orchestration/evaluate/route.ts": {"lines":{"total":43,"covered":0,"skipped":0,"pct":0},"functions":{"total":1,"covered":1,"skipped":0,"pct":100},"statements":{"total":43,"covered":0,"skipped":0,"pct":0},"branches":{"total":1,"covered":1,"skipped":0,"pct":100}}
,"/Users/blee/dev/bin/mHealth-app/app/api/benefit-orchestration/profile/route.ts": {"lines":{"total":45,"covered":0,"skipped":0,"pct":0},"functions":{"total":1,"covered":1,"skipped":0,"pct":100},"statements":{"total":45,"covered":0,"skipped":0,"pct":0},"branches":{"total":1,"covered":1,"skipped":0,"pct":100}}
,"/Users/blee/dev/bin/mHealth-app/app/api/chat/masshealth/constants.ts": {"lines":{"total":36,"covered":0,"skipped":0,"pct":0},"functions":{"total":1,"covered":1,"skipped":0,"pct":100},"statements":{"total":36,"covered":0,"skipped":0,"pct":0},"branches":{"total":1,"covered":1,"skipped":0,"pct":100}}
,"/Users/blee/dev/bin/mHealth-app/app/api/chat/masshealth/route.ts": {"lines":{"total":285,"covered":0,"skipped":0,"pct":0},"functions":{"total":1,"covered":1,"skipped":0,"pct":100},"statements":{"total":285,"covered":0,"skipped":0,"pct":0},"branches":{"total":1,"covered":1,"skipped":0,"pct":100}}
,"/Users/blee/dev/bin/mHealth-app/app/api/companies/search/route.ts": {"lines":{"total":64,"covered":0,"skipped":0,"pct":0},"functions":{"total":1,"covered":1,"skipped":0,"pct":100},"statements":{"total":64,"covered":0,"skipped":0,"pct":0},"branches":{"total":1,"covered":1,"skipped":0,"pct":100}}
,"/Users/blee/dev/bin/mHealth-app/app/api/forms/aca-3-0325/fill/route.ts": {"lines":{"total":41,"covered":39,"skipped":0,"pct":95.12},"functions":{"total":1,"covered":1,"skipped":0,"pct":100},"statements":{"total":41,"covered":39,"skipped":0,"pct":95.12},"branches":{"total":8,"covered":7,"skipped":0,"pct":87.5}}
,"/Users/blee/dev/bin/mHealth-app/app/api/health/db/route.ts": {"lines":{"total":16,"covered":15,"skipped":0,"pct":93.75},"functions":{"total":1,"covered":1,"skipped":0,"pct":100},"statements":{"total":16,"covered":15,"skipped":0,"pct":93.75},"branches":{"total":6,"covered":5,"skipped":0,"pct":83.33}}
,"/Users/blee/dev/bin/mHealth-app/app/api/identity/mobile-session/route.ts": {"lines":{"total":87,"covered":0,"skipped":0,"pct":0},"functions":{"total":1,"covered":1,"skipped":0,"pct":100},"statements":{"total":87,"covered":0,"skipped":0,"pct":0},"branches":{"total":1,"covered":1,"skipped":0,"pct":100}}
,"/Users/blee/dev/bin/mHealth-app/app/api/identity/mobile-verify/[token]/route.ts": {"lines":{"total":190,"covered":0,"skipped":0,"pct":0},"functions":{"total":1,"covered":0,"skipped":0,"pct":0},"statements":{"total":190,"covered":0,"skipped":0,"pct":0},"branches":{"total":1,"covered":0,"skipped":0,"pct":0}}
,"/Users/blee/dev/bin/mHealth-app/app/api/identity/qrcode/route.ts": {"lines":{"total":42,"covered":0,"skipped":0,"pct":0},"functions":{"total":1,"covered":1,"skipped":0,"pct":100},"statements":{"total":42,"covered":0,"skipped":0,"pct":0},"branches":{"total":1,"covered":1,"skipped":0,"pct":100}}
,"/Users/blee/dev/bin/mHealth-app/app/api/identity/verify-license/route.ts": {"lines":{"total":119,"covered":0,"skipped":0,"pct":0},"functions":{"total":1,"covered":1,"skipped":0,"pct":100},"statements":{"total":119,"covered":0,"skipped":0,"pct":0},"branches":{"total":1,"covered":1,"skipped":0,"pct":100}}
,"/Users/blee/dev/bin/mHealth-app/app/api/masshealth/appeals/categories/route.ts": {"lines":{"total":29,"covered":0,"skipped":0,"pct":0},"functions":{"total":1,"covered":1,"skipped":0,"pct":100},"statements":{"total":29,"covered":0,"skipped":0,"pct":0},"branches":{"total":1,"covered":1,"skipped":0,"pct":100}}
,"/Users/blee/dev/bin/mHealth-app/app/api/masshealth/appeals/draft/route.ts": {"lines":{"total":42,"covered":0,"skipped":0,"pct":0},"functions":{"total":1,"covered":1,"skipped":0,"pct":100},"statements":{"total":42,"covered":0,"skipped":0,"pct":0},"branches":{"total":1,"covered":1,"skipped":0,"pct":100}}
,"/Users/blee/dev/bin/mHealth-app/app/api/masshealth/appeals/research/route.ts": {"lines":{"total":34,"covered":0,"skipped":0,"pct":0},"functions":{"total":1,"covered":1,"skipped":0,"pct":100},"statements":{"total":34,"covered":0,"skipped":0,"pct":0},"branches":{"total":1,"covered":1,"skipped":0,"pct":100}}
,"/Users/blee/dev/bin/mHealth-app/app/api/messages/[userId]/route.ts": {"lines":{"total":166,"covered":0,"skipped":0,"pct":0},"functions":{"total":1,"covered":0,"skipped":0,"pct":0},"statements":{"total":166,"covered":0,"skipped":0,"pct":0},"branches":{"total":1,"covered":0,"skipped":0,"pct":0}}
,"/Users/blee/dev/bin/mHealth-app/app/api/messages/[userId]/[messageId]/transcription/route.ts": {"lines":{"total":62,"covered":0,"skipped":0,"pct":0},"functions":{"total":1,"covered":0,"skipped":0,"pct":0},"statements":{"total":62,"covered":0,"skipped":0,"pct":0},"branches":{"total":1,"covered":0,"skipped":0,"pct":0}}
,"/Users/blee/dev/bin/mHealth-app/app/api/messages/[userId]/upload/route.ts": {"lines":{"total":303,"covered":0,"skipped":0,"pct":0},"functions":{"total":1,"covered":0,"skipped":0,"pct":0},"statements":{"total":303,"covered":0,"skipped":0,"pct":0},"branches":{"total":1,"covered":0,"skipped":0,"pct":0}}
,"/Users/blee/dev/bin/mHealth-app/app/api/messages/translate/route.ts": {"lines":{"total":38,"covered":0,"skipped":0,"pct":0},"functions":{"total":1,"covered":1,"skipped":0,"pct":100},"statements":{"total":38,"covered":0,"skipped":0,"pct":0},"branches":{"total":1,"covered":1,"skipped":0,"pct":100}}
,"/Users/blee/dev/bin/mHealth-app/app/api/notifications/route.ts": {"lines":{"total":18,"covered":18,"skipped":0,"pct":100},"functions":{"total":1,"covered":1,"skipped":0,"pct":100},"statements":{"total":18,"covered":18,"skipped":0,"pct":100},"branches":{"total":9,"covered":9,"skipped":0,"pct":100}}
,"/Users/blee/dev/bin/mHealth-app/app/api/notifications/[id]/read/route.ts": {"lines":{"total":19,"covered":19,"skipped":0,"pct":100},"functions":{"total":1,"covered":1,"skipped":0,"pct":100},"statements":{"total":19,"covered":19,"skipped":0,"pct":100},"branches":{"total":5,"covered":5,"skipped":0,"pct":100}}
,"/Users/blee/dev/bin/mHealth-app/app/api/notifications/read-all/route.ts": {"lines":{"total":15,"covered":15,"skipped":0,"pct":100},"functions":{"total":1,"covered":1,"skipped":0,"pct":100},"statements":{"total":15,"covered":15,"skipped":0,"pct":100},"branches":{"total":4,"covered":4,"skipped":0,"pct":100}}
,"/Users/blee/dev/bin/mHealth-app/app/api/notifications/unread-count/route.ts": {"lines":{"total":15,"covered":15,"skipped":0,"pct":100},"functions":{"total":1,"covered":1,"skipped":0,"pct":100},"statements":{"total":15,"covered":15,"skipped":0,"pct":100},"branches":{"total":5,"covered":5,"skipped":0,"pct":100}}
,"/Users/blee/dev/bin/mHealth-app/app/api/patient/social-worker-access/route.ts": {"lines":{"total":49,"covered":0,"skipped":0,"pct":0},"functions":{"total":1,"covered":1,"skipped":0,"pct":100},"statements":{"total":49,"covered":0,"skipped":0,"pct":0},"branches":{"total":1,"covered":1,"skipped":0,"pct":100}}
,"/Users/blee/dev/bin/mHealth-app/app/api/patient/sw-request/route.ts": {"lines":{"total":76,"covered":0,"skipped":0,"pct":0},"functions":{"total":1,"covered":1,"skipped":0,"pct":100},"statements":{"total":76,"covered":0,"skipped":0,"pct":0},"branches":{"total":1,"covered":1,"skipped":0,"pct":100}}
,"/Users/blee/dev/bin/mHealth-app/app/api/pdf/extract/route.ts": {"lines":{"total":64,"covered":44,"skipped":0,"pct":68.75},"functions":{"total":3,"covered":3,"skipped":0,"pct":100},"statements":{"total":64,"covered":44,"skipped":0,"pct":68.75},"branches":{"total":19,"covered":13,"skipped":0,"pct":68.42}}
,"/Users/blee/dev/bin/mHealth-app/app/api/pdf/generate/route.ts": {"lines":{"total":52,"covered":49,"skipped":0,"pct":94.23},"functions":{"total":2,"covered":2,"skipped":0,"pct":100},"statements":{"total":52,"covered":49,"skipped":0,"pct":94.23},"branches":{"total":8,"covered":4,"skipped":0,"pct":50}}
,"/Users/blee/dev/bin/mHealth-app/app/api/rag/ingest/route.ts": {"lines":{"total":68,"covered":0,"skipped":0,"pct":0},"functions":{"total":1,"covered":1,"skipped":0,"pct":100},"statements":{"total":68,"covered":0,"skipped":0,"pct":0},"branches":{"total":1,"covered":1,"skipped":0,"pct":100}}
,"/Users/blee/dev/bin/mHealth-app/app/api/sessions/route.ts": {"lines":{"total":58,"covered":36,"skipped":0,"pct":62.06},"functions":{"total":2,"covered":1,"skipped":0,"pct":50},"statements":{"total":58,"covered":36,"skipped":0,"pct":62.06},"branches":{"total":9,"covered":4,"skipped":0,"pct":44.44}}
,"/Users/blee/dev/bin/mHealth-app/app/api/sessions/[sessionId]/route.ts": {"lines":{"total":100,"covered":72,"skipped":0,"pct":72},"functions":{"total":3,"covered":2,"skipped":0,"pct":66.66},"statements":{"total":100,"covered":72,"skipped":0,"pct":72},"branches":{"total":32,"covered":30,"skipped":0,"pct":93.75}}
,"/Users/blee/dev/bin/mHealth-app/app/api/sessions/[sessionId]/messages/route.ts": {"lines":{"total":97,"covered":0,"skipped":0,"pct":0},"functions":{"total":1,"covered":0,"skipped":0,"pct":0},"statements":{"total":97,"covered":0,"skipped":0,"pct":0},"branches":{"total":1,"covered":0,"skipped":0,"pct":0}}
,"/Users/blee/dev/bin/mHealth-app/app/api/sessions/[sessionId]/voice/route.ts": {"lines":{"total":117,"covered":0,"skipped":0,"pct":0},"functions":{"total":1,"covered":0,"skipped":0,"pct":0},"statements":{"total":117,"covered":0,"skipped":0,"pct":0},"branches":{"total":1,"covered":0,"skipped":0,"pct":0}}
,"/Users/blee/dev/bin/mHealth-app/app/api/sessions/[sessionId]/voice/[messageId]/route.ts": {"lines":{"total":60,"covered":0,"skipped":0,"pct":0},"functions":{"total":1,"covered":0,"skipped":0,"pct":0},"statements":{"total":60,"covered":0,"skipped":0,"pct":0},"branches":{"total":1,"covered":0,"skipped":0,"pct":0}}
,"/Users/blee/dev/bin/mHealth-app/app/api/social-worker/engagement-requests/route.ts": {"lines":{"total":23,"covered":0,"skipped":0,"pct":0},"functions":{"total":1,"covered":1,"skipped":0,"pct":100},"statements":{"total":23,"covered":0,"skipped":0,"pct":0},"branches":{"total":1,"covered":1,"skipped":0,"pct":100}}
,"/Users/blee/dev/bin/mHealth-app/app/api/social-worker/engagement-requests/[id]/route.ts": {"lines":{"total":88,"covered":0,"skipped":0,"pct":0},"functions":{"total":1,"covered":0,"skipped":0,"pct":0},"statements":{"total":88,"covered":0,"skipped":0,"pct":0},"branches":{"total":1,"covered":0,"skipped":0,"pct":0}}
,"/Users/blee/dev/bin/mHealth-app/app/api/social-worker/messages/route.ts": {"lines":{"total":23,"covered":0,"skipped":0,"pct":0},"functions":{"total":1,"covered":1,"skipped":0,"pct":100},"statements":{"total":23,"covered":0,"skipped":0,"pct":0},"branches":{"total":1,"covered":1,"skipped":0,"pct":100}}
,"/Users/blee/dev/bin/mHealth-app/app/api/social-worker/patients/route.ts": {"lines":{"total":10,"covered":0,"skipped":0,"pct":0},"functions":{"total":1,"covered":1,"skipped":0,"pct":100},"statements":{"total":10,"covered":0,"skipped":0,"pct":0},"branches":{"total":1,"covered":1,"skipped":0,"pct":100}}
,"/Users/blee/dev/bin/mHealth-app/app/api/social-worker/patients/[patientId]/applications/route.ts": {"lines":{"total":22,"covered":0,"skipped":0,"pct":0},"functions":{"total":1,"covered":0,"skipped":0,"pct":0},"statements":{"total":22,"covered":0,"skipped":0,"pct":0},"branches":{"total":1,"covered":0,"skipped":0,"pct":0}}
,"/Users/blee/dev/bin/mHealth-app/app/api/social-worker/patients/[patientId]/dashboard/route.ts": {"lines":{"total":116,"covered":0,"skipped":0,"pct":0},"functions":{"total":1,"covered":0,"skipped":0,"pct":0},"statements":{"total":116,"covered":0,"skipped":0,"pct":0},"branches":{"total":1,"covered":0,"skipped":0,"pct":0}}
,"/Users/blee/dev/bin/mHealth-app/app/api/social-worker/patients/[patientId]/profile/route.ts": {"lines":{"total":104,"covered":0,"skipped":0,"pct":0},"functions":{"total":1,"covered":0,"skipped":0,"pct":0},"statements":{"total":104,"covered":0,"skipped":0,"pct":0},"branches":{"total":1,"covered":0,"skipped":0,"pct":0}}
,"/Users/blee/dev/bin/mHealth-app/app/api/social-worker/profile/route.ts": {"lines":{"total":10,"covered":0,"skipped":0,"pct":0},"functions":{"total":1,"covered":1,"skipped":0,"pct":100},"statements":{"total":10,"covered":0,"skipped":0,"pct":0},"branches":{"total":1,"covered":1,"skipped":0,"pct":100}}
,"/Users/blee/dev/bin/mHealth-app/app/api/social-worker/search/route.ts": {"lines":{"total":12,"covered":0,"skipped":0,"pct":0},"functions":{"total":1,"covered":1,"skipped":0,"pct":100},"statements":{"total":12,"covered":0,"skipped":0,"pct":0},"branches":{"total":1,"covered":1,"skipped":0,"pct":100}}
,"/Users/blee/dev/bin/mHealth-app/app/api/user-profile/route.ts": {"lines":{"total":95,"covered":0,"skipped":0,"pct":0},"functions":{"total":1,"covered":1,"skipped":0,"pct":100},"statements":{"total":95,"covered":0,"skipped":0,"pct":0},"branches":{"total":1,"covered":1,"skipped":0,"pct":100}}
,"/Users/blee/dev/bin/mHealth-app/app/api/user-profile/applicant/route.ts": {"lines":{"total":47,"covered":0,"skipped":0,"pct":0},"functions":{"total":1,"covered":1,"skipped":0,"pct":100},"statements":{"total":47,"covered":0,"skipped":0,"pct":0},"branches":{"total":1,"covered":1,"skipped":0,"pct":100}}
,"/Users/blee/dev/bin/mHealth-app/app/api/user-profile/avatar/route.ts": {"lines":{"total":81,"covered":0,"skipped":0,"pct":0},"functions":{"total":1,"covered":1,"skipped":0,"pct":100},"statements":{"total":81,"covered":0,"skipped":0,"pct":0},"branches":{"total":1,"covered":1,"skipped":0,"pct":100}}
,"/Users/blee/dev/bin/mHealth-app/lib/application-status.ts": {"lines":{"total":10,"covered":10,"skipped":0,"pct":100},"functions":{"total":0,"covered":0,"skipped":0,"pct":100},"statements":{"total":10,"covered":10,"skipped":0,"pct":100},"branches":{"total":0,"covered":0,"skipped":0,"pct":100}}
,"/Users/blee/dev/bin/mHealth-app/lib/constant.ts": {"lines":{"total":107,"covered":107,"skipped":0,"pct":100},"functions":{"total":0,"covered":0,"skipped":0,"pct":100},"statements":{"total":107,"covered":107,"skipped":0,"pct":100},"branches":{"total":3,"covered":3,"skipped":0,"pct":100}}
,"/Users/blee/dev/bin/mHealth-app/lib/eligibility-engine.ts": {"lines":{"total":325,"covered":323,"skipped":0,"pct":99.38},"functions":{"total":5,"covered":5,"skipped":0,"pct":100},"statements":{"total":325,"covered":323,"skipped":0,"pct":99.38},"branches":{"total":60,"covered":58,"skipped":0,"pct":96.66}}
,"/Users/blee/dev/bin/mHealth-app/lib/resend.ts": {"lines":{"total":3,"covered":0,"skipped":0,"pct":0},"functions":{"total":1,"covered":1,"skipped":0,"pct":100},"statements":{"total":3,"covered":0,"skipped":0,"pct":0},"branches":{"total":1,"covered":1,"skipped":0,"pct":100}}
,"/Users/blee/dev/bin/mHealth-app/lib/utils.ts": {"lines":{"total":5,"covered":5,"skipped":0,"pct":100},"functions":{"total":1,"covered":1,"skipped":0,"pct":100},"statements":{"total":5,"covered":5,"skipped":0,"pct":100},"branches":{"total":1,"covered":1,"skipped":0,"pct":100}}
,"/Users/blee/dev/bin/mHealth-app/lib/appeals/constants.ts": {"lines":{"total":79,"covered":79,"skipped":0,"pct":100},"functions":{"total":0,"covered":0,"skipped":0,"pct":100},"statements":{"total":79,"covered":79,"skipped":0,"pct":100},"branches":{"total":0,"covered":0,"skipped":0,"pct":100}}
,"/Users/blee/dev/bin/mHealth-app/lib/appeals/copy.ts": {"lines":{"total":227,"covered":227,"skipped":0,"pct":100},"functions":{"total":1,"covered":1,"skipped":0,"pct":100},"statements":{"total":227,"covered":227,"skipped":0,"pct":100},"branches":{"total":2,"covered":1,"skipped":0,"pct":50}}
,"/Users/blee/dev/bin/mHealth-app/lib/appeals/draft-personalization.ts": {"lines":{"total":94,"covered":94,"skipped":0,"pct":100},"functions":{"total":8,"covered":8,"skipped":0,"pct":100},"statements":{"total":94,"covered":94,"skipped":0,"pct":100},"branches":{"total":38,"covered":34,"skipped":0,"pct":89.47}}
,"/Users/blee/dev/bin/mHealth-app/lib/appeals/prompts.ts": {"lines":{"total":26,"covered":0,"skipped":0,"pct":0},"functions":{"total":1,"covered":1,"skipped":0,"pct":100},"statements":{"total":26,"covered":0,"skipped":0,"pct":0},"branches":{"total":1,"covered":1,"skipped":0,"pct":100}}
,"/Users/blee/dev/bin/mHealth-app/lib/auth/local-auth.ts": {"lines":{"total":55,"covered":51,"skipped":0,"pct":92.72},"functions":{"total":5,"covered":5,"skipped":0,"pct":100},"statements":{"total":55,"covered":51,"skipped":0,"pct":92.72},"branches":{"total":33,"covered":31,"skipped":0,"pct":93.93}}
,"/Users/blee/dev/bin/mHealth-app/lib/auth/require-admin.ts": {"lines":{"total":34,"covered":34,"skipped":0,"pct":100},"functions":{"total":1,"covered":1,"skipped":0,"pct":100},"statements":{"total":34,"covered":34,"skipped":0,"pct":100},"branches":{"total":5,"covered":5,"skipped":0,"pct":100}}
,"/Users/blee/dev/bin/mHealth-app/lib/auth/require-auth.ts": {"lines":{"total":209,"covered":188,"skipped":0,"pct":89.95},"functions":{"total":10,"covered":9,"skipped":0,"pct":90},"statements":{"total":209,"covered":188,"skipped":0,"pct":89.95},"branches":{"total":78,"covered":62,"skipped":0,"pct":79.48}}
,"/Users/blee/dev/bin/mHealth-app/lib/auth/require-social-worker.ts": {"lines":{"total":27,"covered":27,"skipped":0,"pct":100},"functions":{"total":1,"covered":1,"skipped":0,"pct":100},"statements":{"total":27,"covered":27,"skipped":0,"pct":100},"branches":{"total":6,"covered":6,"skipped":0,"pct":100}}
,"/Users/blee/dev/bin/mHealth-app/lib/benefit-orchestration/fpl-utils.ts": {"lines":{"total":102,"covered":102,"skipped":0,"pct":100},"functions":{"total":7,"covered":7,"skipped":0,"pct":100},"statements":{"total":102,"covered":102,"skipped":0,"pct":100},"branches":{"total":20,"covered":18,"skipped":0,"pct":90}}
,"/Users/blee/dev/bin/mHealth-app/lib/benefit-orchestration/index.ts": {"lines":{"total":2,"covered":0,"skipped":0,"pct":0},"functions":{"total":1,"covered":1,"skipped":0,"pct":100},"statements":{"total":2,"covered":0,"skipped":0,"pct":0},"branches":{"total":1,"covered":1,"skipped":0,"pct":100}}
,"/Users/blee/dev/bin/mHealth-app/lib/benefit-orchestration/orchestrator.ts": {"lines":{"total":180,"covered":161,"skipped":0,"pct":89.44},"functions":{"total":6,"covered":6,"skipped":0,"pct":100},"statements":{"total":180,"covered":161,"skipped":0,"pct":89.44},"branches":{"total":42,"covered":32,"skipped":0,"pct":76.19}}
,"/Users/blee/dev/bin/mHealth-app/lib/benefit-orchestration/programs/childcare.ts": {"lines":{"total":82,"covered":78,"skipped":0,"pct":95.12},"functions":{"total":3,"covered":3,"skipped":0,"pct":100},"statements":{"total":82,"covered":78,"skipped":0,"pct":95.12},"branches":{"total":27,"covered":18,"skipped":0,"pct":66.66}}
,"/Users/blee/dev/bin/mHealth-app/lib/benefit-orchestration/programs/eaedc.ts": {"lines":{"total":73,"covered":67,"skipped":0,"pct":91.78},"functions":{"total":1,"covered":1,"skipped":0,"pct":100},"statements":{"total":73,"covered":67,"skipped":0,"pct":91.78},"branches":{"total":30,"covered":11,"skipped":0,"pct":36.66}}
,"/Users/blee/dev/bin/mHealth-app/lib/benefit-orchestration/programs/eitc.ts": {"lines":{"total":110,"covered":110,"skipped":0,"pct":100},"functions":{"total":3,"covered":3,"skipped":0,"pct":100},"statements":{"total":110,"covered":110,"skipped":0,"pct":100},"branches":{"total":59,"covered":52,"skipped":0,"pct":88.13}}
,"/Users/blee/dev/bin/mHealth-app/lib/benefit-orchestration/programs/liheap.ts": {"lines":{"total":86,"covered":58,"skipped":0,"pct":67.44},"functions":{"total":3,"covered":1,"skipped":0,"pct":33.33},"statements":{"total":86,"covered":58,"skipped":0,"pct":67.44},"branches":{"total":19,"covered":4,"skipped":0,"pct":21.05}}
,"/Users/blee/dev/bin/mHealth-app/lib/benefit-orchestration/programs/masshealth.ts": {"lines":{"total":309,"covered":309,"skipped":0,"pct":100},"functions":{"total":1,"covered":1,"skipped":0,"pct":100},"statements":{"total":309,"covered":309,"skipped":0,"pct":100},"branches":{"total":47,"covered":43,"skipped":0,"pct":91.48}}
,"/Users/blee/dev/bin/mHealth-app/lib/benefit-orchestration/programs/msp.ts": {"lines":{"total":67,"covered":67,"skipped":0,"pct":100},"functions":{"total":1,"covered":1,"skipped":0,"pct":100},"statements":{"total":67,"covered":67,"skipped":0,"pct":100},"branches":{"total":20,"covered":20,"skipped":0,"pct":100}}
,"/Users/blee/dev/bin/mHealth-app/lib/benefit-orchestration/programs/section8.ts": {"lines":{"total":103,"covered":103,"skipped":0,"pct":100},"functions":{"total":4,"covered":4,"skipped":0,"pct":100},"statements":{"total":103,"covered":103,"skipped":0,"pct":100},"branches":{"total":25,"covered":16,"skipped":0,"pct":64}}
,"/Users/blee/dev/bin/mHealth-app/lib/benefit-orchestration/programs/snap.ts": {"lines":{"total":129,"covered":127,"skipped":0,"pct":98.44},"functions":{"total":4,"covered":4,"skipped":0,"pct":100},"statements":{"total":129,"covered":127,"skipped":0,"pct":98.44},"branches":{"total":41,"covered":36,"skipped":0,"pct":87.8}}
,"/Users/blee/dev/bin/mHealth-app/lib/benefit-orchestration/programs/tafdc.ts": {"lines":{"total":94,"covered":91,"skipped":0,"pct":96.8},"functions":{"total":2,"covered":2,"skipped":0,"pct":100},"statements":{"total":94,"covered":91,"skipped":0,"pct":96.8},"branches":{"total":25,"covered":17,"skipped":0,"pct":68}}
,"/Users/blee/dev/bin/mHealth-app/lib/benefit-orchestration/programs/wic.ts": {"lines":{"total":90,"covered":90,"skipped":0,"pct":100},"functions":{"total":2,"covered":2,"skipped":0,"pct":100},"statements":{"total":90,"covered":90,"skipped":0,"pct":100},"branches":{"total":35,"covered":32,"skipped":0,"pct":91.42}}
,"/Users/blee/dev/bin/mHealth-app/lib/collaborative-sessions/db.ts": {"lines":{"total":132,"covered":0,"skipped":0,"pct":0},"functions":{"total":1,"covered":1,"skipped":0,"pct":100},"statements":{"total":132,"covered":0,"skipped":0,"pct":0},"branches":{"total":1,"covered":1,"skipped":0,"pct":100}}
,"/Users/blee/dev/bin/mHealth-app/lib/constants/approval-status.ts": {"lines":{"total":12,"covered":12,"skipped":0,"pct":100},"functions":{"total":0,"covered":0,"skipped":0,"pct":100},"statements":{"total":12,"covered":12,"skipped":0,"pct":100},"branches":{"total":0,"covered":0,"skipped":0,"pct":100}}
,"/Users/blee/dev/bin/mHealth-app/lib/constants/form-options.ts": {"lines":{"total":47,"covered":47,"skipped":0,"pct":100},"functions":{"total":0,"covered":0,"skipped":0,"pct":100},"statements":{"total":47,"covered":47,"skipped":0,"pct":100},"branches":{"total":0,"covered":0,"skipped":0,"pct":100}}
,"/Users/blee/dev/bin/mHealth-app/lib/db/admin.ts": {"lines":{"total":208,"covered":0,"skipped":0,"pct":0},"functions":{"total":1,"covered":1,"skipped":0,"pct":100},"statements":{"total":208,"covered":0,"skipped":0,"pct":0},"branches":{"total":1,"covered":1,"skipped":0,"pct":100}}
,"/Users/blee/dev/bin/mHealth-app/lib/db/application-drafts.ts": {"lines":{"total":224,"covered":0,"skipped":0,"pct":0},"functions":{"total":1,"covered":1,"skipped":0,"pct":100},"statements":{"total":224,"covered":0,"skipped":0,"pct":0},"branches":{"total":1,"covered":1,"skipped":0,"pct":100}}
,"/Users/blee/dev/bin/mHealth-app/lib/db/benefit-orchestration.ts": {"lines":{"total":75,"covered":0,"skipped":0,"pct":0},"functions":{"total":1,"covered":1,"skipped":0,"pct":100},"statements":{"total":75,"covered":0,"skipped":0,"pct":0},"branches":{"total":1,"covered":1,"skipped":0,"pct":100}}
,"/Users/blee/dev/bin/mHealth-app/lib/db/documents.ts": {"lines":{"total":83,"covered":0,"skipped":0,"pct":0},"functions":{"total":1,"covered":1,"skipped":0,"pct":100},"statements":{"total":83,"covered":0,"skipped":0,"pct":0},"branches":{"total":1,"covered":1,"skipped":0,"pct":100}}
,"/Users/blee/dev/bin/mHealth-app/lib/db/identity-verification.ts": {"lines":{"total":82,"covered":0,"skipped":0,"pct":0},"functions":{"total":1,"covered":1,"skipped":0,"pct":100},"statements":{"total":82,"covered":0,"skipped":0,"pct":0},"branches":{"total":1,"covered":1,"skipped":0,"pct":100}}
,"/Users/blee/dev/bin/mHealth-app/lib/db/invitations.ts": {"lines":{"total":57,"covered":0,"skipped":0,"pct":0},"functions":{"total":1,"covered":1,"skipped":0,"pct":100},"statements":{"total":57,"covered":0,"skipped":0,"pct":0},"branches":{"total":1,"covered":1,"skipped":0,"pct":100}}
,"/Users/blee/dev/bin/mHealth-app/lib/db/mobile-verify-session.ts": {"lines":{"total":90,"covered":0,"skipped":0,"pct":0},"functions":{"total":1,"covered":1,"skipped":0,"pct":100},"statements":{"total":90,"covered":0,"skipped":0,"pct":0},"branches":{"total":1,"covered":1,"skipped":0,"pct":100}}
,"/Users/blee/dev/bin/mHealth-app/lib/db/notifications.ts": {"lines":{"total":48,"covered":0,"skipped":0,"pct":0},"functions":{"total":1,"covered":1,"skipped":0,"pct":100},"statements":{"total":48,"covered":0,"skipped":0,"pct":0},"branches":{"total":1,"covered":1,"skipped":0,"pct":100}}
,"/Users/blee/dev/bin/mHealth-app/lib/db/server.ts": {"lines":{"total":32,"covered":30,"skipped":0,"pct":93.75},"functions":{"total":3,"covered":3,"skipped":0,"pct":100},"statements":{"total":32,"covered":30,"skipped":0,"pct":93.75},"branches":{"total":12,"covered":10,"skipped":0,"pct":83.33}}
,"/Users/blee/dev/bin/mHealth-app/lib/db/social-worker.ts": {"lines":{"total":81,"covered":0,"skipped":0,"pct":0},"functions":{"total":1,"covered":1,"skipped":0,"pct":100},"statements":{"total":81,"covered":0,"skipped":0,"pct":0},"branches":{"total":1,"covered":1,"skipped":0,"pct":100}}
,"/Users/blee/dev/bin/mHealth-app/lib/db/sw-messaging.ts": {"lines":{"total":277,"covered":0,"skipped":0,"pct":0},"functions":{"total":1,"covered":1,"skipped":0,"pct":100},"statements":{"total":277,"covered":0,"skipped":0,"pct":0},"branches":{"total":1,"covered":1,"skipped":0,"pct":100}}
,"/Users/blee/dev/bin/mHealth-app/lib/db/user-profile.ts": {"lines":{"total":163,"covered":0,"skipped":0,"pct":0},"functions":{"total":1,"covered":1,"skipped":0,"pct":100},"statements":{"total":163,"covered":0,"skipped":0,"pct":0},"branches":{"total":1,"covered":1,"skipped":0,"pct":100}}
,"/Users/blee/dev/bin/mHealth-app/lib/events/chat-events.ts": {"lines":{"total":8,"covered":8,"skipped":0,"pct":100},"functions":{"total":1,"covered":1,"skipped":0,"pct":100},"statements":{"total":8,"covered":8,"skipped":0,"pct":100},"branches":{"total":1,"covered":1,"skipped":0,"pct":100}}
,"/Users/blee/dev/bin/mHealth-app/lib/i18n/chat-widget.ts": {"lines":{"total":184,"covered":184,"skipped":0,"pct":100},"functions":{"total":1,"covered":1,"skipped":0,"pct":100},"statements":{"total":184,"covered":184,"skipped":0,"pct":100},"branches":{"total":2,"covered":2,"skipped":0,"pct":100}}
,"/Users/blee/dev/bin/mHealth-app/lib/i18n/languages.ts": {"lines":{"total":12,"covered":12,"skipped":0,"pct":100},"functions":{"total":1,"covered":1,"skipped":0,"pct":100},"statements":{"total":12,"covered":12,"skipped":0,"pct":100},"branches":{"total":2,"covered":2,"skipped":0,"pct":100}}
,"/Users/blee/dev/bin/mHealth-app/lib/i18n/messages.ts": {"lines":{"total":1395,"covered":1395,"skipped":0,"pct":100},"functions":{"total":1,"covered":1,"skipped":0,"pct":100},"statements":{"total":1395,"covered":1395,"skipped":0,"pct":100},"branches":{"total":2,"covered":1,"skipped":0,"pct":50}}
,"/Users/blee/dev/bin/mHealth-app/lib/icons/index.ts": {"lines":{"total":6,"covered":6,"skipped":0,"pct":100},"functions":{"total":0,"covered":0,"skipped":0,"pct":100},"statements":{"total":6,"covered":6,"skipped":0,"pct":100},"branches":{"total":0,"covered":0,"skipped":0,"pct":100}}
,"/Users/blee/dev/bin/mHealth-app/lib/identity/aamva-parser.ts": {"lines":{"total":135,"covered":0,"skipped":0,"pct":0},"functions":{"total":1,"covered":1,"skipped":0,"pct":100},"statements":{"total":135,"covered":0,"skipped":0,"pct":0},"branches":{"total":1,"covered":1,"skipped":0,"pct":100}}
,"/Users/blee/dev/bin/mHealth-app/lib/identity/verify-license.ts": {"lines":{"total":92,"covered":0,"skipped":0,"pct":0},"functions":{"total":1,"covered":1,"skipped":0,"pct":100},"statements":{"total":92,"covered":0,"skipped":0,"pct":0},"branches":{"total":1,"covered":1,"skipped":0,"pct":100}}
,"/Users/blee/dev/bin/mHealth-app/lib/masshealth/aca3-eligibility-engine.ts": {"lines":{"total":288,"covered":282,"skipped":0,"pct":97.91},"functions":{"total":6,"covered":6,"skipped":0,"pct":100},"statements":{"total":288,"covered":282,"skipped":0,"pct":97.91},"branches":{"total":98,"covered":92,"skipped":0,"pct":93.87}}
,"/Users/blee/dev/bin/mHealth-app/lib/masshealth/aca3-requirements.ts": {"lines":{"total":204,"covered":196,"skipped":0,"pct":96.07},"functions":{"total":9,"covered":9,"skipped":0,"pct":100},"statements":{"total":204,"covered":196,"skipped":0,"pct":96.07},"branches":{"total":54,"covered":43,"skipped":0,"pct":79.62}}
,"/Users/blee/dev/bin/mHealth-app/lib/masshealth/aca3ap-eligibility-engine.ts": {"lines":{"total":275,"covered":0,"skipped":0,"pct":0},"functions":{"total":1,"covered":1,"skipped":0,"pct":100},"statements":{"total":275,"covered":0,"skipped":0,"pct":0},"branches":{"total":1,"covered":1,"skipped":0,"pct":100}}
,"/Users/blee/dev/bin/mHealth-app/lib/masshealth/aca3ap-requirements.ts": {"lines":{"total":149,"covered":0,"skipped":0,"pct":0},"functions":{"total":1,"covered":1,"skipped":0,"pct":100},"statements":{"total":149,"covered":0,"skipped":0,"pct":0},"branches":{"total":1,"covered":1,"skipped":0,"pct":100}}
,"/Users/blee/dev/bin/mHealth-app/lib/masshealth/application-checks.ts": {"lines":{"total":254,"covered":0,"skipped":0,"pct":0},"functions":{"total":1,"covered":1,"skipped":0,"pct":100},"statements":{"total":254,"covered":0,"skipped":0,"pct":0},"branches":{"total":1,"covered":1,"skipped":0,"pct":100}}
,"/Users/blee/dev/bin/mHealth-app/lib/masshealth/application-types.ts": {"lines":{"total":59,"covered":59,"skipped":0,"pct":100},"functions":{"total":2,"covered":2,"skipped":0,"pct":100},"statements":{"total":59,"covered":59,"skipped":0,"pct":100},"branches":{"total":7,"covered":7,"skipped":0,"pct":100}}
,"/Users/blee/dev/bin/mHealth-app/lib/masshealth/chat-knowledge.ts": {"lines":{"total":996,"covered":675,"skipped":0,"pct":67.77},"functions":{"total":23,"covered":8,"skipped":0,"pct":34.78},"statements":{"total":996,"covered":675,"skipped":0,"pct":67.77},"branches":{"total":28,"covered":22,"skipped":0,"pct":78.57}}
,"/Users/blee/dev/bin/mHealth-app/lib/masshealth/constants.ts": {"lines":{"total":17,"covered":17,"skipped":0,"pct":100},"functions":{"total":0,"covered":0,"skipped":0,"pct":100},"statements":{"total":17,"covered":17,"skipped":0,"pct":100},"branches":{"total":0,"covered":0,"skipped":0,"pct":100}}
,"/Users/blee/dev/bin/mHealth-app/lib/masshealth/extract-auto-client.ts": {"lines":{"total":59,"covered":53,"skipped":0,"pct":89.83},"functions":{"total":3,"covered":3,"skipped":0,"pct":100},"statements":{"total":59,"covered":53,"skipped":0,"pct":89.83},"branches":{"total":24,"covered":20,"skipped":0,"pct":83.33}}
,"/Users/blee/dev/bin/mHealth-app/lib/masshealth/extract-workflow-client.ts": {"lines":{"total":60,"covered":52,"skipped":0,"pct":86.66},"functions":{"total":3,"covered":3,"skipped":0,"pct":100},"statements":{"total":60,"covered":52,"skipped":0,"pct":86.66},"branches":{"total":25,"covered":20,"skipped":0,"pct":80}}
,"/Users/blee/dev/bin/mHealth-app/lib/masshealth/fact-extraction.ts": {"lines":{"total":161,"covered":55,"skipped":0,"pct":34.16},"functions":{"total":8,"covered":3,"skipped":0,"pct":37.5},"statements":{"total":161,"covered":55,"skipped":0,"pct":34.16},"branches":{"total":45,"covered":40,"skipped":0,"pct":88.88}}
,"/Users/blee/dev/bin/mHealth-app/lib/masshealth/form-field-extraction.ts": {"lines":{"total":225,"covered":0,"skipped":0,"pct":0},"functions":{"total":1,"covered":1,"skipped":0,"pct":100},"statements":{"total":225,"covered":0,"skipped":0,"pct":0},"branches":{"total":1,"covered":1,"skipped":0,"pct":100}}
,"/Users/blee/dev/bin/mHealth-app/lib/masshealth/form-sections.ts": {"lines":{"total":60,"covered":0,"skipped":0,"pct":0},"functions":{"total":1,"covered":1,"skipped":0,"pct":100},"statements":{"total":60,"covered":0,"skipped":0,"pct":0},"branches":{"total":1,"covered":1,"skipped":0,"pct":100}}
,"/Users/blee/dev/bin/mHealth-app/lib/masshealth/household-relationships.ts": {"lines":{"total":56,"covered":50,"skipped":0,"pct":89.28},"functions":{"total":4,"covered":4,"skipped":0,"pct":100},"statements":{"total":56,"covered":50,"skipped":0,"pct":89.28},"branches":{"total":13,"covered":5,"skipped":0,"pct":38.46}}
,"/Users/blee/dev/bin/mHealth-app/lib/masshealth/knowledge-center.ts": {"lines":{"total":393,"covered":393,"skipped":0,"pct":100},"functions":{"total":4,"covered":4,"skipped":0,"pct":100},"statements":{"total":393,"covered":393,"skipped":0,"pct":100},"branches":{"total":8,"covered":8,"skipped":0,"pct":100}}
,"/Users/blee/dev/bin/mHealth-app/lib/masshealth/ollama-client.ts": {"lines":{"total":53,"covered":0,"skipped":0,"pct":0},"functions":{"total":1,"covered":1,"skipped":0,"pct":100},"statements":{"total":53,"covered":0,"skipped":0,"pct":0},"branches":{"total":1,"covered":1,"skipped":0,"pct":100}}
,"/Users/blee/dev/bin/mHealth-app/lib/notifications/email-templates.styles.ts": {"lines":{"total":10,"covered":0,"skipped":0,"pct":0},"functions":{"total":1,"covered":1,"skipped":0,"pct":100},"statements":{"total":10,"covered":0,"skipped":0,"pct":0},"branches":{"total":1,"covered":1,"skipped":0,"pct":100}}
,"/Users/blee/dev/bin/mHealth-app/lib/notifications/service.ts": {"lines":{"total":364,"covered":254,"skipped":0,"pct":69.78},"functions":{"total":22,"covered":18,"skipped":0,"pct":81.81},"statements":{"total":364,"covered":254,"skipped":0,"pct":69.78},"branches":{"total":46,"covered":42,"skipped":0,"pct":91.3}}
,"/Users/blee/dev/bin/mHealth-app/lib/pdf/extract-pdf-json.ts": {"lines":{"total":91,"covered":64,"skipped":0,"pct":70.32},"functions":{"total":4,"covered":4,"skipped":0,"pct":100},"statements":{"total":91,"covered":64,"skipped":0,"pct":70.32},"branches":{"total":22,"covered":5,"skipped":0,"pct":22.72}}
,"/Users/blee/dev/bin/mHealth-app/lib/pdf/masshealth-aca-payload.ts": {"lines":{"total":26,"covered":26,"skipped":0,"pct":100},"functions":{"total":0,"covered":0,"skipped":0,"pct":100},"statements":{"total":26,"covered":26,"skipped":0,"pct":100},"branches":{"total":0,"covered":0,"skipped":0,"pct":100}}
,"/Users/blee/dev/bin/mHealth-app/lib/pdf/masshealth-aca.ts": {"lines":{"total":288,"covered":27,"skipped":0,"pct":9.37},"functions":{"total":6,"covered":0,"skipped":0,"pct":0},"statements":{"total":288,"covered":27,"skipped":0,"pct":9.37},"branches":{"total":0,"covered":0,"skipped":0,"pct":100}}
,"/Users/blee/dev/bin/mHealth-app/lib/rag/constants.ts": {"lines":{"total":45,"covered":45,"skipped":0,"pct":100},"functions":{"total":0,"covered":0,"skipped":0,"pct":100},"statements":{"total":45,"covered":45,"skipped":0,"pct":100},"branches":{"total":0,"covered":0,"skipped":0,"pct":100}}
,"/Users/blee/dev/bin/mHealth-app/lib/rag/embed.ts": {"lines":{"total":39,"covered":37,"skipped":0,"pct":94.87},"functions":{"total":4,"covered":4,"skipped":0,"pct":100},"statements":{"total":39,"covered":37,"skipped":0,"pct":94.87},"branches":{"total":11,"covered":10,"skipped":0,"pct":90.9}}
,"/Users/blee/dev/bin/mHealth-app/lib/rag/ingest.ts": {"lines":{"total":153,"covered":44,"skipped":0,"pct":28.75},"functions":{"total":6,"covered":1,"skipped":0,"pct":16.66},"statements":{"total":153,"covered":44,"skipped":0,"pct":28.75},"branches":{"total":22,"covered":20,"skipped":0,"pct":90.9}}
,"/Users/blee/dev/bin/mHealth-app/lib/rag/retrieve.ts": {"lines":{"total":38,"covered":13,"skipped":0,"pct":34.21},"functions":{"total":2,"covered":1,"skipped":0,"pct":50},"statements":{"total":38,"covered":13,"skipped":0,"pct":34.21},"branches":{"total":5,"covered":5,"skipped":0,"pct":100}}
,"/Users/blee/dev/bin/mHealth-app/lib/server/logger.ts": {"lines":{"total":124,"covered":120,"skipped":0,"pct":96.77},"functions":{"total":9,"covered":9,"skipped":0,"pct":100},"statements":{"total":124,"covered":120,"skipped":0,"pct":96.77},"branches":{"total":50,"covered":45,"skipped":0,"pct":90}}
,"/Users/blee/dev/bin/mHealth-app/lib/supabase/authenticated-fetch.ts": {"lines":{"total":23,"covered":8,"skipped":0,"pct":34.78},"functions":{"total":1,"covered":1,"skipped":0,"pct":100},"statements":{"total":23,"covered":8,"skipped":0,"pct":34.78},"branches":{"total":4,"covered":1,"skipped":0,"pct":25}}
,"/Users/blee/dev/bin/mHealth-app/lib/supabase/server.ts": {"lines":{"total":27,"covered":0,"skipped":0,"pct":0},"functions":{"total":1,"covered":1,"skipped":0,"pct":100},"statements":{"total":27,"covered":0,"skipped":0,"pct":0},"branches":{"total":1,"covered":1,"skipped":0,"pct":100}}
,"/Users/blee/dev/bin/mHealth-app/lib/supabase/storage.ts": {"lines":{"total":186,"covered":0,"skipped":0,"pct":0},"functions":{"total":1,"covered":1,"skipped":0,"pct":100},"statements":{"total":186,"covered":0,"skipped":0,"pct":0},"branches":{"total":1,"covered":1,"skipped":0,"pct":100}}
,"/Users/blee/dev/bin/mHealth-app/lib/user-profile/constants.ts": {"lines":{"total":32,"covered":32,"skipped":0,"pct":100},"functions":{"total":0,"covered":0,"skipped":0,"pct":100},"statements":{"total":32,"covered":32,"skipped":0,"pct":100},"branches":{"total":0,"covered":0,"skipped":0,"pct":100}}
,"/Users/blee/dev/bin/mHealth-app/lib/user-profile/encrypt.ts": {"lines":{"total":40,"covered":40,"skipped":0,"pct":100},"functions":{"total":3,"covered":3,"skipped":0,"pct":100},"statements":{"total":40,"covered":40,"skipped":0,"pct":100},"branches":{"total":13,"covered":13,"skipped":0,"pct":100}}
,"/Users/blee/dev/bin/mHealth-app/lib/utils/aamva.ts": {"lines":{"total":95,"covered":79,"skipped":0,"pct":83.15},"functions":{"total":7,"covered":6,"skipped":0,"pct":85.71},"statements":{"total":95,"covered":79,"skipped":0,"pct":83.15},"branches":{"total":45,"covered":42,"skipped":0,"pct":93.33}}
,"/Users/blee/dev/bin/mHealth-app/lib/utils/aca3-form.ts": {"lines":{"total":236,"covered":23,"skipped":0,"pct":9.74},"functions":{"total":16,"covered":1,"skipped":0,"pct":6.25},"statements":{"total":236,"covered":23,"skipped":0,"pct":9.74},"branches":{"total":2,"covered":2,"skipped":0,"pct":100}}
,"/Users/blee/dev/bin/mHealth-app/lib/utils/address-parse.ts": {"lines":{"total":28,"covered":26,"skipped":0,"pct":92.85},"functions":{"total":2,"covered":2,"skipped":0,"pct":100},"statements":{"total":28,"covered":26,"skipped":0,"pct":92.85},"branches":{"total":15,"covered":11,"skipped":0,"pct":73.33}}
,"/Users/blee/dev/bin/mHealth-app/lib/utils/date-of-birth.ts": {"lines":{"total":78,"covered":76,"skipped":0,"pct":97.43},"functions":{"total":5,"covered":5,"skipped":0,"pct":100},"statements":{"total":78,"covered":76,"skipped":0,"pct":97.43},"branches":{"total":22,"covered":21,"skipped":0,"pct":95.45}}
,"/Users/blee/dev/bin/mHealth-app/lib/utils/format.ts": {"lines":{"total":90,"covered":90,"skipped":0,"pct":100},"functions":{"total":10,"covered":10,"skipped":0,"pct":100},"statements":{"total":90,"covered":90,"skipped":0,"pct":100},"branches":{"total":44,"covered":42,"skipped":0,"pct":95.45}}
,"/Users/blee/dev/bin/mHealth-app/lib/utils/input-format.ts": {"lines":{"total":54,"covered":54,"skipped":0,"pct":100},"functions":{"total":6,"covered":6,"skipped":0,"pct":100},"statements":{"total":54,"covered":54,"skipped":0,"pct":100},"branches":{"total":21,"covered":20,"skipped":0,"pct":95.23}}
,"/Users/blee/dev/bin/mHealth-app/lib/utils/person-name.ts": {"lines":{"total":14,"covered":14,"skipped":0,"pct":100},"functions":{"total":3,"covered":3,"skipped":0,"pct":100},"statements":{"total":14,"covered":14,"skipped":0,"pct":100},"branches":{"total":5,"covered":5,"skipped":0,"pct":100}}
,"/Users/blee/dev/bin/mHealth-app/lib/utils/random-id.ts": {"lines":{"total":21,"covered":21,"skipped":0,"pct":100},"functions":{"total":2,"covered":2,"skipped":0,"pct":100},"statements":{"total":21,"covered":21,"skipped":0,"pct":100},"branches":{"total":12,"covered":12,"skipped":0,"pct":100}}
}
