TN:
SF:app/api/address/validate/constants.ts
FNF:0
FNH:0
DA:6,1
DA:8,1
DA:9,1
DA:10,1
DA:12,1
DA:13,1
DA:14,1
DA:15,1
DA:16,1
DA:17,1
DA:18,1
DA:20,1
DA:21,1
DA:22,1
DA:23,1
DA:25,1
DA:26,1
DA:27,1
LF:18
LH:18
BRF:0
BRH:0
end_of_record
TN:
SF:app/api/address/validate/route.ts
FN:95,digitsOnly
FN:99,parseStateCode
FN:109,toNormalizedAddress
FN:132,queryToAddress
FN:136,buildSearchUrl
FN:151,hasGoogleGeocodingKey
FN:155,getGoogleComponent
FN:162,toNormalizedAddressFromGoogle
FN:187,geocodeWithGoogle
FN:215,geocodeWithNominatim
FN:238,isAddressMatch
FN:250,POST
FNF:12
FNH:9
FNDA:2,digitsOnly
FNDA:1,parseStateCode
FNDA:1,toNormalizedAddress
FNDA:3,queryToAddress
FNDA:3,buildSearchUrl
FNDA:3,hasGoogleGeocodingKey
FNDA:0,getGoogleComponent
FNDA:0,toNormalizedAddressFromGoogle
FNDA:0,geocodeWithGoogle
FNDA:3,geocodeWithNominatim
FNDA:1,isAddressMatch
FNDA:4,POST
DA:6,1
DA:7,1
DA:8,1
DA:9,1
DA:10,1
DA:30,1
DA:32,1
DA:33,1
DA:34,1
DA:35,1
DA:36,1
DA:37,1
DA:93,1
DA:95,2
DA:96,2
DA:97,2
DA:99,1
DA:100,1
DA:102,1
DA:103,1
DA:104,1
DA:106,0
DA:107,0
DA:109,1
DA:110,1
DA:111,1
DA:112,1
DA:113,1
DA:114,1
DA:115,1
DA:116,1
DA:117,1
DA:118,1
DA:120,1
DA:121,1
DA:122,1
DA:123,1
DA:124,1
DA:125,1
DA:126,1
DA:127,1
DA:128,1
DA:129,1
DA:130,1
DA:132,3
DA:133,3
DA:134,3
DA:136,3
DA:137,3
DA:138,3
DA:139,3
DA:140,3
DA:141,3
DA:142,3
DA:144,3
DA:145,0
DA:146,0
DA:148,3
DA:149,3
DA:151,3
DA:152,3
DA:153,3
DA:155,0
DA:156,0
DA:157,0
DA:158,0
DA:159,0
DA:160,0
DA:162,0
DA:163,0
DA:164,0
DA:165,0
DA:166,0
DA:167,0
DA:168,0
DA:169,0
DA:170,0
DA:171,0
DA:172,0
DA:173,0
DA:175,0
DA:176,0
DA:177,0
DA:178,0
DA:179,0
DA:180,0
DA:181,0
DA:182,0
DA:183,0
DA:184,0
DA:185,0
DA:187,0
DA:188,0
DA:189,0
DA:190,0
DA:191,0
DA:193,0
DA:194,0
DA:195,0
DA:196,0
DA:198,0
DA:199,0
DA:200,0
DA:201,0
DA:203,0
DA:204,0
DA:205,0
DA:207,0
DA:208,0
DA:209,0
DA:210,0
DA:212,0
DA:213,0
DA:215,3
DA:216,3
DA:217,3
DA:218,3
DA:219,3
DA:220,3
DA:221,3
DA:222,3
DA:223,3
DA:224,3
DA:226,3
DA:227,1
DA:228,1
DA:230,2
DA:231,3
DA:232,1
DA:233,1
DA:235,1
DA:236,1
DA:238,1
DA:239,1
DA:240,1
DA:241,1
DA:242,1
DA:243,1
DA:244,1
DA:245,1
DA:247,1
DA:248,1
DA:250,4
DA:251,4
DA:252,4
DA:253,4
DA:254,0
DA:255,0
DA:257,4
DA:258,4
DA:260,4
DA:261,4
DA:262,4
DA:263,4
DA:264,4
DA:265,4
DA:267,4
DA:268,0
DA:269,3
DA:271,4
DA:272,1
DA:273,1
DA:274,1
DA:275,1
DA:276,1
DA:277,1
DA:279,1
DA:281,1
DA:282,1
DA:283,1
DA:284,1
DA:285,1
DA:286,1
DA:287,1
DA:288,1
DA:290,0
DA:291,0
DA:292,0
DA:293,0
DA:294,0
DA:295,0
DA:296,4
DA:297,2
DA:298,2
DA:300,2
DA:301,1
DA:302,1
DA:303,1
DA:304,1
DA:305,1
DA:307,2
DA:308,2
DA:309,2
DA:310,2
DA:311,2
DA:312,1
DA:313,1
DA:314,1
DA:315,0
DA:316,2
DA:317,2
DA:318,2
DA:319,2
DA:320,2
DA:321,2
DA:322,4
LF:206
LH:141
BRDA:95,0,0,2
BRDA:99,1,0,1
BRDA:103,2,0,0
BRDA:104,3,0,0
BRDA:109,4,0,1
BRDA:115,5,0,0
BRDA:115,6,0,0
BRDA:115,7,0,0
BRDA:115,8,0,0
BRDA:117,9,0,0
BRDA:118,10,0,0
BRDA:132,11,0,3
BRDA:136,12,0,3
BRDA:144,13,0,0
BRDA:151,14,0,3
BRDA:152,15,0,0
BRDA:215,16,0,3
BRDA:226,17,0,1
BRDA:228,18,0,2
BRDA:231,19,0,1
BRDA:238,20,0,1
BRDA:250,21,0,4
BRDA:253,22,0,0
BRDA:267,23,0,0
BRDA:268,24,0,3
BRDA:269,25,0,2
BRDA:271,26,0,1
BRDA:288,27,0,0
BRDA:296,28,0,2
BRDA:300,29,0,1
BRDA:311,30,0,1
BRDA:312,31,0,1
BRDA:314,32,0,0
BRDA:318,33,0,1
BRDA:318,34,0,1
BRDA:318,35,0,0
BRF:36
BRH:21
end_of_record
TN:
SF:app/api/admin/companies/route.ts
FN:17,GET
FN:31,POST
FN:64,PATCH
FNF:3
FNH:3
FNDA:7,GET
FNDA:8,POST
FNDA:9,PATCH
DA:6,1
DA:7,1
DA:8,1
DA:15,1
DA:17,7
DA:18,7
DA:19,7
DA:21,5
DA:22,7
DA:23,7
DA:24,7
DA:25,7
DA:27,7
DA:28,5
DA:29,5
DA:31,8
DA:32,8
DA:33,8
DA:35,6
DA:46,8
DA:47,3
DA:48,3
DA:50,3
DA:51,3
DA:52,3
DA:53,3
DA:54,3
DA:55,3
DA:56,3
DA:57,3
DA:58,3
DA:59,3
DA:61,3
DA:62,3
DA:64,9
DA:65,9
DA:66,9
DA:68,7
DA:74,9
DA:75,2
DA:76,2
DA:78,9
DA:79,2
DA:80,2
DA:81,2
DA:83,9
DA:84,2
DA:85,1
DA:86,1
DA:87,1
DA:88,1
DA:89,1
DA:91,1
DA:92,1
LF:54
LH:54
BRDA:17,0,0,7
BRDA:19,1,0,2
BRDA:19,2,0,5
BRDA:22,3,0,4
BRDA:23,4,0,4
BRDA:24,5,0,3
BRDA:25,6,0,4
BRDA:27,7,0,5
BRDA:31,8,0,8
BRDA:33,9,0,2
BRDA:33,10,0,6
BRDA:46,11,0,4
BRDA:46,12,0,3
BRDA:35,13,0,1
BRDA:64,14,0,9
BRDA:66,15,0,2
BRDA:66,16,0,7
BRDA:74,17,0,6
BRDA:74,18,0,2
BRDA:76,19,0,5
BRDA:78,20,0,4
BRDA:78,21,0,2
BRDA:79,22,0,1
BRDA:79,23,0,1
BRDA:81,24,0,3
BRDA:83,25,0,2
BRDA:84,26,0,1
BRDA:89,27,0,1
BRF:28
BRH:28
end_of_record
TN:
SF:app/api/admin/social-workers/route.ts
FN:12,GET
FN:27,PATCH
FNF:2
FNH:2
FNDA:7,GET
FNDA:9,PATCH
DA:6,1
DA:7,1
DA:8,1
DA:10,1
DA:12,7
DA:13,7
DA:14,7
DA:16,5
DA:17,7
DA:18,7
DA:19,7
DA:20,7
DA:21,7
DA:23,7
DA:24,5
DA:25,5
DA:27,9
DA:28,9
DA:29,9
DA:31,7
DA:37,9
DA:38,3
DA:39,3
DA:41,9
DA:42,1
DA:43,1
DA:45,3
DA:46,3
DA:47,9
DA:48,9
DA:49,9
DA:50,9
DA:52,3
DA:53,3
LF:34
LH:34
BRDA:12,0,0,7
BRDA:14,1,0,2
BRDA:14,2,0,5
BRDA:17,3,0,4
BRDA:18,4,0,4
BRDA:19,5,0,4
BRDA:20,6,0,3
BRDA:21,7,0,4
BRDA:23,8,0,5
BRDA:27,9,0,9
BRDA:29,10,0,2
BRDA:29,11,0,7
BRDA:37,12,0,5
BRDA:37,13,0,3
BRDA:39,14,0,4
BRDA:41,15,0,3
BRDA:41,16,0,1
BRDA:43,17,0,3
BRDA:47,18,0,1
BRDA:47,19,0,2
BRDA:50,20,0,3
BRDA:31,21,0,1
BRF:22
BRH:22
end_of_record
TN:
SF:app/api/admin/stats/route.ts
FN:12,GET
FNF:1
FNH:1
FNDA:5,GET
DA:6,1
DA:7,1
DA:8,1
DA:10,1
DA:12,5
DA:13,5
DA:14,5
DA:16,3
DA:17,2
DA:18,2
LF:10
LH:10
BRDA:12,0,0,5
BRDA:14,1,0,2
BRDA:14,2,0,3
BRDA:16,3,0,2
BRF:4
BRH:4
end_of_record
TN:
SF:app/api/admin/users/route.ts
FN:12,GET
FN:34,PATCH
FNF:2
FNH:2
FNDA:9,GET
FNDA:14,PATCH
DA:6,1
DA:7,1
DA:8,1
DA:10,1
DA:12,9
DA:13,9
DA:14,9
DA:16,7
DA:17,9
DA:18,9
DA:19,9
DA:20,9
DA:21,9
DA:24,9
DA:26,9
DA:27,9
DA:28,9
DA:29,9
DA:31,9
DA:32,9
DA:34,14
DA:35,14
DA:36,14
DA:38,12
DA:46,14
DA:47,3
DA:48,3
DA:50,14
DA:51,4
DA:52,2
DA:53,2
DA:54,2
DA:55,2
DA:56,2
DA:58,14
DA:59,4
DA:60,2
DA:61,2
DA:62,2
DA:63,2
DA:64,2
DA:66,1
DA:67,1
LF:43
LH:43
BRDA:12,0,0,9
BRDA:14,1,0,2
BRDA:14,2,0,7
BRDA:17,3,0,6
BRDA:18,4,0,6
BRDA:19,5,0,6
BRDA:20,6,0,6
BRDA:21,7,0,7
BRDA:28,8,0,2
BRDA:28,9,0,5
BRDA:29,10,0,7
BRDA:31,11,0,2
BRDA:31,12,0,5
BRDA:34,13,0,14
BRDA:36,14,0,2
BRDA:36,15,0,12
BRDA:46,16,0,10
BRDA:46,17,0,3
BRDA:48,18,0,9
BRDA:50,19,0,4
BRDA:51,20,0,2
BRDA:56,21,0,5
BRDA:58,22,0,4
BRDA:59,23,0,3
BRDA:59,24,0,2
BRDA:64,25,0,1
BRDA:38,26,0,1
BRF:27
BRH:27
end_of_record
TN:
SF:app/api/admin/users/invite/route.ts
FN:20,POST
FN:75,buildInviteEmailHtml
FNF:2
FNH:2
FNDA:16,POST
FNDA:3,buildInviteEmailHtml
DA:9,1
DA:10,1
DA:11,1
DA:12,1
DA:13,1
DA:15,1
DA:17,1
DA:18,1
DA:20,16
DA:21,16
DA:22,16
DA:24,16
DA:25,16
DA:27,14
DA:33,16
DA:34,3
DA:35,3
DA:37,11
DA:38,16
DA:39,2
DA:40,2
DA:42,9
DA:43,9
DA:44,16
DA:45,16
DA:46,16
DA:47,16
DA:49,9
DA:52,9
DA:53,16
DA:54,3
DA:55,3
DA:56,3
DA:57,3
DA:58,3
DA:59,3
DA:60,3
DA:61,2
DA:62,3
DA:63,1
DA:65,1
DA:66,16
DA:67,6
DA:68,6
DA:69,6
DA:71,16
DA:72,16
DA:73,16
DA:75,3
DA:76,3
DA:82,3
DA:95,3
LF:52
LH:52
BRDA:17,0,0,1
BRDA:20,1,0,16
BRDA:25,2,0,2
BRDA:25,3,0,14
BRDA:33,4,0,12
BRDA:33,5,0,3
BRDA:35,6,0,11
BRDA:38,7,0,2
BRDA:40,8,0,9
BRDA:44,9,0,8
BRDA:45,10,0,8
BRDA:47,11,0,9
BRDA:53,12,0,3
BRDA:60,13,0,2
BRDA:62,14,0,1
BRDA:66,15,0,6
BRDA:69,16,0,9
BRDA:71,17,0,8
BRDA:27,18,0,1
BRDA:75,19,0,3
BRF:20
BRH:20
end_of_record
TN:
SF:app/api/appeals/analyze/route.ts
FN:1,(empty-report)
FNF:1
FNH:1
FNDA:1,(empty-report)
DA:6,0
DA:7,0
DA:8,0
DA:9,0
DA:10,0
DA:11,0
DA:12,0
DA:22,0
DA:30,0
DA:32,0
DA:33,0
DA:34,0
DA:35,0
DA:36,0
DA:42,0
DA:43,0
DA:44,0
DA:45,0
DA:47,0
DA:49,0
DA:50,0
DA:51,0
DA:52,0
DA:53,0
DA:55,0
DA:56,0
DA:57,0
DA:58,0
DA:59,0
DA:60,0
DA:61,0
DA:63,0
DA:64,0
DA:65,0
DA:66,0
DA:67,0
DA:69,0
DA:70,0
DA:71,0
DA:72,0
DA:74,0
DA:75,0
DA:76,0
DA:77,0
DA:78,0
DA:80,0
DA:81,0
DA:82,0
DA:83,0
DA:84,0
DA:86,0
DA:87,0
DA:88,0
DA:89,0
DA:90,0
DA:92,0
DA:94,0
DA:95,0
DA:96,0
DA:97,0
DA:98,0
DA:99,0
DA:100,0
DA:101,0
DA:102,0
DA:103,0
DA:104,0
DA:105,0
DA:106,0
DA:107,0
DA:108,0
DA:109,0
DA:110,0
DA:112,0
DA:113,0
DA:114,0
DA:116,0
DA:117,0
DA:118,0
DA:119,0
DA:120,0
DA:122,0
DA:123,0
DA:124,0
DA:125,0
DA:127,0
DA:128,0
DA:129,0
DA:130,0
DA:131,0
DA:132,0
LF:91
LH:0
BRDA:1,0,0,1
BRF:1
BRH:1
end_of_record
TN:
SF:app/api/appeals/extract-document/route.ts
FN:1,(empty-report)
FNF:1
FNH:1
FNDA:1,(empty-report)
DA:6,0
DA:7,0
DA:8,0
DA:9,0
DA:10,0
DA:21,0
DA:27,0
DA:33,0
DA:34,0
DA:35,0
DA:37,0
DA:38,0
DA:39,0
DA:41,0
DA:42,0
DA:43,0
DA:45,0
DA:46,0
DA:48,0
DA:49,0
DA:50,0
DA:51,0
DA:52,0
DA:53,0
DA:55,0
DA:56,0
DA:58,0
DA:59,0
DA:60,0
DA:61,0
DA:62,0
DA:63,0
DA:69,0
DA:70,0
DA:72,0
DA:73,0
DA:74,0
DA:75,0
DA:76,0
DA:77,0
DA:78,0
DA:79,0
DA:80,0
DA:81,0
DA:82,0
DA:83,0
DA:84,0
DA:85,0
DA:89,0
DA:90,0
DA:91,0
DA:92,0
DA:93,0
DA:95,0
DA:97,0
DA:98,0
DA:99,0
DA:101,0
DA:102,0
DA:103,0
DA:108,0
DA:109,0
DA:110,0
DA:111,0
DA:113,0
DA:114,0
DA:115,0
DA:116,0
DA:117,0
DA:118,0
DA:119,0
DA:120,0
DA:121,0
DA:122,0
DA:123,0
DA:124,0
DA:126,0
DA:127,0
DA:128,0
DA:129,0
DA:130,0
DA:131,0
DA:132,0
DA:133,0
DA:135,0
DA:136,0
DA:138,0
DA:139,0
DA:140,0
DA:141,0
DA:143,0
DA:144,0
DA:146,0
DA:147,0
DA:148,0
DA:149,0
DA:150,0
DA:151,0
DA:152,0
DA:153,0
DA:154,0
DA:156,0
DA:157,0
DA:158,0
DA:159,0
DA:161,0
DA:163,0
DA:165,0
DA:167,0
DA:168,0
DA:169,0
DA:171,0
DA:172,0
DA:173,0
DA:174,0
DA:175,0
DA:176,0
DA:177,0
DA:178,0
DA:180,0
DA:181,0
DA:182,0
DA:184,0
DA:185,0
DA:186,0
DA:187,0
DA:188,0
DA:189,0
DA:190,0
DA:191,0
LF:130
LH:0
BRDA:1,0,0,1
BRF:1
BRH:1
end_of_record
TN:
SF:app/api/applications/route.ts
FN:1,(empty-report)
FNF:1
FNH:1
FNDA:1,(empty-report)
DA:6,0
DA:8,0
DA:13,0
DA:15,0
DA:17,0
DA:18,0
DA:19,0
DA:20,0
DA:21,0
DA:22,0
DA:23,0
DA:25,0
DA:27,0
DA:28,0
DA:29,0
DA:31,0
DA:32,0
DA:33,0
DA:34,0
DA:35,0
DA:36,0
DA:38,0
DA:39,0
DA:40,0
DA:41,0
DA:42,0
DA:44,0
DA:45,0
DA:47,0
DA:48,0
DA:49,0
DA:50,0
DA:51,0
DA:52,0
DA:54,0
DA:55,0
DA:56,0
DA:57,0
DA:58,0
DA:59,0
DA:60,0
DA:61,0
DA:62,0
DA:63,0
DA:64,0
DA:65,0
DA:66,0
DA:67,0
DA:69,0
DA:70,0
DA:71,0
DA:72,0
DA:73,0
DA:74,0
DA:76,0
DA:77,0
DA:78,0
DA:79,0
DA:80,0
DA:81,0
DA:83,0
DA:88,0
DA:89,0
DA:90,0
DA:91,0
DA:92,0
DA:93,0
DA:94,0
DA:96,0
DA:97,0
DA:98,0
DA:99,0
DA:100,0
DA:101,0
DA:102,0
DA:104,0
DA:105,0
DA:106,0
DA:107,0
DA:108,0
DA:109,0
DA:110,0
DA:111,0
DA:112,0
DA:113,0
DA:114,0
DA:115,0
DA:116,0
DA:117,0
DA:119,0
DA:120,0
DA:121,0
DA:122,0
DA:123,0
DA:124,0
LF:95
LH:0
BRDA:1,0,0,1
BRF:1
BRH:1
end_of_record
TN:
SF:app/api/applications/[applicationId]/documents/route.ts
FN:49,extractBearerToken
FN:59,GET
FN:109,POST
FNF:3
FNH:2
FNDA:1,extractBearerToken
FNDA:0,GET
FNDA:2,POST
DA:6,1
DA:7,1
DA:9,1
DA:10,1
DA:15,1
DA:22,1
DA:28,1
DA:29,1
DA:31,1
DA:32,1
DA:33,1
DA:34,1
DA:35,1
DA:36,1
DA:37,1
DA:39,1
DA:49,1
DA:50,1
DA:51,1
DA:52,1
DA:53,1
DA:59,0
DA:60,0
DA:61,0
DA:62,0
DA:64,0
DA:65,0
DA:66,0
DA:67,0
DA:68,0
DA:69,0
DA:70,0
DA:72,0
DA:73,0
DA:74,0
DA:75,0
DA:76,0
DA:77,0
DA:78,0
DA:79,0
DA:80,0
DA:81,0
DA:82,0
DA:83,0
DA:84,0
DA:86,0
DA:87,0
DA:88,0
DA:89,0
DA:90,0
DA:91,0
DA:92,0
DA:93,0
DA:94,0
DA:95,0
DA:96,0
DA:109,2
DA:110,2
DA:111,2
DA:112,2
DA:114,2
DA:115,2
DA:116,0
DA:117,0
DA:118,0
DA:119,0
DA:120,0
DA:122,2
DA:123,1
DA:124,1
DA:125,1
DA:126,1
DA:127,1
DA:130,1
DA:131,1
DA:132,1
DA:133,2
DA:134,0
DA:135,0
DA:136,0
DA:137,0
DA:138,0
DA:140,1
DA:141,2
DA:142,0
DA:143,0
DA:144,0
DA:145,0
DA:146,0
DA:149,2
DA:150,0
DA:151,0
DA:152,0
DA:153,0
DA:154,0
DA:155,0
DA:156,0
DA:157,0
DA:160,2
DA:161,0
DA:162,0
DA:163,0
DA:164,0
DA:165,0
DA:167,1
DA:168,2
DA:169,2
DA:172,2
DA:173,2
DA:174,2
DA:175,2
DA:176,2
DA:177,2
DA:178,2
DA:181,2
DA:182,1
DA:184,1
DA:187,1
DA:188,1
DA:189,1
DA:190,1
DA:191,1
DA:192,1
DA:195,1
DA:196,1
DA:197,1
DA:198,1
DA:199,1
DA:200,1
DA:201,1
DA:202,1
DA:203,1
DA:204,1
DA:205,1
DA:207,1
DA:208,1
DA:209,1
DA:210,1
DA:212,0
DA:213,1
DA:214,1
DA:215,1
DA:216,1
DA:217,1
DA:220,0
DA:221,0
DA:222,0
DA:223,0
DA:225,0
DA:227,0
DA:228,0
DA:229,0
DA:230,0
DA:231,0
DA:232,0
DA:233,0
DA:234,0
DA:235,0
DA:236,0
DA:237,0
DA:238,0
DA:239,0
DA:240,0
DA:241,0
DA:242,0
DA:243,0
DA:244,0
DA:245,0
DA:246,0
DA:247,0
DA:248,0
DA:249,0
DA:250,0
DA:251,0
DA:252,0
DA:253,0
DA:254,0
DA:255,0
DA:256,0
DA:257,0
DA:258,0
DA:259,0
DA:260,0
DA:261,0
DA:262,2
LF:185
LH:81
BRDA:49,0,0,1
BRDA:52,1,0,0
BRDA:52,2,0,0
BRDA:109,3,0,2
BRDA:112,4,0,0
BRDA:115,5,0,0
BRDA:122,6,0,1
BRDA:133,7,0,0
BRDA:138,8,0,1
BRDA:141,9,0,0
BRDA:146,10,0,1
BRDA:149,11,0,0
BRDA:157,12,0,1
BRDA:160,13,0,0
BRDA:165,14,0,1
BRDA:169,15,0,1
BRDA:181,16,0,1
BRDA:210,17,0,0
BRDA:217,18,0,0
BRF:19
BRH:9
end_of_record
TN:
SF:app/api/applications/[applicationId]/documents/[documentId]/route.ts
FN:1,(empty-report)
FNF:1
FNH:0
FNDA:0,(empty-report)
DA:1,0
DA:2,0
DA:3,0
DA:4,0
DA:5,0
DA:6,0
DA:7,0
DA:8,0
DA:9,0
DA:10,0
DA:11,0
DA:12,0
DA:13,0
DA:14,0
DA:15,0
DA:16,0
DA:17,0
DA:18,0
DA:19,0
DA:20,0
DA:21,0
DA:22,0
DA:23,0
DA:24,0
DA:25,0
DA:26,0
DA:27,0
DA:28,0
DA:29,0
DA:30,0
DA:31,0
DA:32,0
DA:33,0
DA:34,0
DA:35,0
DA:36,0
DA:37,0
DA:38,0
DA:39,0
DA:40,0
DA:41,0
DA:42,0
DA:43,0
DA:44,0
DA:45,0
DA:46,0
DA:47,0
DA:48,0
DA:49,0
DA:50,0
DA:51,0
DA:52,0
DA:53,0
DA:54,0
DA:55,0
DA:56,0
DA:57,0
DA:58,0
DA:59,0
DA:60,0
DA:61,0
DA:62,0
DA:63,0
DA:64,0
DA:65,0
DA:66,0
DA:67,0
DA:68,0
DA:69,0
DA:70,0
DA:71,0
DA:72,0
DA:73,0
DA:74,0
DA:75,0
DA:76,0
DA:77,0
DA:78,0
DA:79,0
DA:80,0
DA:81,0
DA:82,0
DA:83,0
DA:84,0
DA:85,0
DA:86,0
DA:87,0
DA:88,0
DA:89,0
DA:90,0
DA:91,0
DA:92,0
DA:93,0
DA:94,0
DA:95,0
DA:96,0
DA:97,0
DA:98,0
DA:99,0
DA:100,0
DA:101,0
DA:102,0
DA:103,0
DA:104,0
DA:105,0
DA:106,0
DA:107,0
DA:108,0
DA:109,0
DA:110,0
DA:111,0
DA:112,0
DA:113,0
DA:114,0
DA:115,0
DA:116,0
DA:117,0
DA:118,0
DA:119,0
DA:120,0
DA:121,0
DA:122,0
DA:123,0
DA:124,0
DA:125,0
DA:126,0
DA:127,0
DA:128,0
LF:128
LH:0
BRDA:1,0,0,0
BRF:1
BRH:0
end_of_record
TN:
SF:app/api/applications/[applicationId]/draft/constants.ts
FN:1,(empty-report)
FNF:1
FNH:0
FNDA:0,(empty-report)
DA:1,0
DA:2,0
DA:3,0
DA:4,0
DA:5,0
DA:6,0
DA:7,0
DA:8,0
DA:9,0
DA:10,0
DA:11,0
DA:12,0
DA:13,0
DA:14,0
DA:15,0
DA:16,0
LF:16
LH:0
BRDA:1,0,0,0
BRF:1
BRH:0
end_of_record
TN:
SF:app/api/applications/[applicationId]/draft/route.ts
FN:1,(empty-report)
FNF:1
FNH:0
FNDA:0,(empty-report)
DA:1,0
DA:2,0
DA:3,0
DA:4,0
DA:5,0
DA:6,0
DA:7,0
DA:8,0
DA:9,0
DA:10,0
DA:11,0
DA:12,0
DA:13,0
DA:14,0
DA:15,0
DA:16,0
DA:17,0
DA:18,0
DA:19,0
DA:20,0
DA:21,0
DA:22,0
DA:23,0
DA:24,0
DA:25,0
DA:26,0
DA:27,0
DA:28,0
DA:29,0
DA:30,0
DA:31,0
DA:32,0
DA:33,0
DA:34,0
DA:35,0
DA:36,0
DA:37,0
DA:38,0
DA:39,0
DA:40,0
DA:41,0
DA:42,0
DA:43,0
DA:44,0
DA:45,0
DA:46,0
DA:47,0
DA:48,0
DA:49,0
DA:50,0
DA:51,0
DA:52,0
DA:53,0
DA:54,0
DA:55,0
DA:56,0
DA:57,0
DA:58,0
DA:59,0
DA:60,0
DA:61,0
DA:62,0
DA:63,0
DA:64,0
DA:65,0
DA:66,0
DA:67,0
DA:68,0
DA:69,0
DA:70,0
DA:71,0
DA:72,0
DA:73,0
DA:74,0
DA:75,0
DA:76,0
DA:77,0
DA:78,0
DA:79,0
DA:80,0
DA:81,0
DA:82,0
DA:83,0
DA:84,0
DA:85,0
DA:86,0
DA:87,0
DA:88,0
DA:89,0
DA:90,0
DA:91,0
DA:92,0
DA:93,0
DA:94,0
DA:95,0
DA:96,0
DA:97,0
DA:98,0
DA:99,0
DA:100,0
DA:101,0
DA:102,0
DA:103,0
DA:104,0
DA:105,0
DA:106,0
DA:107,0
DA:108,0
DA:109,0
DA:110,0
DA:111,0
DA:112,0
DA:113,0
DA:114,0
DA:115,0
DA:116,0
DA:117,0
DA:118,0
DA:119,0
DA:120,0
DA:121,0
DA:122,0
DA:123,0
DA:124,0
DA:125,0
DA:126,0
DA:127,0
DA:128,0
DA:129,0
DA:130,0
DA:131,0
DA:132,0
DA:133,0
DA:134,0
DA:135,0
DA:136,0
DA:137,0
DA:138,0
DA:139,0
DA:140,0
DA:141,0
DA:142,0
DA:143,0
DA:144,0
DA:145,0
DA:146,0
DA:147,0
DA:148,0
DA:149,0
DA:150,0
DA:151,0
DA:152,0
DA:153,0
DA:154,0
DA:155,0
DA:156,0
DA:157,0
DA:158,0
DA:159,0
DA:160,0
DA:161,0
DA:162,0
DA:163,0
DA:164,0
DA:165,0
DA:166,0
DA:167,0
DA:168,0
DA:169,0
DA:170,0
DA:171,0
DA:172,0
DA:173,0
DA:174,0
DA:175,0
DA:176,0
DA:177,0
DA:178,0
DA:179,0
DA:180,0
DA:181,0
DA:182,0
DA:183,0
DA:184,0
DA:185,0
DA:186,0
DA:187,0
DA:188,0
DA:189,0
DA:190,0
DA:191,0
DA:192,0
DA:193,0
DA:194,0
DA:195,0
LF:195
LH:0
BRDA:1,0,0,0
BRF:1
BRH:0
end_of_record
TN:
SF:app/api/auth/dev-auto-confirm/route.ts
FN:1,(empty-report)
FNF:1
FNH:1
FNDA:1,(empty-report)
DA:6,0
DA:7,0
DA:8,0
DA:15,0
DA:16,0
DA:18,0
DA:19,0
DA:20,0
DA:21,0
DA:23,0
DA:24,0
DA:25,0
DA:26,0
DA:28,0
DA:29,0
DA:30,0
DA:31,0
DA:32,0
DA:33,0
DA:35,0
DA:36,0
DA:37,0
DA:38,0
DA:39,0
DA:40,0
DA:42,0
DA:43,0
DA:44,0
DA:88,0
DA:89,0
DA:91,0
DA:92,0
DA:93,0
DA:94,0
DA:95,0
DA:96,0
DA:98,0
DA:99,0
DA:100,0
DA:101,0
DA:102,0
DA:103,0
DA:104,0
DA:105,0
DA:106,0
DA:107,0
DA:108,0
DA:109,0
DA:111,0
DA:112,0
DA:113,0
LF:51
LH:0
BRDA:1,0,0,1
BRF:1
BRH:1
end_of_record
TN:
SF:app/api/auth/dev-grant-admin/route.ts
FN:1,(empty-report)
FNF:1
FNH:1
FNDA:1,(empty-report)
DA:8,0
DA:9,0
DA:10,0
DA:11,0
DA:13,0
DA:15,0
DA:16,0
DA:17,0
DA:18,0
DA:20,0
DA:21,0
DA:23,0
DA:26,0
DA:27,0
DA:34,0
DA:35,0
DA:38,0
DA:39,0
DA:42,0
DA:43,0
DA:44,0
DA:47,0
DA:48,0
DA:49,0
DA:52,0
DA:53,0
DA:59,0
DA:60,0
DA:61,0
DA:62,0
DA:63,0
DA:66,0
DA:67,0
DA:68,0
DA:69,0
DA:70,0
DA:72,0
DA:73,0
LF:38
LH:0
BRDA:1,0,0,1
BRF:1
BRH:1
end_of_record
TN:
SF:app/api/auth/dev-register/route.ts
FN:1,(empty-report)
FNF:1
FNH:1
FNDA:1,(empty-report)
DA:6,0
DA:7,0
DA:8,0
DA:30,0
DA:31,0
DA:32,0
DA:33,0
DA:35,0
DA:36,0
DA:37,0
DA:38,0
DA:40,0
DA:41,0
DA:42,0
DA:44,0
DA:46,0
DA:47,0
DA:48,0
DA:49,0
DA:51,0
DA:52,0
DA:53,0
DA:54,0
DA:55,0
DA:56,0
DA:57,0
DA:58,0
DA:60,0
DA:61,0
DA:62,0
DA:64,0
DA:65,0
DA:66,0
DA:67,0
DA:68,0
DA:69,0
DA:71,0
DA:72,0
DA:74,0
DA:75,0
DA:77,0
DA:78,0
DA:86,0
DA:87,0
DA:89,0
DA:90,0
DA:91,0
DA:92,0
DA:93,0
DA:94,0
DA:95,0
DA:96,0
DA:97,0
DA:98,0
DA:99,0
DA:102,0
DA:103,0
DA:104,0
DA:105,0
DA:107,0
DA:109,0
DA:110,0
DA:111,0
DA:164,0
DA:165,0
DA:166,0
DA:167,0
DA:168,0
DA:169,0
DA:170,0
DA:171,0
DA:172,0
DA:174,0
DA:175,0
DA:176,0
DA:177,0
DA:178,0
DA:179,0
DA:181,0
DA:182,0
DA:207,0
DA:208,0
DA:209,0
DA:210,0
DA:211,0
DA:212,0
DA:213,0
DA:214,0
DA:215,0
DA:216,0
DA:218,0
DA:219,0
DA:220,0
DA:222,0
DA:223,0
DA:247,0
DA:248,0
DA:249,0
DA:250,0
DA:251,0
DA:252,0
DA:253,0
DA:254,0
DA:255,0
DA:256,0
DA:257,0
DA:258,0
DA:259,0
DA:262,0
DA:263,0
DA:284,0
DA:285,0
DA:287,0
DA:288,0
DA:309,0
DA:310,0
DA:313,0
DA:314,0
DA:315,0
DA:320,0
DA:321,0
DA:322,0
DA:324,0
DA:326,0
DA:327,0
DA:332,0
DA:333,0
DA:336,0
DA:338,0
DA:340,0
DA:341,0
DA:347,0
DA:348,0
DA:349,0
DA:350,0
DA:351,0
DA:352,0
DA:353,0
DA:354,0
DA:355,0
DA:356,0
DA:357,0
DA:360,0
DA:361,0
DA:362,0
DA:363,0
DA:364,0
DA:365,0
DA:366,0
DA:367,0
DA:369,0
DA:370,0
DA:371,0
DA:383,0
DA:384,0
DA:385,0
DA:386,0
DA:387,0
DA:388,0
DA:389,0
DA:390,0
DA:391,0
DA:392,0
DA:393,0
DA:394,0
DA:396,0
DA:398,0
DA:399,0
DA:400,0
DA:401,0
DA:402,0
DA:403,0
DA:404,0
DA:405,0
DA:406,0
DA:407,0
DA:408,0
DA:409,0
DA:410,0
DA:412,0
DA:413,0
DA:414,0
DA:415,0
DA:416,0
LF:184
LH:0
BRDA:1,0,0,1
BRF:1
BRH:1
end_of_record
TN:
SF:app/api/auth/invite/[token]/route.ts
FN:18,GET
FN:49,POST
FNF:2
FNH:1
FNDA:0,GET
FNDA:2,POST
DA:8,1
DA:9,1
DA:10,1
DA:12,1
DA:14,1
DA:18,0
DA:19,0
DA:20,0
DA:21,0
DA:22,0
DA:23,0
DA:25,0
DA:26,0
DA:27,0
DA:28,0
DA:29,0
DA:30,0
DA:31,0
DA:32,0
DA:33,0
DA:35,0
DA:36,0
DA:37,0
DA:38,0
DA:39,0
DA:40,0
DA:41,0
DA:42,0
DA:43,0
DA:44,0
DA:45,0
DA:49,2
DA:50,2
DA:51,2
DA:52,2
DA:53,2
DA:54,2
DA:61,2
DA:62,0
DA:63,0
DA:64,0
DA:65,0
DA:66,0
DA:68,2
DA:69,2
DA:70,2
DA:72,2
DA:73,2
DA:75,2
DA:76,2
DA:78,2
DA:79,2
DA:80,0
DA:81,0
DA:82,0
DA:83,2
DA:84,0
DA:85,0
DA:86,0
DA:87,2
DA:88,0
DA:89,0
DA:90,0
DA:92,2
DA:93,2
DA:94,1
DA:95,1
DA:96,1
DA:97,1
DA:98,1
DA:99,1
DA:102,1
DA:103,1
DA:104,1
DA:105,1
DA:107,2
DA:109,2
DA:110,2
DA:111,2
DA:112,2
DA:113,2
DA:114,2
DA:115,2
DA:116,2
DA:118,2
DA:120,0
DA:121,0
DA:143,0
DA:144,0
DA:145,0
DA:146,0
DA:147,0
DA:148,0
DA:149,0
DA:150,0
DA:151,0
DA:152,2
DA:154,1
DA:155,1
DA:163,1
DA:164,1
DA:165,1
DA:167,2
DA:170,1
DA:171,1
DA:177,1
DA:178,1
DA:181,1
DA:182,1
DA:190,2
DA:191,2
DA:194,1
DA:195,1
DA:202,1
DA:203,1
DA:206,2
DA:207,0
DA:208,0
DA:211,0
DA:212,0
DA:213,0
DA:214,0
DA:219,0
DA:220,0
DA:221,0
DA:223,1
DA:225,1
DA:226,2
DA:227,0
DA:228,0
DA:229,0
DA:230,0
DA:231,0
DA:232,0
DA:233,2
DA:234,2
DA:235,2
DA:236,2
LF:138
LH:72
BRDA:49,0,0,2
BRDA:61,1,0,0
BRDA:68,2,0,1
BRDA:68,3,0,1
BRDA:69,4,0,1
BRDA:69,5,0,1
BRDA:79,6,0,0
BRDA:83,7,0,0
BRDA:87,8,0,0
BRDA:93,9,0,1
BRDA:107,10,0,0
BRDA:112,11,0,0
BRDA:113,12,0,0
BRDA:118,13,0,0
BRDA:152,14,0,1
BRDA:167,15,0,0
BRDA:167,16,0,1
BRDA:191,17,0,1
BRDA:206,18,0,0
BRDA:221,19,0,1
BRDA:226,20,0,0
BRF:21
BRH:10
end_of_record
TN:
SF:app/api/auth/me/route.ts
FN:1,(empty-report)
FNF:1
FNH:1
FNDA:1,(empty-report)
DA:9,0
DA:10,0
DA:11,0
DA:13,0
DA:15,0
DA:16,0
DA:17,0
DA:19,0
DA:21,0
DA:22,0
DA:23,0
DA:26,0
DA:27,0
DA:28,0
DA:29,0
DA:30,0
DA:31,0
DA:32,0
DA:34,0
DA:35,0
DA:37,0
DA:38,0
LF:22
LH:0
BRDA:1,0,0,1
BRF:1
BRH:1
end_of_record
TN:
SF:app/api/benefit-orchestration/evaluate/route.ts
FN:1,(empty-report)
FNF:1
FNH:1
FNDA:1,(empty-report)
DA:6,0
DA:8,0
DA:9,0
DA:10,0
DA:13,0
DA:14,0
DA:15,0
DA:16,0
DA:18,0
DA:19,0
DA:20,0
DA:21,0
DA:22,0
DA:23,0
DA:24,0
DA:27,0
DA:28,0
DA:29,0
DA:30,0
DA:31,0
DA:32,0
DA:33,0
DA:34,0
DA:35,0
DA:38,0
DA:41,0
DA:42,0
DA:45,0
DA:47,0
DA:48,0
DA:49,0
DA:50,0
DA:51,0
DA:52,0
DA:53,0
DA:54,0
DA:55,0
DA:56,0
DA:57,0
DA:58,0
DA:59,0
DA:60,0
DA:61,0
LF:43
LH:0
BRDA:1,0,0,1
BRF:1
BRH:1
end_of_record
TN:
SF:app/api/benefit-orchestration/profile/route.ts
FN:1,(empty-report)
FNF:1
FNH:1
FNDA:1,(empty-report)
DA:6,0
DA:8,0
DA:9,0
DA:12,0
DA:13,0
DA:14,0
DA:15,0
DA:17,0
DA:18,0
DA:19,0
DA:20,0
DA:22,0
DA:23,0
DA:24,0
DA:25,0
DA:26,0
DA:27,0
DA:28,0
DA:29,0
DA:30,0
DA:32,0
DA:33,0
DA:34,0
DA:35,0
DA:37,0
DA:38,0
DA:39,0
DA:40,0
DA:43,0
DA:44,0
DA:45,0
DA:46,0
DA:47,0
DA:48,0
DA:50,0
DA:51,0
DA:52,0
DA:53,0
DA:54,0
DA:55,0
DA:56,0
DA:57,0
DA:58,0
DA:59,0
DA:60,0
LF:45
LH:0
BRDA:1,0,0,1
BRF:1
BRH:1
end_of_record
TN:
SF:app/api/chat/masshealth/constants.ts
FN:1,(empty-report)
FNF:1
FNH:1
FNDA:1,(empty-report)
DA:6,0
DA:8,0
DA:9,0
DA:10,0
DA:11,0
DA:12,0
DA:13,0
DA:14,0
DA:15,0
DA:16,0
DA:17,0
DA:18,0
DA:19,0
DA:20,0
DA:22,0
DA:24,0
DA:25,0
DA:27,0
DA:28,0
DA:29,0
DA:30,0
DA:32,0
DA:33,0
DA:34,0
DA:35,0
DA:36,0
DA:39,0
DA:40,0
DA:41,0
DA:43,0
DA:45,0
DA:46,0
DA:47,0
DA:48,0
DA:49,0
DA:50,0
LF:36
LH:0
BRDA:1,0,0,1
BRF:1
BRH:1
end_of_record
TN:
SF:app/api/chat/masshealth/route.ts
FN:1,(empty-report)
FNF:1
FNH:1
FNDA:1,(empty-report)
DA:6,0
DA:7,0
DA:8,0
DA:10,0
DA:20,0
DA:25,0
DA:29,0
DA:31,0
DA:32,0
DA:33,0
DA:34,0
DA:35,0
DA:36,0
DA:61,0
DA:65,0
DA:66,0
DA:67,0
DA:68,0
DA:71,0
DA:72,0
DA:73,0
DA:74,0
DA:75,0
DA:76,0
DA:77,0
DA:78,0
DA:79,0
DA:80,0
DA:81,0
DA:83,0
DA:84,0
DA:85,0
DA:86,0
DA:87,0
DA:88,0
DA:89,0
DA:91,0
DA:92,0
DA:93,0
DA:94,0
DA:95,0
DA:97,0
DA:98,0
DA:99,0
DA:100,0
DA:101,0
DA:107,0
DA:108,0
DA:109,0
DA:110,0
DA:111,0
DA:112,0
DA:113,0
DA:115,0
DA:116,0
DA:117,0
DA:119,0
DA:120,0
DA:121,0
DA:122,0
DA:123,0
DA:124,0
DA:126,0
DA:127,0
DA:128,0
DA:129,0
DA:131,0
DA:132,0
DA:133,0
DA:135,0
DA:136,0
DA:137,0
DA:138,0
DA:139,0
DA:140,0
DA:144,0
DA:145,0
DA:146,0
DA:147,0
DA:148,0
DA:150,0
DA:152,0
DA:153,0
DA:155,0
DA:156,0
DA:157,0
DA:158,0
DA:159,0
DA:160,0
DA:163,0
DA:164,0
DA:167,0
DA:169,0
DA:170,0
DA:171,0
DA:172,0
DA:173,0
DA:174,0
DA:175,0
DA:176,0
DA:177,0
DA:178,0
DA:179,0
DA:180,0
DA:182,0
DA:183,0
DA:184,0
DA:185,0
DA:186,0
DA:187,0
DA:188,0
DA:189,0
DA:190,0
DA:191,0
DA:192,0
DA:193,0
DA:194,0
DA:195,0
DA:196,0
DA:197,0
DA:198,0
DA:199,0
DA:200,0
DA:201,0
DA:202,0
DA:203,0
DA:205,0
DA:206,0
DA:207,0
DA:208,0
DA:209,0
DA:210,0
DA:211,0
DA:214,0
DA:215,0
DA:216,0
DA:217,0
DA:218,0
DA:219,0
DA:220,0
DA:221,0
DA:222,0
DA:223,0
DA:224,0
DA:225,0
DA:226,0
DA:228,0
DA:229,0
DA:230,0
DA:231,0
DA:232,0
DA:233,0
DA:234,0
DA:236,0
DA:237,0
DA:238,0
DA:239,0
DA:240,0
DA:241,0
DA:242,0
DA:243,0
DA:244,0
DA:245,0
DA:246,0
DA:247,0
DA:249,0
DA:250,0
DA:251,0
DA:252,0
DA:253,0
DA:254,0
DA:255,0
DA:256,0
DA:257,0
DA:259,0
DA:260,0
DA:261,0
DA:262,0
DA:263,0
DA:264,0
DA:265,0
DA:266,0
DA:267,0
DA:268,0
DA:269,0
DA:270,0
DA:271,0
DA:272,0
DA:274,0
DA:275,0
DA:276,0
DA:277,0
DA:278,0
DA:279,0
DA:280,0
DA:282,0
DA:284,0
DA:285,0
DA:286,0
DA:288,0
DA:289,0
DA:290,0
DA:291,0
DA:292,0
DA:293,0
DA:294,0
DA:295,0
DA:296,0
DA:298,0
DA:299,0
DA:300,0
DA:301,0
DA:302,0
DA:303,0
DA:304,0
DA:305,0
DA:306,0
DA:307,0
DA:308,0
DA:309,0
DA:310,0
DA:312,0
DA:313,0
DA:314,0
DA:316,0
DA:317,0
DA:318,0
DA:319,0
DA:321,0
DA:322,0
DA:323,0
DA:324,0
DA:325,0
DA:326,0
DA:328,0
DA:329,0
DA:330,0
DA:331,0
DA:332,0
DA:333,0
DA:334,0
DA:335,0
DA:336,0
DA:337,0
DA:338,0
DA:339,0
DA:340,0
DA:342,0
DA:343,0
DA:344,0
DA:345,0
DA:346,0
DA:347,0
DA:351,0
DA:352,0
DA:353,0
DA:354,0
DA:356,0
DA:357,0
DA:358,0
DA:359,0
DA:361,0
DA:362,0
DA:363,0
DA:365,0
DA:367,0
DA:368,0
DA:369,0
DA:371,0
DA:372,0
DA:373,0
DA:375,0
DA:376,0
DA:377,0
DA:378,0
DA:379,0
DA:380,0
DA:381,0
DA:382,0
DA:383,0
DA:384,0
DA:385,0
DA:386,0
DA:387,0
DA:388,0
LF:285
LH:0
BRDA:1,0,0,1
BRF:1
BRH:1
end_of_record
TN:
SF:app/api/companies/search/route.ts
FN:1,(empty-report)
FNF:1
FNH:1
FNDA:1,(empty-report)
DA:6,0
DA:7,0
DA:9,0
DA:32,0
DA:33,0
DA:34,0
DA:36,0
DA:37,0
DA:38,0
DA:40,0
DA:41,0
DA:42,0
DA:43,0
DA:45,0
DA:46,0
DA:47,0
DA:48,0
DA:49,0
DA:50,0
DA:53,0
DA:55,0
DA:56,0
DA:58,0
DA:60,0
DA:62,0
DA:63,0
DA:64,0
DA:65,0
DA:66,0
DA:68,0
DA:69,0
DA:70,0
DA:71,0
DA:73,0
DA:75,0
DA:76,0
DA:77,0
DA:78,0
DA:79,0
DA:81,0
DA:82,0
DA:83,0
DA:84,0
DA:85,0
DA:86,0
DA:87,0
DA:88,0
DA:89,0
DA:90,0
DA:91,0
DA:92,0
DA:93,0
DA:94,0
DA:96,0
DA:97,0
DA:98,0
DA:99,0
DA:107,0
DA:108,0
DA:110,0
DA:111,0
DA:112,0
DA:113,0
DA:114,0
LF:64
LH:0
BRDA:1,0,0,1
BRF:1
BRH:1
end_of_record
TN:
SF:app/api/forms/aca-3-0325/fill/route.ts
FN:15,POST
FNF:1
FNH:1
FNDA:3,POST
DA:6,1
DA:7,1
DA:8,1
DA:9,1
DA:10,1
DA:11,1
DA:13,1
DA:15,3
DA:16,3
DA:17,3
DA:18,3
DA:19,0
DA:20,0
DA:22,3
DA:23,3
DA:25,3
DA:26,1
DA:28,1
DA:29,1
DA:30,1
DA:31,1
DA:32,1
DA:33,1
DA:34,1
DA:35,1
DA:36,3
DA:37,2
DA:38,2
DA:39,2
DA:40,2
DA:42,2
DA:44,2
DA:45,2
DA:46,2
DA:47,2
DA:48,2
DA:49,2
DA:50,2
DA:51,2
DA:52,2
DA:53,3
LF:41
LH:39
BRDA:15,0,0,3
BRDA:18,1,0,0
BRDA:25,2,0,1
BRDA:36,3,0,2
BRDA:46,4,0,1
BRDA:46,5,0,1
BRDA:49,6,0,1
BRDA:49,7,0,1
BRF:8
BRH:7
end_of_record
TN:
SF:app/api/health/db/route.ts
FN:10,GET
FNF:1
FNH:1
FNDA:3,GET
DA:6,1
DA:8,1
DA:10,3
DA:11,3
DA:12,3
DA:14,1
DA:15,3
DA:16,2
DA:17,2
DA:18,1
DA:19,1
DA:20,0
DA:21,1
DA:23,2
DA:24,2
DA:25,3
LF:16
LH:15
BRDA:10,0,0,3
BRDA:12,1,0,1
BRDA:15,2,0,2
BRDA:17,3,0,1
BRDA:19,4,0,0
BRDA:20,5,0,1
BRF:6
BRH:5
end_of_record
TN:
SF:app/api/identity/mobile-session/route.ts
FN:1,(empty-report)
FNF:1
FNH:1
FNDA:1,(empty-report)
DA:14,0
DA:15,0
DA:16,0
DA:17,0
DA:21,0
DA:22,0
DA:31,0
DA:32,0
DA:33,0
DA:34,0
DA:35,0
DA:36,0
DA:37,0
DA:40,0
DA:43,0
DA:44,0
DA:45,0
DA:47,0
DA:48,0
DA:49,0
DA:51,0
DA:52,0
DA:53,0
DA:54,0
DA:55,0
DA:56,0
DA:57,0
DA:59,0
DA:60,0
DA:64,0
DA:65,0
DA:66,0
DA:68,0
DA:69,0
DA:70,0
DA:71,0
DA:72,0
DA:73,0
DA:74,0
DA:75,0
DA:77,0
DA:78,0
DA:80,0
DA:81,0
DA:82,0
DA:83,0
DA:84,0
DA:85,0
DA:86,0
DA:87,0
DA:88,0
DA:89,0
DA:90,0
DA:91,0
DA:92,0
DA:93,0
DA:97,0
DA:98,0
DA:99,0
DA:101,0
DA:102,0
DA:104,0
DA:105,0
DA:106,0
DA:108,0
DA:109,0
DA:111,0
DA:112,0
DA:113,0
DA:115,0
DA:116,0
DA:117,0
DA:118,0
DA:119,0
DA:120,0
DA:122,0
DA:123,0
DA:124,0
DA:125,0
DA:126,0
DA:127,0
DA:128,0
DA:129,0
DA:130,0
DA:131,0
DA:132,0
DA:133,0
LF:87
LH:0
BRDA:1,0,0,1
BRF:1
BRH:1
end_of_record
TN:
SF:app/api/identity/mobile-verify/[token]/route.ts
FN:1,(empty-report)
FNF:1
FNH:0
FNDA:0,(empty-report)
DA:1,0
DA:2,0
DA:3,0
DA:4,0
DA:5,0
DA:6,0
DA:7,0
DA:8,0
DA:9,0
DA:10,0
DA:11,0
DA:12,0
DA:13,0
DA:14,0
DA:15,0
DA:16,0
DA:17,0
DA:18,0
DA:19,0
DA:20,0
DA:21,0
DA:22,0
DA:23,0
DA:24,0
DA:25,0
DA:26,0
DA:27,0
DA:28,0
DA:29,0
DA:30,0
DA:31,0
DA:32,0
DA:33,0
DA:34,0
DA:35,0
DA:36,0
DA:37,0
DA:38,0
DA:39,0
DA:40,0
DA:41,0
DA:42,0
DA:43,0
DA:44,0
DA:45,0
DA:46,0
DA:47,0
DA:48,0
DA:49,0
DA:50,0
DA:51,0
DA:52,0
DA:53,0
DA:54,0
DA:55,0
DA:56,0
DA:57,0
DA:58,0
DA:59,0
DA:60,0
DA:61,0
DA:62,0
DA:63,0
DA:64,0
DA:65,0
DA:66,0
DA:67,0
DA:68,0
DA:69,0
DA:70,0
DA:71,0
DA:72,0
DA:73,0
DA:74,0
DA:75,0
DA:76,0
DA:77,0
DA:78,0
DA:79,0
DA:80,0
DA:81,0
DA:82,0
DA:83,0
DA:84,0
DA:85,0
DA:86,0
DA:87,0
DA:88,0
DA:89,0
DA:90,0
DA:91,0
DA:92,0
DA:93,0
DA:94,0
DA:95,0
DA:96,0
DA:97,0
DA:98,0
DA:99,0
DA:100,0
DA:101,0
DA:102,0
DA:103,0
DA:104,0
DA:105,0
DA:106,0
DA:107,0
DA:108,0
DA:109,0
DA:110,0
DA:111,0
DA:112,0
DA:113,0
DA:114,0
DA:115,0
DA:116,0
DA:117,0
DA:118,0
DA:119,0
DA:120,0
DA:121,0
DA:122,0
DA:123,0
DA:124,0
DA:125,0
DA:126,0
DA:127,0
DA:128,0
DA:129,0
DA:130,0
DA:131,0
DA:132,0
DA:133,0
DA:134,0
DA:135,0
DA:136,0
DA:137,0
DA:138,0
DA:139,0
DA:140,0
DA:141,0
DA:142,0
DA:143,0
DA:144,0
DA:145,0
DA:146,0
DA:147,0
DA:148,0
DA:149,0
DA:150,0
DA:151,0
DA:152,0
DA:153,0
DA:154,0
DA:155,0
DA:156,0
DA:157,0
DA:158,0
DA:159,0
DA:160,0
DA:161,0
DA:162,0
DA:163,0
DA:164,0
DA:165,0
DA:166,0
DA:167,0
DA:168,0
DA:169,0
DA:170,0
DA:171,0
DA:172,0
DA:173,0
DA:174,0
DA:175,0
DA:176,0
DA:177,0
DA:178,0
DA:179,0
DA:180,0
DA:181,0
DA:182,0
DA:183,0
DA:184,0
DA:185,0
DA:186,0
DA:187,0
DA:188,0
DA:189,0
DA:190,0
LF:190
LH:0
BRDA:1,0,0,0
BRF:1
BRH:0
end_of_record
TN:
SF:app/api/identity/qrcode/route.ts
FN:1,(empty-report)
FNF:1
FNH:1
FNDA:1,(empty-report)
DA:15,0
DA:16,0
DA:18,0
DA:19,0
DA:20,0
DA:21,0
DA:23,0
DA:24,0
DA:25,0
DA:27,0
DA:28,0
DA:29,0
DA:34,0
DA:35,0
DA:36,0
DA:37,0
DA:38,0
DA:39,0
DA:40,0
DA:41,0
DA:42,0
DA:43,0
DA:45,0
DA:46,0
DA:47,0
DA:48,0
DA:49,0
DA:50,0
DA:51,0
DA:52,0
DA:54,0
DA:55,0
DA:56,0
DA:57,0
DA:58,0
DA:59,0
DA:60,0
DA:61,0
DA:62,0
DA:63,0
DA:64,0
DA:65,0
LF:42
LH:0
BRDA:1,0,0,1
BRF:1
BRH:1
end_of_record
TN:
SF:app/api/identity/verify-license/route.ts
FN:1,(empty-report)
FNF:1
FNH:1
FNDA:1,(empty-report)
DA:16,0
DA:17,0
DA:18,0
DA:19,0
DA:20,0
DA:26,0
DA:30,0
DA:31,0
DA:32,0
DA:34,0
DA:35,0
DA:37,0
DA:38,0
DA:39,0
DA:40,0
DA:41,0
DA:42,0
DA:43,0
DA:44,0
DA:46,0
DA:47,0
DA:48,0
DA:49,0
DA:50,0
DA:51,0
DA:52,0
DA:53,0
DA:54,0
DA:55,0
DA:56,0
DA:65,0
DA:66,0
DA:67,0
DA:70,0
DA:71,0
DA:72,0
DA:73,0
DA:74,0
DA:75,0
DA:77,0
DA:78,0
DA:79,0
DA:80,0
DA:82,0
DA:84,0
DA:85,0
DA:86,0
DA:87,0
DA:88,0
DA:89,0
DA:90,0
DA:91,0
DA:94,0
DA:95,0
DA:96,0
DA:97,0
DA:98,0
DA:99,0
DA:100,0
DA:101,0
DA:102,0
DA:103,0
DA:106,0
DA:107,0
DA:108,0
DA:109,0
DA:110,0
DA:111,0
DA:112,0
DA:113,0
DA:114,0
DA:117,0
DA:118,0
DA:119,0
DA:120,0
DA:122,0
DA:123,0
DA:125,0
DA:126,0
DA:127,0
DA:128,0
DA:129,0
DA:130,0
DA:131,0
DA:132,0
DA:133,0
DA:134,0
DA:135,0
DA:136,0
DA:137,0
DA:140,0
DA:141,0
DA:142,0
DA:143,0
DA:144,0
DA:145,0
DA:146,0
DA:147,0
DA:148,0
DA:149,0
DA:150,0
DA:151,0
DA:152,0
DA:153,0
DA:154,0
DA:155,0
DA:156,0
DA:157,0
DA:158,0
DA:159,0
DA:160,0
DA:161,0
DA:162,0
DA:163,0
DA:164,0
DA:165,0
DA:166,0
DA:167,0
DA:168,0
LF:119
LH:0
BRDA:1,0,0,1
BRF:1
BRH:1
end_of_record
TN:
SF:app/api/masshealth/appeals/categories/route.ts
FN:1,(empty-report)
FNF:1
FNH:1
FNDA:1,(empty-report)
DA:8,0
DA:9,0
DA:10,0
DA:12,0
DA:14,0
DA:16,0
DA:17,0
DA:18,0
DA:20,0
DA:21,0
DA:23,0
DA:24,0
DA:25,0
DA:26,0
DA:27,0
DA:29,0
DA:30,0
DA:31,0
DA:32,0
DA:33,0
DA:34,0
DA:35,0
DA:36,0
DA:37,0
DA:38,0
DA:39,0
DA:40,0
DA:41,0
DA:42,0
LF:29
LH:0
BRDA:1,0,0,1
BRF:1
BRH:1
end_of_record
TN:
SF:app/api/masshealth/appeals/draft/route.ts
FN:1,(empty-report)
FNF:1
FNH:1
FNDA:1,(empty-report)
DA:8,0
DA:9,0
DA:10,0
DA:12,0
DA:15,0
DA:17,0
DA:19,0
DA:20,0
DA:21,0
DA:23,0
DA:24,0
DA:26,0
DA:28,0
DA:29,0
DA:30,0
DA:31,0
DA:32,0
DA:33,0
DA:34,0
DA:35,0
DA:37,0
DA:38,0
DA:40,0
DA:41,0
DA:42,0
DA:43,0
DA:44,0
DA:45,0
DA:46,0
DA:47,0
DA:48,0
DA:49,0
DA:50,0
DA:51,0
DA:52,0
DA:53,0
DA:54,0
DA:55,0
DA:56,0
DA:57,0
DA:58,0
DA:59,0
LF:42
LH:0
BRDA:1,0,0,1
BRF:1
BRH:1
end_of_record
TN:
SF:app/api/masshealth/appeals/research/route.ts
FN:1,(empty-report)
FNF:1
FNH:1
FNDA:1,(empty-report)
DA:8,0
DA:9,0
DA:10,0
DA:12,0
DA:14,0
DA:16,0
DA:17,0
DA:18,0
DA:20,0
DA:21,0
DA:23,0
DA:25,0
DA:26,0
DA:27,0
DA:28,0
DA:29,0
DA:30,0
DA:31,0
DA:32,0
DA:33,0
DA:35,0
DA:36,0
DA:37,0
DA:38,0
DA:39,0
DA:40,0
DA:41,0
DA:42,0
DA:43,0
DA:44,0
DA:45,0
DA:46,0
DA:47,0
DA:48,0
LF:34
LH:0
BRDA:1,0,0,1
BRF:1
BRH:1
end_of_record
TN:
SF:app/api/messages/[userId]/route.ts
FN:1,(empty-report)
FNF:1
FNH:0
FNDA:0,(empty-report)
DA:1,0
DA:2,0
DA:3,0
DA:4,0
DA:5,0
DA:6,0
DA:7,0
DA:8,0
DA:9,0
DA:10,0
DA:11,0
DA:12,0
DA:13,0
DA:14,0
DA:15,0
DA:16,0
DA:17,0
DA:18,0
DA:19,0
DA:20,0
DA:21,0
DA:22,0
DA:23,0
DA:24,0
DA:25,0
DA:26,0
DA:27,0
DA:28,0
DA:29,0
DA:30,0
DA:31,0
DA:32,0
DA:33,0
DA:34,0
DA:35,0
DA:36,0
DA:37,0
DA:38,0
DA:39,0
DA:40,0
DA:41,0
DA:42,0
DA:43,0
DA:44,0
DA:45,0
DA:46,0
DA:47,0
DA:48,0
DA:49,0
DA:50,0
DA:51,0
DA:52,0
DA:53,0
DA:54,0
DA:55,0
DA:56,0
DA:57,0
DA:58,0
DA:59,0
DA:60,0
DA:61,0
DA:62,0
DA:63,0
DA:64,0
DA:65,0
DA:66,0
DA:67,0
DA:68,0
DA:69,0
DA:70,0
DA:71,0
DA:72,0
DA:73,0
DA:74,0
DA:75,0
DA:76,0
DA:77,0
DA:78,0
DA:79,0
DA:80,0
DA:81,0
DA:82,0
DA:83,0
DA:84,0
DA:85,0
DA:86,0
DA:87,0
DA:88,0
DA:89,0
DA:90,0
DA:91,0
DA:92,0
DA:93,0
DA:94,0
DA:95,0
DA:96,0
DA:97,0
DA:98,0
DA:99,0
DA:100,0
DA:101,0
DA:102,0
DA:103,0
DA:104,0
DA:105,0
DA:106,0
DA:107,0
DA:108,0
DA:109,0
DA:110,0
DA:111,0
DA:112,0
DA:113,0
DA:114,0
DA:115,0
DA:116,0
DA:117,0
DA:118,0
DA:119,0
DA:120,0
DA:121,0
DA:122,0
DA:123,0
DA:124,0
DA:125,0
DA:126,0
DA:127,0
DA:128,0
DA:129,0
DA:130,0
DA:131,0
DA:132,0
DA:133,0
DA:134,0
DA:135,0
DA:136,0
DA:137,0
DA:138,0
DA:139,0
DA:140,0
DA:141,0
DA:142,0
DA:143,0
DA:144,0
DA:145,0
DA:146,0
DA:147,0
DA:148,0
DA:149,0
DA:150,0
DA:151,0
DA:152,0
DA:153,0
DA:154,0
DA:155,0
DA:156,0
DA:157,0
DA:158,0
DA:159,0
DA:160,0
DA:161,0
DA:162,0
DA:163,0
DA:164,0
DA:165,0
DA:166,0
LF:166
LH:0
BRDA:1,0,0,0
BRF:1
BRH:0
end_of_record
TN:
SF:app/api/messages/[userId]/[messageId]/transcription/route.ts
FN:1,(empty-report)
FNF:1
FNH:0
FNDA:0,(empty-report)
DA:1,0
DA:2,0
DA:3,0
DA:4,0
DA:5,0
DA:6,0
DA:7,0
DA:8,0
DA:9,0
DA:10,0
DA:11,0
DA:12,0
DA:13,0
DA:14,0
DA:15,0
DA:16,0
DA:17,0
DA:18,0
DA:19,0
DA:20,0
DA:21,0
DA:22,0
DA:23,0
DA:24,0
DA:25,0
DA:26,0
DA:27,0
DA:28,0
DA:29,0
DA:30,0
DA:31,0
DA:32,0
DA:33,0
DA:34,0
DA:35,0
DA:36,0
DA:37,0
DA:38,0
DA:39,0
DA:40,0
DA:41,0
DA:42,0
DA:43,0
DA:44,0
DA:45,0
DA:46,0
DA:47,0
DA:48,0
DA:49,0
DA:50,0
DA:51,0
DA:52,0
DA:53,0
DA:54,0
DA:55,0
DA:56,0
DA:57,0
DA:58,0
DA:59,0
DA:60,0
DA:61,0
DA:62,0
LF:62
LH:0
BRDA:1,0,0,0
BRF:1
BRH:0
end_of_record
TN:
SF:app/api/messages/[userId]/upload/route.ts
FN:1,(empty-report)
FNF:1
FNH:0
FNDA:0,(empty-report)
DA:1,0
DA:2,0
DA:3,0
DA:4,0
DA:5,0
DA:6,0
DA:7,0
DA:8,0
DA:9,0
DA:10,0
DA:11,0
DA:12,0
DA:13,0
DA:14,0
DA:15,0
DA:16,0
DA:17,0
DA:18,0
DA:19,0
DA:20,0
DA:21,0
DA:22,0
DA:23,0
DA:24,0
DA:25,0
DA:26,0
DA:27,0
DA:28,0
DA:29,0
DA:30,0
DA:31,0
DA:32,0
DA:33,0
DA:34,0
DA:35,0
DA:36,0
DA:37,0
DA:38,0
DA:39,0
DA:40,0
DA:41,0
DA:42,0
DA:43,0
DA:44,0
DA:45,0
DA:46,0
DA:47,0
DA:48,0
DA:49,0
DA:50,0
DA:51,0
DA:52,0
DA:53,0
DA:54,0
DA:55,0
DA:56,0
DA:57,0
DA:58,0
DA:59,0
DA:60,0
DA:61,0
DA:62,0
DA:63,0
DA:64,0
DA:65,0
DA:66,0
DA:67,0
DA:68,0
DA:69,0
DA:70,0
DA:71,0
DA:72,0
DA:73,0
DA:74,0
DA:75,0
DA:76,0
DA:77,0
DA:78,0
DA:79,0
DA:80,0
DA:81,0
DA:82,0
DA:83,0
DA:84,0
DA:85,0
DA:86,0
DA:87,0
DA:88,0
DA:89,0
DA:90,0
DA:91,0
DA:92,0
DA:93,0
DA:94,0
DA:95,0
DA:96,0
DA:97,0
DA:98,0
DA:99,0
DA:100,0
DA:101,0
DA:102,0
DA:103,0
DA:104,0
DA:105,0
DA:106,0
DA:107,0
DA:108,0
DA:109,0
DA:110,0
DA:111,0
DA:112,0
DA:113,0
DA:114,0
DA:115,0
DA:116,0
DA:117,0
DA:118,0
DA:119,0
DA:120,0
DA:121,0
DA:122,0
DA:123,0
DA:124,0
DA:125,0
DA:126,0
DA:127,0
DA:128,0
DA:129,0
DA:130,0
DA:131,0
DA:132,0
DA:133,0
DA:134,0
DA:135,0
DA:136,0
DA:137,0
DA:138,0
DA:139,0
DA:140,0
DA:141,0
DA:142,0
DA:143,0
DA:144,0
DA:145,0
DA:146,0
DA:147,0
DA:148,0
DA:149,0
DA:150,0
DA:151,0
DA:152,0
DA:153,0
DA:154,0
DA:155,0
DA:156,0
DA:157,0
DA:158,0
DA:159,0
DA:160,0
DA:161,0
DA:162,0
DA:163,0
DA:164,0
DA:165,0
DA:166,0
DA:167,0
DA:168,0
DA:169,0
DA:170,0
DA:171,0
DA:172,0
DA:173,0
DA:174,0
DA:175,0
DA:176,0
DA:177,0
DA:178,0
DA:179,0
DA:180,0
DA:181,0
DA:182,0
DA:183,0
DA:184,0
DA:185,0
DA:186,0
DA:187,0
DA:188,0
DA:189,0
DA:190,0
DA:191,0
DA:192,0
DA:193,0
DA:194,0
DA:195,0
DA:196,0
DA:197,0
DA:198,0
DA:199,0
DA:200,0
DA:201,0
DA:202,0
DA:203,0
DA:204,0
DA:205,0
DA:206,0
DA:207,0
DA:208,0
DA:209,0
DA:210,0
DA:211,0
DA:212,0
DA:213,0
DA:214,0
DA:215,0
DA:216,0
DA:217,0
DA:218,0
DA:219,0
DA:220,0
DA:221,0
DA:222,0
DA:223,0
DA:224,0
DA:225,0
DA:226,0
DA:227,0
DA:228,0
DA:229,0
DA:230,0
DA:231,0
DA:232,0
DA:233,0
DA:234,0
DA:235,0
DA:236,0
DA:237,0
DA:238,0
DA:239,0
DA:240,0
DA:241,0
DA:242,0
DA:243,0
DA:244,0
DA:245,0
DA:246,0
DA:247,0
DA:248,0
DA:249,0
DA:250,0
DA:251,0
DA:252,0
DA:253,0
DA:254,0
DA:255,0
DA:256,0
DA:257,0
DA:258,0
DA:259,0
DA:260,0
DA:261,0
DA:262,0
DA:263,0
DA:264,0
DA:265,0
DA:266,0
DA:267,0
DA:268,0
DA:269,0
DA:270,0
DA:271,0
DA:272,0
DA:273,0
DA:274,0
DA:275,0
DA:276,0
DA:277,0
DA:278,0
DA:279,0
DA:280,0
DA:281,0
DA:282,0
DA:283,0
DA:284,0
DA:285,0
DA:286,0
DA:287,0
DA:288,0
DA:289,0
DA:290,0
DA:291,0
DA:292,0
DA:293,0
DA:294,0
DA:295,0
DA:296,0
DA:297,0
DA:298,0
DA:299,0
DA:300,0
DA:301,0
DA:302,0
DA:303,0
LF:303
LH:0
BRDA:1,0,0,0
BRF:1
BRH:0
end_of_record
TN:
SF:app/api/messages/translate/route.ts
FN:1,(empty-report)
FNF:1
FNH:1
FNDA:1,(empty-report)
DA:12,0
DA:13,0
DA:14,0
DA:15,0
DA:17,0
DA:19,0
DA:20,0
DA:21,0
DA:22,0
DA:24,0
DA:25,0
DA:26,0
DA:28,0
DA:29,0
DA:30,0
DA:32,0
DA:33,0
DA:34,0
DA:35,0
DA:36,0
DA:37,0
DA:39,0
DA:40,0
DA:41,0
DA:42,0
DA:43,0
DA:44,0
DA:45,0
DA:46,0
DA:47,0
DA:49,0
DA:50,0
DA:51,0
DA:52,0
DA:53,0
DA:54,0
DA:55,0
DA:56,0
LF:38
LH:0
BRDA:1,0,0,1
BRF:1
BRH:1
end_of_record
TN:
SF:app/api/notifications/route.ts
FN:12,GET
FNF:1
FNH:1
FNDA:8,GET
DA:6,1
DA:8,1
DA:9,1
DA:10,1
DA:12,8
DA:13,8
DA:14,8
DA:16,7
DA:17,7
DA:18,8
DA:19,8
DA:20,8
DA:21,6
DA:22,8
DA:23,1
DA:24,1
DA:25,1
DA:26,8
LF:18
LH:18
BRDA:12,0,0,8
BRDA:14,1,0,1
BRDA:14,2,0,7
BRDA:18,3,0,3
BRDA:19,4,0,6
BRDA:19,5,0,2
BRDA:19,6,0,5
BRDA:20,7,0,6
BRDA:22,8,0,1
BRF:9
BRH:9
end_of_record
TN:
SF:app/api/notifications/[id]/read/route.ts
FN:12,POST
FNF:1
FNH:1
FNDA:4,POST
DA:6,1
DA:8,1
DA:9,1
DA:10,1
DA:12,4
DA:13,4
DA:14,4
DA:15,4
DA:16,4
DA:17,4
DA:19,3
DA:20,3
DA:21,3
DA:22,2
DA:23,4
DA:24,1
DA:25,1
DA:26,1
DA:27,4
LF:19
LH:19
BRDA:12,0,0,4
BRDA:17,1,0,1
BRDA:17,2,0,3
BRDA:21,3,0,2
BRDA:23,4,0,1
BRF:5
BRH:5
end_of_record
TN:
SF:app/api/notifications/read-all/route.ts
FN:12,POST
FNF:1
FNH:1
FNDA:3,POST
DA:6,1
DA:8,1
DA:9,1
DA:10,1
DA:12,3
DA:13,3
DA:14,3
DA:16,2
DA:17,2
DA:18,1
DA:19,1
DA:20,1
DA:21,1
DA:22,1
DA:23,3
LF:15
LH:15
BRDA:12,0,0,3
BRDA:14,1,0,1
BRDA:14,2,0,2
BRDA:17,3,0,1
BRF:4
BRH:4
end_of_record
TN:
SF:app/api/notifications/unread-count/route.ts
FN:12,GET
FNF:1
FNH:1
FNDA:4,GET
DA:6,1
DA:8,1
DA:9,1
DA:10,1
DA:12,4
DA:13,4
DA:14,4
DA:16,3
DA:17,3
DA:18,2
DA:19,4
DA:20,1
DA:21,1
DA:22,1
DA:23,4
LF:15
LH:15
BRDA:12,0,0,4
BRDA:14,1,0,1
BRDA:14,2,0,3
BRDA:17,3,0,2
BRDA:19,4,0,1
BRF:5
BRH:5
end_of_record
TN:
SF:app/api/patient/social-worker-access/route.ts
FN:1,(empty-report)
FNF:1
FNH:1
FNDA:1,(empty-report)
DA:6,0
DA:7,0
DA:8,0
DA:14,0
DA:16,0
DA:18,0
DA:19,0
DA:20,0
DA:22,0
DA:23,0
DA:24,0
DA:26,0
DA:27,0
DA:28,0
DA:30,0
DA:34,0
DA:35,0
DA:36,0
DA:38,0
DA:39,0
DA:40,0
DA:41,0
DA:43,0
DA:44,0
DA:45,0
DA:46,0
DA:47,0
DA:48,0
DA:50,0
DA:51,0
DA:52,0
DA:54,0
DA:55,0
DA:56,0
DA:58,0
DA:62,0
DA:63,0
DA:64,0
DA:67,0
DA:68,0
DA:69,0
DA:70,0
DA:71,0
DA:73,0
DA:74,0
DA:75,0
DA:77,0
DA:78,0
DA:79,0
LF:49
LH:0
BRDA:1,0,0,1
BRF:1
BRH:1
end_of_record
TN:
SF:app/api/patient/sw-request/route.ts
FN:1,(empty-report)
FNF:1
FNH:1
FNDA:1,(empty-report)
DA:11,0
DA:12,0
DA:13,0
DA:19,0
DA:20,0
DA:21,0
DA:23,0
DA:25,0
DA:26,0
DA:27,0
DA:28,0
DA:30,0
DA:31,0
DA:32,0
DA:33,0
DA:34,0
DA:35,0
DA:36,0
DA:38,0
DA:39,0
DA:40,0
DA:41,0
DA:43,0
DA:44,0
DA:45,0
DA:47,0
DA:48,0
DA:49,0
DA:52,0
DA:53,0
DA:54,0
DA:55,0
DA:56,0
DA:57,0
DA:58,0
DA:61,0
DA:62,0
DA:63,0
DA:64,0
DA:65,0
DA:66,0
DA:67,0
DA:69,0
DA:72,0
DA:73,0
DA:74,0
DA:75,0
DA:76,0
DA:78,0
DA:79,0
DA:80,0
DA:81,0
DA:82,0
DA:83,0
DA:85,0
DA:86,0
DA:87,0
DA:88,0
DA:90,0
DA:91,0
DA:92,0
DA:93,0
DA:94,0
DA:96,0
DA:97,0
DA:98,0
DA:99,0
DA:100,0
DA:101,0
DA:102,0
DA:104,0
DA:105,0
DA:106,0
DA:107,0
DA:108,0
DA:109,0
LF:76
LH:0
BRDA:1,0,0,1
BRF:1
BRH:1
end_of_record
TN:
SF:app/api/pdf/extract/route.ts
FN:15,isUploadedFile
FN:19,isPdfFile
FN:31,POST
FNF:3
FNH:3
FNDA:4,isUploadedFile
FNDA:2,isPdfFile
FNDA:4,POST
DA:6,1
DA:7,1
DA:8,1
DA:9,1
DA:11,1
DA:13,1
DA:15,4
DA:16,4
DA:17,4
DA:19,2
DA:20,2
DA:21,1
DA:22,1
DA:24,2
DA:25,0
DA:26,0
DA:28,1
DA:29,1
DA:31,4
DA:32,4
DA:33,4
DA:34,4
DA:35,0
DA:36,0
DA:38,4
DA:39,4
DA:41,4
DA:42,1
DA:43,1
DA:45,4
DA:46,0
DA:47,0
DA:49,4
DA:50,1
DA:51,1
DA:52,1
DA:53,1
DA:54,1
DA:56,4
DA:57,1
DA:58,1
DA:60,1
DA:61,1
DA:62,1
DA:63,4
DA:64,4
DA:65,4
DA:67,1
DA:68,4
DA:69,0
DA:70,0
DA:71,0
DA:72,0
DA:74,0
DA:75,0
DA:76,0
DA:77,0
DA:78,0
DA:79,0
DA:80,0
DA:81,0
DA:82,0
DA:83,0
DA:84,4
LF:64
LH:44
BRDA:15,0,0,4
BRDA:16,1,0,3
BRDA:19,2,0,2
BRDA:20,3,0,1
BRDA:24,4,0,0
BRDA:24,5,0,0
BRDA:26,6,0,1
BRDA:31,7,0,4
BRDA:34,8,0,0
BRDA:41,9,0,1
BRDA:43,10,0,3
BRDA:45,11,0,0
BRDA:47,12,0,3
BRDA:49,13,0,1
BRDA:54,14,0,2
BRDA:56,15,0,1
BRDA:63,16,0,0
BRDA:65,17,0,1
BRDA:68,18,0,0
BRF:19
BRH:13
end_of_record
TN:
SF:app/api/pdf/generate/route.ts
FN:21,sanitizeFilename
FN:25,POST
FNF:2
FNH:2
FNDA:1,sanitizeFilename
FNDA:2,POST
DA:6,1
DA:7,1
DA:8,1
DA:9,1
DA:10,1
DA:11,1
DA:13,1
DA:15,1
DA:16,1
DA:17,1
DA:18,1
DA:19,1
DA:21,1
DA:22,1
DA:23,1
DA:25,2
DA:26,2
DA:27,2
DA:28,2
DA:29,0
DA:30,0
DA:32,2
DA:33,2
DA:35,2
DA:36,1
DA:37,2
DA:39,2
DA:40,2
DA:41,2
DA:42,2
DA:43,2
DA:44,2
DA:45,2
DA:46,2
DA:47,2
DA:48,1
DA:49,1
DA:50,1
DA:51,1
DA:53,1
DA:55,1
DA:56,1
DA:57,1
DA:58,1
DA:59,0
DA:60,1
DA:61,1
DA:62,1
DA:63,1
DA:64,1
DA:65,1
DA:66,2
LF:52
LH:49
BRDA:21,0,0,1
BRDA:25,1,0,2
BRDA:28,2,0,0
BRDA:35,3,0,1
BRDA:37,4,0,0
BRDA:47,5,0,1
BRDA:58,6,0,0
BRDA:62,7,0,0
BRF:8
BRH:4
end_of_record
TN:
SF:app/api/rag/ingest/route.ts
FN:1,(empty-report)
FNF:1
FNH:1
FNDA:1,(empty-report)
DA:6,0
DA:7,0
DA:9,0
DA:10,0
DA:11,0
DA:12,0
DA:15,0
DA:17,0
DA:35,0
DA:36,0
DA:37,0
DA:38,0
DA:39,0
DA:40,0
DA:42,0
DA:44,0
DA:45,0
DA:46,0
DA:47,0
DA:50,0
DA:51,0
DA:52,0
DA:53,0
DA:54,0
DA:55,0
DA:56,0
DA:57,0
DA:58,0
DA:59,0
DA:61,0
DA:62,0
DA:64,0
DA:65,0
DA:67,0
DA:68,0
DA:69,0
DA:70,0
DA:72,0
DA:73,0
DA:75,0
DA:77,0
DA:78,0
DA:80,0
DA:81,0
DA:82,0
DA:83,0
DA:84,0
DA:85,0
DA:86,0
DA:87,0
DA:88,0
DA:89,0
DA:90,0
DA:91,0
DA:92,0
DA:93,0
DA:95,0
DA:96,0
DA:97,0
DA:98,0
DA:99,0
DA:100,0
DA:102,0
DA:103,0
DA:104,0
DA:105,0
DA:106,0
DA:107,0
LF:68
LH:0
BRDA:1,0,0,1
BRF:1
BRH:1
end_of_record
TN:
SF:app/api/sessions/route.ts
FN:19,GET
FN:37,POST
FNF:2
FNH:1
FNDA:0,GET
FNDA:2,POST
DA:7,1
DA:9,1
DA:10,1
DA:11,1
DA:12,1
DA:13,1
DA:15,1
DA:19,0
DA:20,0
DA:21,0
DA:22,0
DA:24,0
DA:25,0
DA:27,0
DA:28,0
DA:29,0
DA:30,0
DA:31,0
DA:32,0
DA:33,0
DA:37,2
DA:38,2
DA:39,2
DA:40,2
DA:42,2
DA:48,2
DA:49,0
DA:50,0
DA:51,0
DA:52,0
DA:53,0
DA:55,2
DA:56,2
DA:57,2
DA:58,2
DA:59,2
DA:60,2
DA:61,2
DA:62,1
DA:63,1
DA:64,1
DA:65,1
DA:66,1
DA:69,1
DA:70,1
DA:71,1
DA:72,1
DA:73,2
DA:74,2
DA:75,2
DA:76,0
DA:77,2
DA:79,2
DA:80,2
DA:81,0
DA:82,0
DA:83,0
DA:84,2
LF:58
LH:36
BRDA:37,0,0,2
BRDA:40,1,0,0
BRDA:48,2,0,0
BRDA:58,3,0,1
BRDA:59,4,0,1
BRDA:61,5,0,1
BRDA:73,6,0,0
BRDA:74,7,0,0
BRDA:80,8,0,0
BRF:9
BRH:4
end_of_record
TN:
SF:app/api/sessions/[sessionId]/route.ts
FN:23,GET
FN:59,PATCH
FN:115,DELETE
FNF:3
FNH:2
FNDA:0,GET
FNDA:11,PATCH
FNDA:8,DELETE
DA:9,1
DA:11,1
DA:12,1
DA:14,1
DA:15,1
DA:17,1
DA:23,0
DA:24,0
DA:25,0
DA:26,0
DA:28,0
DA:29,0
DA:30,0
DA:31,0
DA:32,0
DA:35,0
DA:36,0
DA:37,0
DA:38,0
DA:39,0
DA:40,0
DA:42,0
DA:43,0
DA:44,0
DA:45,0
DA:46,0
DA:47,0
DA:51,1
DA:54,1
DA:55,1
DA:56,1
DA:57,1
DA:59,11
DA:60,11
DA:61,11
DA:62,11
DA:64,10
DA:65,10
DA:66,11
DA:67,1
DA:68,1
DA:70,9
DA:71,9
DA:72,11
DA:73,1
DA:74,1
DA:76,8
DA:77,8
DA:79,11
DA:80,1
DA:81,1
DA:83,11
DA:84,11
DA:85,11
DA:86,2
DA:87,2
DA:88,2
DA:89,2
DA:90,2
DA:92,5
DA:93,5
DA:94,5
DA:95,11
DA:96,11
DA:99,11
DA:100,2
DA:101,0
DA:102,2
DA:103,2
DA:105,5
DA:106,11
DA:107,0
DA:108,0
DA:109,0
DA:110,11
DA:115,8
DA:116,8
DA:117,8
DA:118,8
DA:120,7
DA:121,7
DA:122,8
DA:123,1
DA:124,1
DA:127,8
DA:128,2
DA:129,2
DA:132,8
DA:133,2
DA:134,2
DA:135,2
DA:136,2
DA:137,2
DA:139,2
DA:140,2
DA:141,8
DA:142,0
DA:143,0
DA:144,0
DA:145,8
LF:100
LH:72
BRDA:59,0,0,11
BRDA:62,1,0,1
BRDA:62,2,0,10
BRDA:66,3,0,1
BRDA:68,4,0,9
BRDA:72,5,0,3
BRDA:72,6,0,1
BRDA:74,7,0,8
BRDA:79,8,0,1
BRDA:81,9,0,7
BRDA:83,10,0,5
BRDA:83,11,0,2
BRDA:84,12,0,1
BRDA:85,13,0,2
BRDA:90,14,0,5
BRDA:95,15,0,2
BRDA:95,16,0,3
BRDA:96,17,0,5
BRDA:99,18,0,2
BRDA:99,19,0,2
BRDA:103,20,0,5
BRDA:106,21,0,0
BRDA:115,22,0,8
BRDA:118,23,0,1
BRDA:118,24,0,7
BRDA:122,25,0,1
BRDA:124,26,0,6
BRDA:127,27,0,2
BRDA:129,28,0,4
BRDA:132,29,0,3
BRDA:132,30,0,2
BRDA:141,31,0,0
BRF:32
BRH:30
end_of_record
TN:
SF:app/api/sessions/[sessionId]/messages/route.ts
FN:1,(empty-report)
FNF:1
FNH:0
FNDA:0,(empty-report)
DA:1,0
DA:2,0
DA:3,0
DA:4,0
DA:5,0
DA:6,0
DA:7,0
DA:8,0
DA:9,0
DA:10,0
DA:11,0
DA:12,0
DA:13,0
DA:14,0
DA:15,0
DA:16,0
DA:17,0
DA:18,0
DA:19,0
DA:20,0
DA:21,0
DA:22,0
DA:23,0
DA:24,0
DA:25,0
DA:26,0
DA:27,0
DA:28,0
DA:29,0
DA:30,0
DA:31,0
DA:32,0
DA:33,0
DA:34,0
DA:35,0
DA:36,0
DA:37,0
DA:38,0
DA:39,0
DA:40,0
DA:41,0
DA:42,0
DA:43,0
DA:44,0
DA:45,0
DA:46,0
DA:47,0
DA:48,0
DA:49,0
DA:50,0
DA:51,0
DA:52,0
DA:53,0
DA:54,0
DA:55,0
DA:56,0
DA:57,0
DA:58,0
DA:59,0
DA:60,0
DA:61,0
DA:62,0
DA:63,0
DA:64,0
DA:65,0
DA:66,0
DA:67,0
DA:68,0
DA:69,0
DA:70,0
DA:71,0
DA:72,0
DA:73,0
DA:74,0
DA:75,0
DA:76,0
DA:77,0
DA:78,0
DA:79,0
DA:80,0
DA:81,0
DA:82,0
DA:83,0
DA:84,0
DA:85,0
DA:86,0
DA:87,0
DA:88,0
DA:89,0
DA:90,0
DA:91,0
DA:92,0
DA:93,0
DA:94,0
DA:95,0
DA:96,0
DA:97,0
LF:97
LH:0
BRDA:1,0,0,0
BRF:1
BRH:0
end_of_record
TN:
SF:app/api/sessions/[sessionId]/voice/route.ts
FN:1,(empty-report)
FNF:1
FNH:0
FNDA:0,(empty-report)
DA:1,0
DA:2,0
DA:3,0
DA:4,0
DA:5,0
DA:6,0
DA:7,0
DA:8,0
DA:9,0
DA:10,0
DA:11,0
DA:12,0
DA:13,0
DA:14,0
DA:15,0
DA:16,0
DA:17,0
DA:18,0
DA:19,0
DA:20,0
DA:21,0
DA:22,0
DA:23,0
DA:24,0
DA:25,0
DA:26,0
DA:27,0
DA:28,0
DA:29,0
DA:30,0
DA:31,0
DA:32,0
DA:33,0
DA:34,0
DA:35,0
DA:36,0
DA:37,0
DA:38,0
DA:39,0
DA:40,0
DA:41,0
DA:42,0
DA:43,0
DA:44,0
DA:45,0
DA:46,0
DA:47,0
DA:48,0
DA:49,0
DA:50,0
DA:51,0
DA:52,0
DA:53,0
DA:54,0
DA:55,0
DA:56,0
DA:57,0
DA:58,0
DA:59,0
DA:60,0
DA:61,0
DA:62,0
DA:63,0
DA:64,0
DA:65,0
DA:66,0
DA:67,0
DA:68,0
DA:69,0
DA:70,0
DA:71,0
DA:72,0
DA:73,0
DA:74,0
DA:75,0
DA:76,0
DA:77,0
DA:78,0
DA:79,0
DA:80,0
DA:81,0
DA:82,0
DA:83,0
DA:84,0
DA:85,0
DA:86,0
DA:87,0
DA:88,0
DA:89,0
DA:90,0
DA:91,0
DA:92,0
DA:93,0
DA:94,0
DA:95,0
DA:96,0
DA:97,0
DA:98,0
DA:99,0
DA:100,0
DA:101,0
DA:102,0
DA:103,0
DA:104,0
DA:105,0
DA:106,0
DA:107,0
DA:108,0
DA:109,0
DA:110,0
DA:111,0
DA:112,0
DA:113,0
DA:114,0
DA:115,0
DA:116,0
DA:117,0
LF:117
LH:0
BRDA:1,0,0,0
BRF:1
BRH:0
end_of_record
TN:
SF:app/api/sessions/[sessionId]/voice/[messageId]/route.ts
FN:1,(empty-report)
FNF:1
FNH:0
FNDA:0,(empty-report)
DA:1,0
DA:2,0
DA:3,0
DA:4,0
DA:5,0
DA:6,0
DA:7,0
DA:8,0
DA:9,0
DA:10,0
DA:11,0
DA:12,0
DA:13,0
DA:14,0
DA:15,0
DA:16,0
DA:17,0
DA:18,0
DA:19,0
DA:20,0
DA:21,0
DA:22,0
DA:23,0
DA:24,0
DA:25,0
DA:26,0
DA:27,0
DA:28,0
DA:29,0
DA:30,0
DA:31,0
DA:32,0
DA:33,0
DA:34,0
DA:35,0
DA:36,0
DA:37,0
DA:38,0
DA:39,0
DA:40,0
DA:41,0
DA:42,0
DA:43,0
DA:44,0
DA:45,0
DA:46,0
DA:47,0
DA:48,0
DA:49,0
DA:50,0
DA:51,0
DA:52,0
DA:53,0
DA:54,0
DA:55,0
DA:56,0
DA:57,0
DA:58,0
DA:59,0
DA:60,0
LF:60
LH:0
BRDA:1,0,0,0
BRF:1
BRH:0
end_of_record
TN:
SF:app/api/social-worker/engagement-requests/route.ts
FN:1,(empty-report)
FNF:1
FNH:1
FNDA:1,(empty-report)
DA:9,0
DA:10,0
DA:11,0
DA:12,0
DA:13,0
DA:15,0
DA:17,0
DA:18,0
DA:19,0
DA:20,0
DA:22,0
DA:23,0
DA:24,0
DA:25,0
DA:27,0
DA:28,0
DA:29,0
DA:30,0
DA:31,0
DA:32,0
DA:33,0
DA:34,0
DA:35,0
LF:23
LH:0
BRDA:1,0,0,1
BRF:1
BRH:1
end_of_record
TN:
SF:app/api/social-worker/engagement-requests/[id]/route.ts
FN:1,(empty-report)
FNF:1
FNH:0
FNDA:0,(empty-report)
DA:1,0
DA:2,0
DA:3,0
DA:4,0
DA:5,0
DA:6,0
DA:7,0
DA:8,0
DA:9,0
DA:10,0
DA:11,0
DA:12,0
DA:13,0
DA:14,0
DA:15,0
DA:16,0
DA:17,0
DA:18,0
DA:19,0
DA:20,0
DA:21,0
DA:22,0
DA:23,0
DA:24,0
DA:25,0
DA:26,0
DA:27,0
DA:28,0
DA:29,0
DA:30,0
DA:31,0
DA:32,0
DA:33,0
DA:34,0
DA:35,0
DA:36,0
DA:37,0
DA:38,0
DA:39,0
DA:40,0
DA:41,0
DA:42,0
DA:43,0
DA:44,0
DA:45,0
DA:46,0
DA:47,0
DA:48,0
DA:49,0
DA:50,0
DA:51,0
DA:52,0
DA:53,0
DA:54,0
DA:55,0
DA:56,0
DA:57,0
DA:58,0
DA:59,0
DA:60,0
DA:61,0
DA:62,0
DA:63,0
DA:64,0
DA:65,0
DA:66,0
DA:67,0
DA:68,0
DA:69,0
DA:70,0
DA:71,0
DA:72,0
DA:73,0
DA:74,0
DA:75,0
DA:76,0
DA:77,0
DA:78,0
DA:79,0
DA:80,0
DA:81,0
DA:82,0
DA:83,0
DA:84,0
DA:85,0
DA:86,0
DA:87,0
DA:88,0
LF:88
LH:0
BRDA:1,0,0,0
BRF:1
BRH:0
end_of_record
TN:
SF:app/api/social-worker/messages/route.ts
FN:1,(empty-report)
FNF:1
FNH:1
FNDA:1,(empty-report)
DA:9,0
DA:10,0
DA:11,0
DA:12,0
DA:13,0
DA:15,0
DA:17,0
DA:18,0
DA:19,0
DA:20,0
DA:22,0
DA:23,0
DA:24,0
DA:25,0
DA:27,0
DA:28,0
DA:29,0
DA:30,0
DA:31,0
DA:32,0
DA:33,0
DA:34,0
DA:35,0
LF:23
LH:0
BRDA:1,0,0,1
BRF:1
BRH:1
end_of_record
TN:
SF:app/api/social-worker/patients/route.ts
FN:1,(empty-report)
FNF:1
FNH:1
FNDA:1,(empty-report)
DA:6,0
DA:7,0
DA:8,0
DA:10,0
DA:12,0
DA:13,0
DA:14,0
DA:16,0
DA:17,0
DA:18,0
LF:10
LH:0
BRDA:1,0,0,1
BRF:1
BRH:1
end_of_record
TN:
SF:app/api/social-worker/patients/[patientId]/applications/route.ts
FN:1,(empty-report)
FNF:1
FNH:0
FNDA:0,(empty-report)
DA:1,0
DA:2,0
DA:3,0
DA:4,0
DA:5,0
DA:6,0
DA:7,0
DA:8,0
DA:9,0
DA:10,0
DA:11,0
DA:12,0
DA:13,0
DA:14,0
DA:15,0
DA:16,0
DA:17,0
DA:18,0
DA:19,0
DA:20,0
DA:21,0
DA:22,0
LF:22
LH:0
BRDA:1,0,0,0
BRF:1
BRH:0
end_of_record
TN:
SF:app/api/social-worker/patients/[patientId]/dashboard/route.ts
FN:1,(empty-report)
FNF:1
FNH:0
FNDA:0,(empty-report)
DA:1,0
DA:2,0
DA:3,0
DA:4,0
DA:5,0
DA:6,0
DA:7,0
DA:8,0
DA:9,0
DA:10,0
DA:11,0
DA:12,0
DA:13,0
DA:14,0
DA:15,0
DA:16,0
DA:17,0
DA:18,0
DA:19,0
DA:20,0
DA:21,0
DA:22,0
DA:23,0
DA:24,0
DA:25,0
DA:26,0
DA:27,0
DA:28,0
DA:29,0
DA:30,0
DA:31,0
DA:32,0
DA:33,0
DA:34,0
DA:35,0
DA:36,0
DA:37,0
DA:38,0
DA:39,0
DA:40,0
DA:41,0
DA:42,0
DA:43,0
DA:44,0
DA:45,0
DA:46,0
DA:47,0
DA:48,0
DA:49,0
DA:50,0
DA:51,0
DA:52,0
DA:53,0
DA:54,0
DA:55,0
DA:56,0
DA:57,0
DA:58,0
DA:59,0
DA:60,0
DA:61,0
DA:62,0
DA:63,0
DA:64,0
DA:65,0
DA:66,0
DA:67,0
DA:68,0
DA:69,0
DA:70,0
DA:71,0
DA:72,0
DA:73,0
DA:74,0
DA:75,0
DA:76,0
DA:77,0
DA:78,0
DA:79,0
DA:80,0
DA:81,0
DA:82,0
DA:83,0
DA:84,0
DA:85,0
DA:86,0
DA:87,0
DA:88,0
DA:89,0
DA:90,0
DA:91,0
DA:92,0
DA:93,0
DA:94,0
DA:95,0
DA:96,0
DA:97,0
DA:98,0
DA:99,0
DA:100,0
DA:101,0
DA:102,0
DA:103,0
DA:104,0
DA:105,0
DA:106,0
DA:107,0
DA:108,0
DA:109,0
DA:110,0
DA:111,0
DA:112,0
DA:113,0
DA:114,0
DA:115,0
DA:116,0
LF:116
LH:0
BRDA:1,0,0,0
BRF:1
BRH:0
end_of_record
TN:
SF:app/api/social-worker/patients/[patientId]/profile/route.ts
FN:1,(empty-report)
FNF:1
FNH:0
FNDA:0,(empty-report)
DA:1,0
DA:2,0
DA:3,0
DA:4,0
DA:5,0
DA:6,0
DA:7,0
DA:8,0
DA:9,0
DA:10,0
DA:11,0
DA:12,0
DA:13,0
DA:14,0
DA:15,0
DA:16,0
DA:17,0
DA:18,0
DA:19,0
DA:20,0
DA:21,0
DA:22,0
DA:23,0
DA:24,0
DA:25,0
DA:26,0
DA:27,0
DA:28,0
DA:29,0
DA:30,0
DA:31,0
DA:32,0
DA:33,0
DA:34,0
DA:35,0
DA:36,0
DA:37,0
DA:38,0
DA:39,0
DA:40,0
DA:41,0
DA:42,0
DA:43,0
DA:44,0
DA:45,0
DA:46,0
DA:47,0
DA:48,0
DA:49,0
DA:50,0
DA:51,0
DA:52,0
DA:53,0
DA:54,0
DA:55,0
DA:56,0
DA:57,0
DA:58,0
DA:59,0
DA:60,0
DA:61,0
DA:62,0
DA:63,0
DA:64,0
DA:65,0
DA:66,0
DA:67,0
DA:68,0
DA:69,0
DA:70,0
DA:71,0
DA:72,0
DA:73,0
DA:74,0
DA:75,0
DA:76,0
DA:77,0
DA:78,0
DA:79,0
DA:80,0
DA:81,0
DA:82,0
DA:83,0
DA:84,0
DA:85,0
DA:86,0
DA:87,0
DA:88,0
DA:89,0
DA:90,0
DA:91,0
DA:92,0
DA:93,0
DA:94,0
DA:95,0
DA:96,0
DA:97,0
DA:98,0
DA:99,0
DA:100,0
DA:101,0
DA:102,0
DA:103,0
DA:104,0
LF:104
LH:0
BRDA:1,0,0,0
BRF:1
BRH:0
end_of_record
TN:
SF:app/api/social-worker/profile/route.ts
FN:1,(empty-report)
FNF:1
FNH:1
FNDA:1,(empty-report)
DA:6,0
DA:7,0
DA:8,0
DA:10,0
DA:12,0
DA:13,0
DA:14,0
DA:16,0
DA:17,0
DA:18,0
LF:10
LH:0
BRDA:1,0,0,1
BRF:1
BRH:1
end_of_record
TN:
SF:app/api/social-worker/search/route.ts
FN:1,(empty-report)
FNF:1
FNH:1
FNDA:1,(empty-report)
DA:6,0
DA:7,0
DA:8,0
DA:10,0
DA:12,0
DA:13,0
DA:14,0
DA:16,0
DA:18,0
DA:20,0
DA:21,0
DA:22,0
LF:12
LH:0
BRDA:1,0,0,1
BRF:1
BRH:1
end_of_record
TN:
SF:app/api/user-profile/route.ts
FN:1,(empty-report)
FNF:1
FNH:1
FNDA:1,(empty-report)
DA:6,0
DA:7,0
DA:9,0
DA:10,0
DA:11,0
DA:12,0
DA:19,0
DA:23,0
DA:24,0
DA:25,0
DA:26,0
DA:27,0
DA:29,0
DA:30,0
DA:31,0
DA:32,0
DA:33,0
DA:34,0
DA:35,0
DA:36,0
DA:37,0
DA:38,0
DA:39,0
DA:40,0
DA:42,0
DA:43,0
DA:44,0
DA:45,0
DA:46,0
DA:47,0
DA:48,0
DA:50,0
DA:51,0
DA:52,0
DA:53,0
DA:54,0
DA:55,0
DA:56,0
DA:57,0
DA:59,0
DA:60,0
DA:61,0
DA:62,0
DA:63,0
DA:64,0
DA:65,0
DA:66,0
DA:67,0
DA:68,0
DA:69,0
DA:70,0
DA:72,0
DA:73,0
DA:74,0
DA:75,0
DA:79,0
DA:80,0
DA:81,0
DA:82,0
DA:84,0
DA:85,0
DA:86,0
DA:87,0
DA:89,0
DA:90,0
DA:91,0
DA:92,0
DA:93,0
DA:94,0
DA:98,0
DA:99,0
DA:100,0
DA:101,0
DA:103,0
DA:104,0
DA:105,0
DA:106,0
DA:107,0
DA:109,0
DA:110,0
DA:111,0
DA:112,0
DA:113,0
DA:115,0
DA:116,0
DA:117,0
DA:118,0
DA:119,0
DA:120,0
DA:121,0
DA:122,0
DA:123,0
DA:124,0
DA:125,0
DA:126,0
LF:95
LH:0
BRDA:1,0,0,1
BRF:1
BRH:1
end_of_record
TN:
SF:app/api/user-profile/applicant/route.ts
FN:1,(empty-report)
FNF:1
FNH:1
FNDA:1,(empty-report)
DA:6,0
DA:7,0
DA:9,0
DA:10,0
DA:11,0
DA:12,0
DA:19,0
DA:21,0
DA:22,0
DA:23,0
DA:24,0
DA:25,0
DA:26,0
DA:27,0
DA:28,0
DA:29,0
DA:30,0
DA:31,0
DA:32,0
DA:33,0
DA:34,0
DA:35,0
DA:36,0
DA:37,0
DA:38,0
DA:40,0
DA:41,0
DA:42,0
DA:43,0
DA:45,0
DA:46,0
DA:47,0
DA:48,0
DA:49,0
DA:51,0
DA:52,0
DA:53,0
DA:54,0
DA:55,0
DA:56,0
DA:57,0
DA:58,0
DA:59,0
DA:60,0
DA:61,0
DA:62,0
DA:63,0
LF:47
LH:0
BRDA:1,0,0,1
BRF:1
BRH:1
end_of_record
TN:
SF:app/api/user-profile/avatar/route.ts
FN:1,(empty-report)
FNF:1
FNH:1
FNDA:1,(empty-report)
DA:6,0
DA:8,0
DA:9,0
DA:10,0
DA:11,0
DA:19,0
DA:25,0
DA:26,0
DA:27,0
DA:28,0
DA:29,0
DA:30,0
DA:31,0
DA:32,0
DA:34,0
DA:35,0
DA:36,0
DA:37,0
DA:38,0
DA:46,0
DA:47,0
DA:48,0
DA:49,0
DA:51,0
DA:52,0
DA:53,0
DA:54,0
DA:55,0
DA:57,0
DA:58,0
DA:59,0
DA:60,0
DA:61,0
DA:62,0
DA:64,0
DA:65,0
DA:66,0
DA:67,0
DA:68,0
DA:69,0
DA:71,0
DA:73,0
DA:74,0
DA:75,0
DA:78,0
DA:79,0
DA:80,0
DA:81,0
DA:82,0
DA:83,0
DA:84,0
DA:88,0
DA:91,0
DA:92,0
DA:93,0
DA:94,0
DA:95,0
DA:97,0
DA:99,0
DA:100,0
DA:101,0
DA:102,0
DA:103,0
DA:104,0
DA:110,0
DA:111,0
DA:112,0
DA:113,0
DA:115,0
DA:116,0
DA:119,0
DA:120,0
DA:121,0
DA:122,0
DA:125,0
DA:127,0
DA:128,0
DA:129,0
DA:130,0
DA:131,0
DA:132,0
LF:81
LH:0
BRDA:1,0,0,1
BRF:1
BRH:1
end_of_record
TN:
SF:lib/application-status.ts
FNF:0
FNH:0
DA:6,1
DA:7,1
DA:8,1
DA:9,1
DA:10,1
DA:11,1
DA:12,1
DA:13,1
DA:14,1
DA:18,1
LF:10
LH:10
BRF:0
BRH:0
end_of_record
TN:
SF:lib/constant.ts
FNF:0
FNH:0
DA:6,1
DA:11,1
DA:12,1
DA:13,1
DA:14,1
DA:15,1
DA:16,1
DA:18,1
DA:19,1
DA:20,1
DA:21,1
DA:22,1
DA:23,1
DA:24,1
DA:26,1
DA:28,1
DA:29,1
DA:30,1
DA:31,1
DA:32,1
DA:33,1
DA:34,1
DA:35,1
DA:37,1
DA:39,1
DA:40,1
DA:41,1
DA:42,1
DA:43,1
DA:44,1
DA:45,1
DA:46,1
DA:47,1
DA:48,1
DA:49,1
DA:50,1
DA:51,1
DA:52,1
DA:53,1
DA:54,1
DA:55,1
DA:56,1
DA:57,1
DA:58,1
DA:59,1
DA:60,1
DA:61,1
DA:62,1
DA:63,1
DA:64,1
DA:65,1
DA:66,1
DA:67,1
DA:68,1
DA:69,1
DA:70,1
DA:71,1
DA:72,1
DA:73,1
DA:74,1
DA:75,1
DA:76,1
DA:77,1
DA:78,1
DA:79,1
DA:80,1
DA:81,1
DA:82,1
DA:83,1
DA:84,1
DA:85,1
DA:86,1
DA:87,1
DA:88,1
DA:89,1
DA:90,1
DA:91,1
DA:93,1
DA:94,1
DA:95,1
DA:96,1
DA:98,1
DA:99,1
DA:100,1
DA:101,1
DA:102,1
DA:103,1
DA:104,1
DA:105,1
DA:106,1
DA:107,1
DA:108,1
DA:110,1
DA:111,1
DA:112,1
DA:113,1
DA:114,1
DA:115,1
DA:116,1
DA:117,1
DA:119,1
DA:120,1
DA:121,1
DA:122,1
DA:123,1
DA:124,1
DA:125,1
LF:107
LH:107
BRDA:14,0,0,12
BRDA:15,1,0,12
BRDA:95,2,0,16
BRF:3
BRH:3
end_of_record
TN:
SF:lib/eligibility-engine.ts
FN:14,getAnnualFPL
FN:19,getMonthlyFPL
FN:23,getIncomeAsFPLPercent
FN:99,runEligibilityCheck
FN:431,buildSummary
FNF:5
FNH:5
FNDA:1220,getAnnualFPL
FNDA:199,getMonthlyFPL
FNDA:72,getIncomeAsFPLPercent
FNDA:49,runEligibilityCheck
FNDA:44,buildSummary
DA:11,1
DA:12,1
DA:14,1
DA:15,1220
DA:16,1220
DA:17,1220
DA:19,1
DA:20,199
DA:21,199
DA:23,1
DA:24,72
DA:25,72
DA:26,72
DA:99,1
DA:100,49
DA:101,49
DA:102,49
DA:103,49
DA:105,49
DA:106,49
DA:107,6
DA:110,49
DA:111,5
DA:112,5
DA:113,5
DA:114,5
DA:115,5
DA:116,5
DA:117,5
DA:118,5
DA:119,5
DA:120,5
DA:121,5
DA:122,5
DA:123,5
DA:124,5
DA:125,5
DA:126,5
DA:127,5
DA:128,5
DA:129,5
DA:130,5
DA:131,5
DA:134,49
DA:135,5
DA:136,5
DA:137,5
DA:138,5
DA:139,5
DA:140,5
DA:141,5
DA:142,5
DA:143,5
DA:144,5
DA:145,5
DA:146,5
DA:148,5
DA:149,3
DA:150,3
DA:151,3
DA:152,3
DA:153,3
DA:154,3
DA:155,3
DA:156,3
DA:157,3
DA:158,3
DA:159,3
DA:160,3
DA:161,3
DA:163,5
DA:164,5
DA:167,49
DA:168,2
DA:169,2
DA:170,2
DA:171,2
DA:172,2
DA:173,2
DA:174,2
DA:175,2
DA:176,2
DA:177,2
DA:178,2
DA:179,2
DA:180,2
DA:183,49
DA:184,6
DA:185,2
DA:186,2
DA:187,2
DA:188,2
DA:189,2
DA:190,2
DA:191,2
DA:192,2
DA:193,2
DA:194,2
DA:195,2
DA:196,2
DA:197,6
DA:198,2
DA:199,2
DA:200,2
DA:201,2
DA:202,2
DA:203,2
DA:204,2
DA:205,2
DA:206,2
DA:207,2
DA:208,2
DA:209,2
DA:210,2
DA:211,2
DA:212,2
DA:213,2
DA:214,2
DA:215,2
DA:216,2
DA:217,2
DA:218,2
DA:219,2
DA:220,2
DA:221,2
DA:222,2
DA:223,2
DA:224,6
DA:225,6
DA:228,49
DA:231,23
DA:232,2
DA:233,2
DA:234,2
DA:235,2
DA:236,2
DA:237,2
DA:238,2
DA:239,2
DA:240,2
DA:241,2
DA:242,2
DA:243,2
DA:244,2
DA:248,23
DA:249,8
DA:250,8
DA:251,8
DA:252,8
DA:253,8
DA:254,8
DA:255,8
DA:256,8
DA:257,8
DA:258,8
DA:259,8
DA:260,8
DA:261,8
DA:264,23
DA:265,7
DA:266,7
DA:267,7
DA:268,7
DA:269,7
DA:270,7
DA:271,7
DA:272,7
DA:273,7
DA:274,7
DA:275,7
DA:276,7
DA:277,7
DA:280,23
DA:281,2
DA:282,2
DA:283,2
DA:284,2
DA:285,2
DA:286,2
DA:287,2
DA:288,2
DA:289,2
DA:290,2
DA:291,2
DA:292,2
DA:293,2
DA:296,23
DA:297,2
DA:298,2
DA:299,2
DA:300,2
DA:301,2
DA:302,2
DA:303,2
DA:304,2
DA:305,2
DA:306,2
DA:307,2
DA:308,2
DA:309,2
DA:312,23
DA:313,2
DA:314,2
DA:315,2
DA:316,2
DA:317,2
DA:318,2
DA:319,2
DA:320,2
DA:321,2
DA:322,2
DA:323,2
DA:324,2
DA:325,2
DA:328,23
DA:329,1
DA:330,1
DA:331,1
DA:332,1
DA:333,1
DA:334,1
DA:335,1
DA:336,1
DA:337,1
DA:338,1
DA:339,1
DA:340,1
DA:341,1
DA:342,23
DA:345,49
DA:346,9
DA:348,8
DA:349,4
DA:350,4
DA:351,4
DA:352,4
DA:353,4
DA:354,4
DA:355,4
DA:356,4
DA:357,4
DA:358,4
DA:359,4
DA:360,4
DA:361,4
DA:364,8
DA:365,6
DA:366,6
DA:367,6
DA:368,6
DA:369,6
DA:370,6
DA:371,6
DA:372,6
DA:373,6
DA:374,6
DA:375,6
DA:376,6
DA:377,6
DA:379,8
DA:380,2
DA:381,2
DA:382,2
DA:383,2
DA:384,2
DA:385,2
DA:386,2
DA:387,2
DA:388,2
DA:389,2
DA:390,2
DA:391,2
DA:392,2
DA:393,9
DA:395,1
DA:396,1
DA:397,1
DA:398,1
DA:399,1
DA:400,1
DA:401,1
DA:402,1
DA:403,1
DA:404,1
DA:405,1
DA:406,1
DA:407,1
DA:408,9
DA:411,49
DA:412,1
DA:413,1
DA:414,1
DA:415,1
DA:416,1
DA:417,1
DA:418,1
DA:419,1
DA:420,1
DA:421,1
DA:422,1
DA:423,1
DA:424,1
DA:426,33
DA:428,33
DA:429,33
DA:431,44
DA:432,44
DA:433,44
DA:435,44
DA:436,36
DA:437,36
DA:438,8
DA:439,8
DA:440,8
DA:441,0
DA:442,0
DA:446,1
DA:447,144
DA:448,144
DA:449,144
DA:450,144
DA:451,144
DA:452,144
DA:453,144
DA:454,1
LF:325
LH:323
BRDA:14,0,0,1220
BRDA:19,1,0,199
BRDA:23,2,0,72
BRDA:99,3,0,49
BRDA:106,4,0,6
BRDA:110,5,0,48
BRDA:110,6,0,5
BRDA:131,7,0,44
BRDA:134,8,0,5
BRDA:148,9,0,3
BRDA:164,10,0,39
BRDA:167,11,0,4
BRDA:167,12,0,4
BRDA:167,13,0,2
BRDA:180,14,0,39
BRDA:183,15,0,6
BRDA:183,16,0,6
BRDA:184,17,0,2
BRDA:197,18,0,4
BRDA:197,19,0,2
BRDA:225,20,0,33
BRDA:228,21,0,24
BRDA:228,22,0,23
BRDA:231,23,0,2
BRDA:231,24,0,2
BRDA:248,25,0,21
BRDA:248,26,0,10
BRDA:248,27,0,8
BRDA:264,28,0,21
BRDA:264,29,0,11
BRDA:264,30,0,7
BRDA:280,31,0,21
BRDA:280,32,0,4
BRDA:280,33,0,2
BRDA:296,34,0,21
BRDA:296,35,0,2
BRDA:312,36,0,2
BRDA:312,37,0,2
BRDA:328,38,0,1
BRDA:328,39,0,1
BRDA:342,40,0,33
BRDA:345,41,0,9
BRDA:345,42,0,9
BRDA:346,43,0,8
BRDA:348,44,0,4
BRDA:364,45,0,6
BRDA:379,46,0,2
BRDA:393,47,0,1
BRDA:408,48,0,33
BRDA:411,49,0,1
BRDA:424,50,0,33
BRDA:248,51,0,3
BRDA:426,52,0,7
BRDA:431,53,0,44
BRDA:433,54,0,0
BRDA:435,55,0,36
BRDA:437,56,0,43
BRDA:437,57,0,8
BRDA:440,58,0,0
BRDA:446,59,0,144
BRF:60
BRH:58
end_of_record
TN:
SF:lib/resend.ts
FN:1,(empty-report)
FNF:1
FNH:1
FNDA:1,(empty-report)
DA:6,0
DA:8,0
DA:12,0
LF:3
LH:0
BRDA:1,0,0,1
BRF:1
BRH:1
end_of_record
TN:
SF:lib/utils.ts
FN:9,cn
FNF:1
FNH:1
FNDA:2756,cn
DA:6,1
DA:7,1
DA:9,1
DA:10,2756
DA:11,2756
LF:5
LH:5
BRDA:9,0,0,2756
BRF:1
BRH:1
end_of_record
TN:
SF:lib/appeals/constants.ts
FNF:0
FNH:0
DA:8,1
DA:9,1
DA:10,1
DA:11,1
DA:12,1
DA:13,1
DA:14,1
DA:15,1
DA:16,1
DA:17,1
DA:18,1
DA:19,1
DA:20,1
DA:21,1
DA:22,1
DA:23,1
DA:24,1
DA:25,1
DA:26,1
DA:27,1
DA:28,1
DA:29,1
DA:30,1
DA:31,1
DA:32,1
DA:33,1
DA:34,1
DA:35,1
DA:36,1
DA:37,1
DA:38,1
DA:39,1
DA:40,1
DA:41,1
DA:42,1
DA:43,1
DA:44,1
DA:45,1
DA:46,1
DA:47,1
DA:48,1
DA:49,1
DA:50,1
DA:51,1
DA:52,1
DA:53,1
DA:54,1
DA:55,1
DA:56,1
DA:57,1
DA:58,1
DA:59,1
DA:60,1
DA:61,1
DA:63,1
DA:64,1
DA:65,1
DA:66,1
DA:67,1
DA:68,1
DA:69,1
DA:70,1
DA:71,1
DA:72,1
DA:73,1
DA:75,1
DA:76,1
DA:79,1
DA:80,1
DA:81,1
DA:85,1
DA:87,1
DA:88,1
DA:89,1
DA:90,1
DA:91,1
DA:92,1
DA:93,1
DA:94,1
LF:79
LH:79
BRF:0
BRH:0
end_of_record
TN:
SF:lib/appeals/copy.ts
FN:271,getAppealAssistantCopy
FNF:1
FNH:1
FNDA:22,getAppealAssistantCopy
DA:46,1
DA:47,1
DA:48,1
DA:49,1
DA:50,1
DA:51,1
DA:52,1
DA:53,1
DA:54,1
DA:55,1
DA:56,1
DA:57,1
DA:58,1
DA:59,1
DA:60,1
DA:61,1
DA:62,1
DA:63,1
DA:64,1
DA:65,1
DA:66,1
DA:67,1
DA:68,1
DA:69,1
DA:70,1
DA:71,1
DA:72,1
DA:73,1
DA:74,1
DA:75,1
DA:76,1
DA:77,1
DA:78,1
DA:79,1
DA:80,1
DA:81,1
DA:82,1
DA:83,1
DA:84,1
DA:85,1
DA:86,1
DA:87,1
DA:88,1
DA:89,1
DA:90,1
DA:91,1
DA:92,1
DA:93,1
DA:94,1
DA:95,1
DA:96,1
DA:97,1
DA:98,1
DA:99,1
DA:100,1
DA:101,1
DA:102,1
DA:103,1
DA:104,1
DA:105,1
DA:106,1
DA:107,1
DA:108,1
DA:109,1
DA:110,1
DA:111,1
DA:112,1
DA:113,1
DA:114,1
DA:115,1
DA:116,1
DA:117,1
DA:118,1
DA:119,1
DA:120,1
DA:121,1
DA:122,1
DA:123,1
DA:124,1
DA:125,1
DA:126,1
DA:127,1
DA:128,1
DA:129,1
DA:130,1
DA:131,1
DA:132,1
DA:133,1
DA:134,1
DA:135,1
DA:136,1
DA:137,1
DA:138,1
DA:139,1
DA:140,1
DA:141,1
DA:142,1
DA:143,1
DA:144,1
DA:145,1
DA:146,1
DA:147,1
DA:148,1
DA:149,1
DA:150,1
DA:151,1
DA:152,1
DA:153,1
DA:154,1
DA:155,1
DA:156,1
DA:157,1
DA:158,1
DA:159,1
DA:160,1
DA:161,1
DA:162,1
DA:163,1
DA:164,1
DA:165,1
DA:166,1
DA:167,1
DA:168,1
DA:169,1
DA:170,1
DA:171,1
DA:172,1
DA:173,1
DA:174,1
DA:175,1
DA:176,1
DA:177,1
DA:178,1
DA:179,1
DA:180,1
DA:181,1
DA:182,1
DA:183,1
DA:184,1
DA:185,1
DA:186,1
DA:187,1
DA:188,1
DA:189,1
DA:190,1
DA:191,1
DA:192,1
DA:193,1
DA:194,1
DA:195,1
DA:196,1
DA:197,1
DA:198,1
DA:199,1
DA:200,1
DA:201,1
DA:202,1
DA:203,1
DA:204,1
DA:205,1
DA:206,1
DA:207,1
DA:208,1
DA:209,1
DA:210,1
DA:211,1
DA:212,1
DA:213,1
DA:214,1
DA:215,1
DA:216,1
DA:217,1
DA:218,1
DA:219,1
DA:220,1
DA:221,1
DA:222,1
DA:223,1
DA:224,1
DA:225,1
DA:226,1
DA:227,1
DA:228,1
DA:229,1
DA:230,1
DA:231,1
DA:232,1
DA:233,1
DA:234,1
DA:235,1
DA:236,1
DA:237,1
DA:238,1
DA:239,1
DA:240,1
DA:241,1
DA:242,1
DA:243,1
DA:244,1
DA:245,1
DA:246,1
DA:247,1
DA:248,1
DA:249,1
DA:250,1
DA:251,1
DA:252,1
DA:253,1
DA:254,1
DA:255,1
DA:256,1
DA:257,1
DA:258,1
DA:259,1
DA:260,1
DA:261,1
DA:262,1
DA:263,1
DA:264,1
DA:265,1
DA:266,1
DA:267,1
DA:268,1
DA:269,1
DA:271,1
DA:272,22
DA:273,22
LF:227
LH:227
BRDA:271,0,0,22
BRDA:272,1,0,0
BRF:2
BRH:1
end_of_record
TN:
SF:lib/appeals/draft-personalization.ts
FN:19,normalizeLine
FN:24,buildDisplayName
FN:29,buildCityStateZip
FN:41,buildAppealDraftPrefill
FN:74,fillAppealDraftPlaceholders
FN:89,escapeHtml
FN:97,buildAppealDraftWordHtml
FN:121,buildAppealDraftFilename
FNF:8
FNH:8
FNDA:25,normalizeLine
FNDA:4,buildDisplayName
FNDA:2,buildCityStateZip
FNDA:2,buildAppealDraftPrefill
FNDA:2,fillAppealDraftPlaceholders
FNDA:2,escapeHtml
FNDA:1,buildAppealDraftWordHtml
FNDA:2,buildAppealDraftFilename
DA:14,1
DA:15,1
DA:16,1
DA:17,1
DA:19,25
DA:20,25
DA:21,25
DA:22,25
DA:24,4
DA:25,4
DA:26,4
DA:27,4
DA:29,2
DA:30,2
DA:32,1
DA:33,1
DA:34,1
DA:36,1
DA:37,2
DA:38,2
DA:39,2
DA:41,1
DA:46,2
DA:47,2
DA:48,2
DA:49,2
DA:50,2
DA:51,2
DA:53,2
DA:54,2
DA:55,2
DA:56,2
DA:57,2
DA:59,2
DA:60,2
DA:62,2
DA:63,2
DA:64,1
DA:65,1
DA:67,2
DA:68,2
DA:69,2
DA:70,2
DA:71,2
DA:72,2
DA:74,1
DA:75,2
DA:76,2
DA:77,2
DA:78,2
DA:80,2
DA:81,4
DA:82,4
DA:83,2
DA:84,2
DA:86,2
DA:87,2
DA:89,2
DA:90,2
DA:91,2
DA:92,2
DA:93,2
DA:94,2
DA:95,2
DA:97,1
DA:98,1
DA:99,1
DA:100,1
DA:101,1
DA:102,1
DA:103,1
DA:105,1
DA:106,1
DA:107,1
DA:108,1
DA:109,1
DA:110,1
DA:111,1
DA:112,1
DA:113,1
DA:114,1
DA:115,1
DA:116,1
DA:117,1
DA:118,1
DA:119,1
DA:121,1
DA:122,2
DA:123,2
DA:124,2
DA:125,2
DA:126,2
DA:128,2
DA:129,2
LF:94
LH:94
BRDA:19,0,0,25
BRDA:20,1,0,16
BRDA:21,2,0,15
BRDA:21,3,0,10
BRDA:24,4,0,4
BRDA:26,5,0,2
BRDA:26,6,0,2
BRDA:29,7,0,2
BRDA:30,8,0,1
BRDA:37,9,0,1
BRDA:37,10,0,0
BRDA:38,11,0,0
BRDA:41,12,0,2
BRDA:48,13,0,1
BRDA:49,14,0,1
BRDA:49,15,0,1
BRDA:51,16,0,1
BRDA:51,17,0,1
BRDA:51,18,0,0
BRDA:53,19,0,1
BRDA:54,20,0,1
BRDA:56,21,0,1
BRDA:62,22,0,1
BRDA:63,23,0,1
BRDA:63,24,0,1
BRDA:63,25,0,1
BRDA:64,26,0,1
BRDA:74,27,0,2
BRDA:80,28,0,4
BRDA:82,29,0,2
BRDA:89,30,0,2
BRDA:97,31,0,1
BRDA:100,32,0,2
BRDA:102,33,0,2
BRDA:121,34,0,2
BRDA:122,35,0,0
BRDA:128,36,0,1
BRDA:128,37,0,1
BRF:38
BRH:34
end_of_record
TN:
SF:lib/appeals/prompts.ts
FN:1,(empty-report)
FNF:1
FNH:1
FNDA:1,(empty-report)
DA:8,0
DA:9,0
DA:10,0
DA:11,0
DA:12,0
DA:13,0
DA:14,0
DA:15,0
DA:16,0
DA:17,0
DA:18,0
DA:20,0
DA:21,0
DA:22,0
DA:24,0
DA:25,0
DA:26,0
DA:28,0
DA:29,0
DA:30,0
DA:31,0
DA:33,0
DA:36,0
DA:37,0
DA:42,0
DA:54,0
LF:26
LH:0
BRDA:1,0,0,1
BRF:1
BRH:1
end_of_record
TN:
SF:lib/auth/local-auth.ts
FN:8,parseBoolean
FN:25,normalizeAuthEmail
FN:29,isLocalUrl
FN:42,resolveLocalRuntime
FN:64,isLocalAuthHelperEnabled
FNF:5
FNH:5
FNDA:39,parseBoolean
FNDA:5,normalizeAuthEmail
FNDA:32,isLocalUrl
FNDA:18,resolveLocalRuntime
FNDA:24,isLocalAuthHelperEnabled
DA:6,1
DA:8,39
DA:9,39
DA:10,28
DA:11,28
DA:13,11
DA:14,39
DA:15,5
DA:16,5
DA:18,39
DA:19,6
DA:20,6
DA:22,0
DA:23,0
DA:25,1
DA:26,5
DA:27,5
DA:29,32
DA:30,32
DA:31,25
DA:32,25
DA:34,7
DA:35,7
DA:36,7
DA:37,32
DA:38,0
DA:39,0
DA:40,32
DA:42,18
DA:43,18
DA:44,18
DA:45,18
DA:46,18
DA:47,4
DA:48,4
DA:50,14
DA:51,18
DA:52,18
DA:53,18
DA:54,3
DA:55,3
DA:57,18
DA:58,8
DA:59,8
DA:61,3
DA:62,3
DA:64,1
DA:65,24
DA:66,24
DA:67,15
DA:69,24
DA:70,11
DA:71,11
DA:73,13
DA:74,13
LF:55
LH:51
BRDA:8,0,0,39
BRDA:9,1,0,28
BRDA:11,2,0,11
BRDA:14,3,0,10
BRDA:14,4,0,8
BRDA:14,5,0,7
BRDA:14,6,0,5
BRDA:16,7,0,6
BRDA:18,8,0,5
BRDA:18,9,0,2
BRDA:18,10,0,1
BRDA:18,11,0,6
BRDA:20,12,0,0
BRDA:25,13,0,5
BRDA:29,14,0,32
BRDA:30,15,0,25
BRDA:32,16,0,7
BRDA:37,17,0,0
BRDA:42,18,0,18
BRDA:44,19,0,15
BRDA:46,20,0,4
BRDA:48,21,0,14
BRDA:51,22,0,13
BRDA:51,23,0,11
BRDA:53,24,0,3
BRDA:55,25,0,11
BRDA:57,26,0,8
BRDA:59,27,0,3
BRDA:64,28,0,24
BRDA:66,29,0,15
BRDA:69,30,0,11
BRDA:70,31,0,5
BRDA:71,32,0,13
BRF:33
BRH:31
end_of_record
TN:
SF:lib/auth/require-admin.ts
FN:13,requireAdmin
FNF:1
FNH:1
FNDA:7,requireAdmin
DA:6,1
DA:8,1
DA:10,1
DA:11,1
DA:13,7
DA:14,7
DA:18,7
DA:19,7
DA:20,7
DA:21,1
DA:22,1
DA:24,6
DA:27,6
DA:28,6
DA:29,6
DA:30,6
DA:31,6
DA:32,6
DA:34,6
DA:35,6
DA:44,6
DA:45,6
DA:47,6
DA:49,7
DA:50,3
DA:51,3
DA:52,3
DA:53,3
DA:54,3
DA:55,3
DA:56,3
DA:57,3
DA:59,3
DA:60,3
LF:34
LH:34
BRDA:13,0,0,7
BRDA:20,1,0,1
BRDA:22,2,0,6
BRDA:49,3,0,5
BRDA:49,4,0,3
BRF:5
BRH:5
end_of_record
TN:
SF:lib/auth/require-auth.ts
FN:19,parseBearerToken
FN:32,parseCookieValue
FN:50,extractAccessToken
FN:59,decodeBase64Url
FN:69,parseJwtParts
FN:113,isPrivateLanIp
FN:117,isLocalRequest
FN:129,verifyHs256JwtSignature
FN:140,extractLocalFallbackUserId
FN:188,requireAuthenticatedUser
FNF:10
FNH:9
FNDA:17,parseBearerToken
FNDA:4,parseCookieValue
FNDA:17,extractAccessToken
FNDA:14,decodeBase64Url
FNDA:8,parseJwtParts
FNDA:0,isPrivateLanIp
FNDA:8,isLocalRequest
FNDA:7,verifyHs256JwtSignature
FNDA:14,extractLocalFallbackUserId
FNDA:17,requireAuthenticatedUser
DA:6,1
DA:8,1
DA:9,1
DA:11,1
DA:12,1
DA:13,1
DA:15,1
DA:16,1
DA:17,1
DA:19,17
DA:20,17
DA:21,2
DA:22,2
DA:24,15
DA:25,17
DA:26,2
DA:27,2
DA:29,13
DA:30,13
DA:32,4
DA:33,4
DA:34,3
DA:35,3
DA:37,1
DA:38,1
DA:39,1
DA:40,1
DA:42,4
DA:43,0
DA:44,0
DA:46,1
DA:47,4
DA:48,4
DA:50,17
DA:51,17
DA:52,17
DA:53,13
DA:54,13
DA:56,4
DA:57,4
DA:59,14
DA:60,14
DA:61,14
DA:62,14
DA:63,14
DA:64,14
DA:65,0
DA:66,0
DA:67,14
DA:69,8
DA:74,8
DA:75,8
DA:76,8
DA:77,1
DA:78,1
DA:80,7
DA:81,7
DA:82,7
DA:84,8
DA:85,0
DA:86,0
DA:88,7
DA:89,7
DA:90,7
DA:91,7
DA:92,7
DA:93,7
DA:94,7
DA:95,8
DA:96,0
DA:97,0
DA:99,7
DA:100,7
DA:101,7
DA:102,7
DA:103,7
DA:104,7
DA:105,8
DA:106,0
DA:107,0
DA:108,8
DA:111,1
DA:113,0
DA:114,0
DA:115,0
DA:117,8
DA:118,8
DA:119,8
DA:120,8
DA:122,8
DA:123,8
DA:124,8
DA:125,0
DA:126,0
DA:127,8
DA:129,7
DA:130,7
DA:131,7
DA:132,7
DA:134,7
DA:135,7
DA:136,7
DA:138,7
DA:140,14
DA:141,14
DA:142,6
DA:143,6
DA:145,8
DA:146,14
DA:147,1
DA:148,1
DA:150,7
DA:151,14
DA:152,0
DA:153,0
DA:155,7
DA:156,14
DA:157,1
DA:158,1
DA:160,14
DA:161,14
DA:162,2
DA:163,2
DA:165,4
DA:166,14
DA:167,2
DA:168,2
DA:170,14
DA:171,14
DA:172,0
DA:173,0
DA:175,14
DA:176,14
DA:177,14
DA:178,14
DA:179,14
DA:180,14
DA:181,14
DA:182,0
DA:183,0
DA:185,2
DA:186,2
DA:188,17
DA:189,17
DA:199,17
DA:200,17
DA:201,17
DA:202,3
DA:203,3
DA:204,3
DA:205,3
DA:206,3
DA:207,3
DA:208,3
DA:209,3
DA:210,3
DA:211,3
DA:212,3
DA:214,14
DA:216,14
DA:217,14
DA:219,17
DA:220,3
DA:221,3
DA:222,3
DA:223,3
DA:224,3
DA:226,17
DA:227,1
DA:228,1
DA:229,1
DA:230,1
DA:231,1
DA:233,6
DA:234,6
DA:235,6
DA:236,6
DA:237,6
DA:238,6
DA:239,6
DA:240,6
DA:241,6
DA:242,6
DA:243,17
DA:244,4
DA:245,1
DA:246,1
DA:247,1
DA:248,1
DA:249,1
DA:251,3
DA:252,3
DA:253,3
DA:254,4
DA:255,4
DA:257,4
DA:258,4
DA:259,4
DA:260,4
DA:261,4
DA:262,4
DA:263,1
DA:264,2
DA:265,4
DA:266,4
DA:267,4
DA:268,4
DA:269,4
DA:270,17
LF:209
LH:188
BRDA:19,0,0,17
BRDA:20,1,0,2
BRDA:22,2,0,15
BRDA:25,3,0,14
BRDA:25,4,0,2
BRDA:27,5,0,13
BRDA:32,6,0,4
BRDA:33,7,0,3
BRDA:35,8,0,1
BRDA:42,9,0,0
BRDA:44,10,0,1
BRDA:47,11,0,0
BRDA:39,12,0,1
BRDA:40,13,0,1
BRDA:50,14,0,17
BRDA:52,15,0,13
BRDA:54,16,0,4
BRDA:59,17,0,14
BRDA:62,18,0,10
BRDA:64,19,0,0
BRDA:69,20,0,8
BRDA:76,21,0,1
BRDA:78,22,0,7
BRDA:84,23,0,0
BRDA:86,24,0,7
BRDA:92,25,0,7
BRDA:93,26,0,7
BRDA:95,27,0,0
BRDA:97,28,0,7
BRDA:105,29,0,0
BRDA:117,30,0,8
BRDA:120,31,0,0
BRDA:120,32,0,0
BRDA:123,33,0,0
BRDA:124,34,0,0
BRDA:129,35,0,7
BRDA:140,36,0,14
BRDA:141,37,0,8
BRDA:141,38,0,6
BRDA:143,39,0,8
BRDA:146,40,0,1
BRDA:148,41,0,7
BRDA:151,42,0,0
BRDA:153,43,0,7
BRDA:156,44,0,1
BRDA:158,45,0,6
BRDA:160,46,0,5
BRDA:160,47,0,1
BRDA:161,48,0,5
BRDA:161,49,0,2
BRDA:163,50,0,4
BRDA:166,51,0,4
BRDA:166,52,0,2
BRDA:170,53,0,0
BRDA:171,54,0,0
BRDA:173,55,0,2
BRDA:175,56,0,0
BRDA:181,57,0,2
BRDA:181,58,0,0
BRDA:183,59,0,2
BRDA:178,60,0,6
BRDA:188,61,0,17
BRDA:201,62,0,3
BRDA:212,63,0,14
BRDA:217,64,0,10
BRDA:219,65,0,3
BRDA:219,66,0,3
BRDA:224,67,0,7
BRDA:226,68,0,1
BRDA:231,69,0,6
BRDA:243,70,0,4
BRDA:244,71,0,1
BRDA:249,72,0,3
BRDA:254,73,0,0
BRDA:262,74,0,1
BRDA:263,75,0,2
BRDA:266,76,0,1
BRDA:266,77,0,2
BRF:78
BRH:62
end_of_record
TN:
SF:lib/auth/require-social-worker.ts
FN:13,requireApprovedSocialWorker
FNF:1
FNH:1
FNDA:6,requireApprovedSocialWorker
DA:6,1
DA:8,1
DA:10,1
DA:11,1
DA:13,6
DA:14,6
DA:18,6
DA:19,6
DA:20,6
DA:21,1
DA:22,1
DA:24,5
DA:25,5
DA:26,5
DA:37,5
DA:38,5
DA:40,6
DA:41,3
DA:42,3
DA:43,3
DA:44,3
DA:45,3
DA:46,3
DA:47,3
DA:48,3
DA:50,2
DA:51,2
LF:27
LH:27
BRDA:13,0,0,6
BRDA:20,1,0,1
BRDA:22,2,0,5
BRDA:40,3,0,4
BRDA:40,4,0,3
BRDA:48,5,0,2
BRF:6
BRH:6
end_of_record
TN:
SF:lib/benefit-orchestration/fpl-utils.ts
FN:17,sumIncome
FN:35,computeTotalMonthlyIncome
FN:45,computeEarnedIncome
FN:55,computeTotalAssets
FN:64,computeDerivedFields
FN:98,computeMAGIMonthly
FN:127,emptyIncome
FNF:7
FNH:7
FNDA:167,sumIncome
FNDA:17,computeTotalMonthlyIncome
FNDA:47,computeEarnedIncome
FNDA:42,computeTotalAssets
FNDA:23,computeDerivedFields
FNDA:52,computeMAGIMonthly
FNDA:211,emptyIncome
DA:7,1
DA:17,1
DA:18,167
DA:19,167
DA:20,167
DA:21,167
DA:22,167
DA:23,167
DA:24,167
DA:25,167
DA:26,167
DA:27,167
DA:28,167
DA:29,167
DA:30,167
DA:32,167
DA:35,1
DA:36,17
DA:37,17
DA:38,17
DA:39,17
DA:40,17
DA:41,17
DA:42,17
DA:45,1
DA:46,47
DA:47,47
DA:48,47
DA:49,47
DA:50,47
DA:51,47
DA:52,47
DA:55,1
DA:56,42
DA:57,42
DA:58,42
DA:64,1
DA:65,23
DA:66,23
DA:67,23
DA:68,23
DA:69,23
DA:70,23
DA:73,23
DA:75,23
DA:76,23
DA:77,23
DA:78,23
DA:81,23
DA:82,2
DA:83,2
DA:84,2
DA:85,2
DA:86,2
DA:88,23
DA:89,23
DA:90,23
DA:91,23
DA:92,23
DA:93,23
DA:94,23
DA:95,23
DA:98,1
DA:99,52
DA:100,52
DA:101,52
DA:102,52
DA:103,52
DA:104,52
DA:105,52
DA:106,52
DA:107,52
DA:109,52
DA:110,11
DA:111,11
DA:112,11
DA:113,11
DA:114,11
DA:115,11
DA:116,11
DA:117,11
DA:118,11
DA:119,11
DA:121,52
DA:123,52
DA:124,52
DA:127,1
DA:128,211
DA:129,211
DA:130,211
DA:131,211
DA:132,211
DA:133,211
DA:134,211
DA:135,211
DA:136,211
DA:137,211
DA:138,211
DA:139,211
DA:140,211
DA:141,211
DA:142,211
LF:102
LH:102
BRDA:17,0,0,167
BRDA:35,1,0,17
BRDA:38,2,0,6
BRDA:45,3,0,47
BRDA:48,4,0,20
BRDA:55,5,0,42
BRDA:64,6,0,23
BRDA:81,7,0,2
BRDA:84,8,0,0
BRDA:85,9,0,0
BRDA:69,10,0,17
BRDA:69,11,0,2
BRDA:69,12,0,2
BRDA:75,13,0,15
BRDA:76,14,0,15
BRDA:77,15,0,15
BRDA:78,16,0,15
BRDA:98,17,0,52
BRDA:109,18,0,11
BRDA:127,19,0,211
BRF:20
BRH:18
end_of_record
TN:
SF:lib/benefit-orchestration/index.ts
FN:1,(empty-report)
FNF:1
FNH:1
FNDA:1,(empty-report)
DA:6,0
DA:7,0
LF:2
LH:0
BRDA:1,0,0,1
BRF:1
BRH:1
end_of_record
TN:
SF:lib/benefit-orchestration/orchestrator.ts
FN:24,getUrgencyBonus
FN:35,getEaseBonus
FN:42,computeScore
FN:52,buildApplicationBundles
FN:131,buildSummary
FN:160,evaluateBenefitStack
FNF:6
FNH:6
FNDA:46,getUrgencyBonus
FNDA:46,getEaseBonus
FNDA:46,computeScore
FNDA:12,buildApplicationBundles
FNDA:12,buildSummary
FNDA:12,evaluateBenefitStack
DA:10,1
DA:11,1
DA:12,1
DA:13,1
DA:14,1
DA:15,1
DA:16,1
DA:17,1
DA:18,1
DA:19,1
DA:20,1
DA:24,46
DA:25,46
DA:26,46
DA:27,46
DA:28,46
DA:29,46
DA:31,46
DA:32,46
DA:33,46
DA:35,46
DA:36,46
DA:37,46
DA:38,46
DA:39,46
DA:40,46
DA:42,46
DA:43,46
DA:44,46
DA:45,46
DA:46,46
DA:47,46
DA:48,46
DA:52,12
DA:53,12
DA:54,12
DA:55,12
DA:56,12
DA:57,12
DA:60,12
DA:61,12
DA:62,12
DA:63,3
DA:64,3
DA:65,3
DA:66,3
DA:67,3
DA:68,3
DA:69,3
DA:70,3
DA:71,3
DA:72,3
DA:73,3
DA:74,3
DA:75,3
DA:76,3
DA:77,3
DA:80,12
DA:81,12
DA:82,12
DA:83,12
DA:84,12
DA:85,12
DA:86,12
DA:87,12
DA:88,12
DA:89,12
DA:90,12
DA:91,3
DA:92,3
DA:93,3
DA:94,3
DA:95,3
DA:96,3
DA:97,3
DA:98,3
DA:99,3
DA:100,3
DA:101,3
DA:102,3
DA:103,3
DA:104,3
DA:105,3
DA:108,12
DA:109,0
DA:110,0
DA:111,0
DA:112,0
DA:113,0
DA:114,0
DA:115,0
DA:116,0
DA:117,0
DA:118,0
DA:119,0
DA:120,0
DA:121,0
DA:122,0
DA:123,0
DA:124,0
DA:126,12
DA:127,12
DA:131,12
DA:132,12
DA:133,12
DA:135,12
DA:136,1
DA:137,1
DA:139,11
DA:140,11
DA:141,11
DA:142,11
DA:143,12
DA:144,0
DA:145,0
DA:147,11
DA:148,11
DA:149,0
DA:151,12
DA:152,12
DA:160,1
DA:162,12
DA:163,12
DA:166,12
DA:167,12
DA:168,12
DA:169,12
DA:172,12
DA:173,12
DA:174,12
DA:175,12
DA:176,12
DA:177,12
DA:178,12
DA:179,12
DA:180,12
DA:181,12
DA:183,12
DA:184,12
DA:185,12
DA:186,12
DA:187,12
DA:188,12
DA:189,12
DA:190,12
DA:191,12
DA:192,12
DA:193,12
DA:194,12
DA:197,12
DA:198,46
DA:199,46
DA:200,12
DA:201,12
DA:202,12
DA:203,12
DA:206,12
DA:209,12
DA:210,12
DA:211,12
DA:214,12
DA:215,12
DA:216,12
DA:217,12
DA:219,12
DA:220,12
DA:221,12
DA:222,12
DA:223,12
DA:224,12
DA:225,12
DA:226,12
DA:227,12
DA:228,12
DA:229,12
DA:230,12
DA:231,12
DA:232,12
DA:233,12
DA:234,12
LF:180
LH:161
BRDA:24,0,0,46
BRDA:26,1,0,0
BRDA:27,2,0,0
BRDA:28,3,0,0
BRDA:29,4,0,0
BRDA:31,5,0,14
BRDA:35,6,0,46
BRDA:38,7,0,28
BRDA:38,8,0,28
BRDA:42,9,0,46
BRDA:52,10,0,12
BRDA:62,11,0,3
BRDA:90,12,0,3
BRDA:108,13,0,0
BRDA:108,14,0,0
BRDA:108,15,0,0
BRDA:57,16,0,46
BRDA:61,17,0,36
BRDA:63,18,0,20
BRDA:64,19,0,6
BRDA:89,20,0,84
BRDA:91,21,0,20
BRDA:92,22,0,6
BRDA:131,23,0,12
BRDA:135,24,0,1
BRDA:135,25,0,1
BRDA:137,26,0,11
BRDA:141,27,0,0
BRDA:143,28,0,0
BRDA:145,29,0,11
BRDA:148,30,0,0
BRDA:132,31,0,46
BRDA:133,32,0,46
BRDA:160,33,0,12
BRDA:194,34,0,122
BRDA:194,35,0,46
BRDA:197,36,0,46
BRDA:202,37,0,52
BRDA:203,38,0,46
BRDA:209,39,0,46
BRDA:210,40,0,46
BRDA:215,41,0,46
BRF:42
BRH:32
end_of_record
TN:
SF:lib/benefit-orchestration/programs/childcare.ts
FN:23,getSMILimit
FN:31,estimateCopay
FN:39,evaluateChildcare
FNF:3
FNH:3
FNDA:3,getSMILimit
FNDA:3,estimateCopay
FNDA:12,evaluateChildcare
DA:13,1
DA:14,1
DA:15,1
DA:16,1
DA:17,1
DA:18,1
DA:19,1
DA:20,1
DA:21,1
DA:23,3
DA:24,3
DA:25,3
DA:26,3
DA:31,3
DA:32,3
DA:33,3
DA:34,0
DA:35,0
DA:36,0
DA:37,0
DA:39,1
DA:40,12
DA:43,12
DA:46,12
DA:49,3
DA:50,3
DA:51,3
DA:52,3
DA:53,3
DA:55,12
DA:57,3
DA:58,3
DA:59,3
DA:60,3
DA:61,3
DA:62,3
DA:64,3
DA:66,12
DA:68,3
DA:69,3
DA:70,3
DA:71,3
DA:72,3
DA:74,3
DA:75,3
DA:76,3
DA:77,3
DA:78,3
DA:79,3
DA:80,12
DA:81,12
DA:82,12
DA:83,12
DA:84,12
DA:85,12
DA:86,12
DA:87,12
DA:88,12
DA:89,12
DA:90,12
DA:91,12
DA:92,12
DA:93,12
DA:94,12
DA:95,12
DA:96,12
DA:97,12
DA:98,12
DA:99,12
DA:100,12
DA:101,12
DA:102,12
DA:103,12
DA:104,12
DA:105,12
DA:106,12
DA:107,12
DA:108,12
DA:109,12
DA:110,12
DA:111,12
DA:112,12
LF:82
LH:78
BRDA:23,0,0,3
BRDA:25,1,0,0
BRDA:31,2,0,3
BRDA:33,3,0,0
BRDA:39,4,0,12
BRDA:40,5,0,1
BRDA:40,6,0,11
BRDA:43,7,0,8
BRDA:43,8,0,3
BRDA:46,9,0,0
BRDA:46,10,0,3
BRDA:51,11,0,3
BRDA:52,12,0,3
BRDA:55,13,0,0
BRDA:55,14,0,3
BRDA:66,15,0,0
BRDA:66,16,0,3
BRDA:80,17,0,0
BRDA:81,18,0,3
BRDA:81,19,0,0
BRDA:93,20,0,0
BRDA:93,21,0,3
BRDA:106,22,0,0
BRDA:106,23,0,3
BRDA:58,24,0,36
BRDA:60,25,0,3
BRDA:60,26,0,36
BRF:27
BRH:18
end_of_record
TN:
SF:lib/benefit-orchestration/programs/eaedc.ts
FN:21,evaluateEAEDC
FNF:1
FNH:1
FNDA:12,evaluateEAEDC
DA:10,1
DA:15,1
DA:16,1
DA:19,1
DA:21,1
DA:22,12
DA:30,11
DA:31,11
DA:32,11
DA:33,11
DA:34,11
DA:36,12
DA:39,11
DA:40,11
DA:41,11
DA:42,11
DA:43,3
DA:44,3
DA:45,3
DA:46,11
DA:47,11
DA:48,11
DA:51,0
DA:53,0
DA:54,0
DA:55,0
DA:57,0
DA:59,0
DA:60,12
DA:62,12
DA:63,12
DA:64,12
DA:65,12
DA:67,12
DA:68,12
DA:69,12
DA:70,12
DA:71,12
DA:72,12
DA:73,12
DA:74,12
DA:75,12
DA:76,12
DA:77,12
DA:78,12
DA:79,12
DA:80,12
DA:81,12
DA:82,12
DA:83,12
DA:84,12
DA:85,12
DA:86,12
DA:87,12
DA:88,12
DA:89,12
DA:90,12
DA:91,12
DA:92,12
DA:93,12
DA:94,12
DA:95,12
DA:96,12
DA:97,12
DA:98,12
DA:99,12
DA:100,12
DA:101,12
DA:102,12
DA:103,12
DA:104,12
DA:105,12
DA:106,12
LF:73
LH:67
BRDA:21,0,0,12
BRDA:22,1,0,1
BRDA:22,2,0,11
BRDA:32,3,0,11
BRDA:33,4,0,11
BRDA:34,5,0,3
BRDA:34,6,0,0
BRDA:36,7,0,11
BRDA:36,8,0,11
BRDA:36,9,0,11
BRDA:36,10,0,11
BRDA:47,11,0,0
BRDA:48,12,0,0
BRDA:60,13,0,0
BRDA:63,14,0,0
BRDA:63,15,0,0
BRDA:63,16,0,0
BRDA:63,17,0,0
BRDA:65,18,0,0
BRDA:65,19,0,0
BRDA:65,20,0,0
BRDA:65,21,0,0
BRDA:95,22,0,0
BRDA:95,23,0,0
BRDA:96,24,0,0
BRDA:96,25,0,0
BRDA:103,26,0,0
BRDA:103,27,0,0
BRDA:42,28,0,3
BRDA:43,29,0,0
BRF:30
BRH:11
end_of_record
TN:
SF:lib/benefit-orchestration/programs/eitc.ts
FN:38,countQualifyingChildren
FN:47,estimateFederalEITC
FN:78,evaluateEITC
FNF:3
FNH:3
FNDA:33,countQualifyingChildren
FNDA:26,estimateFederalEITC
FNDA:49,evaluateEITC
DA:9,1
DA:13,1
DA:14,1
DA:15,1
DA:16,1
DA:17,1
DA:18,1
DA:22,1
DA:23,1
DA:24,1
DA:25,1
DA:26,1
DA:27,1
DA:28,1
DA:29,1
DA:30,1
DA:31,1
DA:32,1
DA:33,1
DA:36,1
DA:38,33
DA:39,33
DA:40,33
DA:41,17
DA:42,17
DA:43,17
DA:44,33
DA:45,33
DA:47,26
DA:48,26
DA:49,26
DA:50,26
DA:51,26
DA:52,26
DA:53,26
DA:54,2
DA:55,24
DA:56,26
DA:58,26
DA:59,26
DA:63,26
DA:64,26
DA:65,2
DA:66,24
DA:68,26
DA:69,10
DA:70,10
DA:73,26
DA:74,26
DA:75,26
DA:76,26
DA:78,1
DA:79,49
DA:82,49
DA:83,49
DA:86,42
DA:87,42
DA:89,49
DA:92,33
DA:93,49
DA:95,29
DA:96,29
DA:97,49
DA:99,49
DA:101,26
DA:102,49
DA:104,26
DA:105,26
DA:106,26
DA:108,49
DA:109,49
DA:111,49
DA:112,49
DA:113,49
DA:114,49
DA:115,49
DA:116,49
DA:117,49
DA:118,49
DA:119,49
DA:120,49
DA:121,49
DA:122,49
DA:123,49
DA:124,49
DA:125,49
DA:126,49
DA:127,49
DA:128,49
DA:129,49
DA:130,49
DA:131,49
DA:132,11
DA:133,15
DA:134,49
DA:135,49
DA:136,49
DA:137,49
DA:138,49
DA:139,49
DA:140,49
DA:141,49
DA:142,49
DA:143,49
DA:144,49
DA:145,49
DA:146,49
DA:147,49
DA:148,49
DA:149,49
LF:110
LH:110
BRDA:38,0,0,33
BRDA:40,1,0,17
BRDA:41,2,0,0
BRDA:41,3,0,0
BRDA:47,4,0,26
BRDA:53,5,0,2
BRDA:54,6,0,24
BRDA:58,7,0,0
BRDA:59,8,0,0
BRDA:63,9,0,15
BRDA:63,10,0,11
BRDA:63,11,0,9
BRDA:63,12,0,2
BRDA:63,13,0,0
BRDA:64,14,0,2
BRDA:65,15,0,1
BRDA:65,16,0,1
BRDA:65,17,0,0
BRDA:65,18,0,24
BRDA:66,19,0,14
BRDA:66,20,0,10
BRDA:66,21,0,8
BRDA:66,22,0,2
BRDA:68,23,0,22
BRDA:68,24,0,10
BRDA:70,25,0,16
BRDA:73,26,0,13
BRDA:73,27,0,3
BRDA:73,28,0,2
BRDA:73,29,0,1
BRDA:78,30,0,49
BRDA:79,31,0,3
BRDA:79,32,0,46
BRDA:82,33,0,2
BRDA:82,34,0,44
BRDA:83,35,0,2
BRDA:83,36,0,42
BRDA:89,37,0,9
BRDA:89,38,0,33
BRDA:93,39,0,22
BRDA:93,40,0,20
BRDA:93,41,0,4
BRDA:93,42,0,29
BRDA:97,43,0,2
BRDA:97,44,0,27
BRDA:99,45,0,29
BRDA:99,46,0,3
BRDA:99,47,0,26
BRDA:102,48,0,0
BRDA:102,49,0,41
BRDA:102,50,0,26
BRDA:108,51,0,22
BRDA:108,52,0,4
BRDA:109,53,0,23
BRDA:109,54,0,3
BRDA:131,55,0,11
BRDA:132,56,0,2
BRDA:132,57,0,9
BRDA:132,58,0,15
BRF:59
BRH:52
end_of_record
TN:
SF:lib/benefit-orchestration/programs/liheap.ts
FN:22,getLIHEAPIncomeLimit
FN:29,estimateLIHEAPBenefit
FN:39,evaluateLIHEAP
FNF:3
FNH:1
FNDA:0,getLIHEAPIncomeLimit
[...]
FNDA:6,toVectorLiteral
DA:6,1
DA:11,1
DA:19,14
DA:20,14
DA:21,14
DA:22,14
DA:28,14
DA:29,14
DA:31,14
DA:32,14
DA:33,14
DA:34,14
DA:35,14
DA:36,14
DA:37,14
DA:39,14
DA:40,1
DA:41,1
DA:42,1
DA:44,13
DA:46,14
DA:47,2
DA:48,2
DA:50,11
DA:51,11
DA:57,4
DA:58,4
DA:60,4
DA:61,9
DA:62,9
DA:64,9
DA:65,0
DA:66,0
DA:67,9
DA:69,4
DA:70,4
DA:76,1
DA:77,6
DA:78,6
LF:39
LH:37
BRDA:19,0,0,14
BRDA:28,1,0,14
BRDA:39,2,0,1
BRDA:42,3,0,13
BRDA:46,4,0,12
BRDA:46,5,0,2
BRDA:48,6,0,11
BRDA:57,7,0,4
BRDA:60,8,0,9
BRDA:64,9,0,0
BRDA:76,10,0,6
BRF:11
BRH:10
end_of_record
TN:
SF:lib/rag/ingest.ts
FN:23,chunkText
FN:80,fetchDocumentText
FN:108,extractTextFromHtml
FN:134,extractTextFromPdfBuffer
FN:178,ingestDocument
FN:236,ingestAllDocuments
FNF:6
FNH:1
FNDA:10,chunkText
FNDA:0,fetchDocumentText
FNDA:0,extractTextFromHtml
FNDA:0,extractTextFromPdfBuffer
FNDA:0,ingestDocument
FNDA:0,ingestAllDocuments
DA:6,1
DA:8,1
DA:9,1
DA:10,1
DA:23,1
DA:24,10
DA:25,10
DA:26,10
DA:27,10
DA:29,10
DA:31,10
DA:32,5
DA:33,5
DA:35,5
DA:36,5
DA:37,5
DA:39,10
DA:40,26
DA:41,26
DA:43,26
DA:44,15
DA:45,26
DA:47,11
DA:48,8
DA:50,8
DA:51,8
DA:52,11
DA:54,3
DA:55,3
DA:56,3
DA:57,351
DA:58,331
DA:59,351
DA:60,20
DA:61,20
DA:62,20
DA:63,351
DA:64,3
DA:65,3
DA:66,11
DA:67,26
DA:69,5
DA:71,5
DA:72,5
DA:80,0
DA:81,0
DA:82,0
DA:83,0
DA:84,0
DA:85,0
DA:86,0
DA:87,0
DA:89,0
DA:90,0
DA:91,0
DA:93,0
DA:95,0
DA:99,0
DA:100,0
DA:101,0
DA:104,0
DA:105,0
DA:106,0
DA:108,0
DA:109,0
DA:111,0
DA:112,0
DA:113,0
DA:114,0
DA:115,0
DA:117,0
DA:119,0
DA:121,0
DA:122,0
DA:123,0
DA:124,0
DA:125,0
DA:126,0
DA:128,0
DA:129,0
DA:130,0
DA:131,0
DA:132,0
DA:134,0
DA:137,0
DA:138,0
DA:139,0
DA:142,0
DA:143,0
DA:144,0
DA:146,0
DA:147,0
DA:149,0
DA:150,0
DA:151,0
DA:152,0
DA:153,0
DA:154,0
DA:155,0
DA:156,0
DA:157,0
DA:159,0
DA:160,0
DA:161,0
DA:162,0
DA:163,0
DA:165,0
DA:166,0
DA:167,0
DA:168,0
DA:169,0
DA:170,0
DA:178,0
DA:179,0
DA:181,0
DA:183,0
DA:184,0
DA:185,0
DA:186,0
DA:189,0
DA:190,0
DA:191,0
DA:192,0
DA:195,0
DA:198,0
DA:199,0
DA:207,0
DA:208,0
DA:210,0
DA:211,0
DA:214,0
DA:217,0
DA:218,0
DA:219,0
DA:221,0
DA:222,0
DA:223,0
DA:225,0
DA:226,0
DA:227,0
DA:228,0
DA:229,0
DA:230,0
DA:236,0
DA:237,0
DA:238,0
DA:239,0
DA:241,0
DA:242,0
DA:243,0
DA:244,0
DA:246,0
DA:247,0
LF:153
LH:44
BRDA:23,0,0,10
BRDA:31,1,0,5
BRDA:32,2,0,3
BRDA:32,3,0,2
BRDA:39,4,0,26
BRDA:41,5,0,0
BRDA:43,6,0,15
BRDA:44,7,0,13
BRDA:44,8,0,2
BRDA:45,9,0,11
BRDA:47,10,0,8
BRDA:51,11,0,0
BRDA:52,12,0,3
BRDA:54,13,0,1
BRDA:56,14,0,351
BRDA:57,15,0,331
BRDA:58,16,0,329
BRDA:58,17,0,2
BRDA:59,18,0,20
BRDA:60,19,0,19
BRDA:67,20,0,5
BRDA:71,21,0,32
BRF:22
BRH:20
end_of_record
TN:
SF:lib/rag/retrieve.ts
FN:20,retrieveRelevantChunks
FN:76,formatChunksForPrompt
FNF:2
FNH:1
FNDA:0,retrieveRelevantChunks
FNDA:9,formatChunksForPrompt
DA:6,1
DA:8,1
DA:9,1
DA:10,1
DA:20,0
DA:21,0
DA:22,0
DA:23,0
DA:24,0
DA:26,0
DA:27,0
DA:28,0
DA:30,0
DA:31,0
DA:39,0
DA:51,0
DA:52,0
DA:54,0
DA:55,0
DA:56,0
DA:57,0
DA:58,0
DA:59,0
DA:60,0
DA:61,0
DA:62,0
DA:64,0
DA:65,0
DA:66,0
DA:76,1
DA:77,9
DA:79,8
DA:80,11
DA:82,11
DA:83,11
DA:84,8
DA:86,8
DA:87,8
LF:38
LH:13
BRDA:76,0,0,9
BRDA:77,1,0,1
BRDA:77,2,0,8
BRDA:79,3,0,11
BRDA:80,4,0,1
BRF:5
BRH:5
end_of_record
TN:
SF:lib/server/logger.ts
FN:26,shouldRedactKey
FN:31,truncateString
FN:39,sanitizeValue
FN:79,serializeError
FN:98,getOOCredentials
FN:111,shipToOpenObserve
FN:130,writeLog
FN:153,logServerError
FN:160,logServerInfo
FNF:9
FNH:9
FNDA:102,shouldRedactKey
FNDA:71,truncateString
FNDA:168,sanitizeValue
FNDA:10,serializeError
FNDA:59,getOOCredentials
FNDA:59,shipToOpenObserve
FNDA:59,writeLog
FNDA:10,logServerError
FNDA:49,logServerInfo
DA:6,1
DA:10,1
DA:11,1
DA:12,1
DA:13,1
DA:14,1
DA:15,1
DA:16,1
DA:17,1
DA:18,1
DA:19,1
DA:21,1
DA:22,1
DA:23,1
DA:24,1
DA:26,102
DA:27,102
DA:28,102
DA:29,102
DA:31,71
DA:32,71
DA:33,70
DA:34,70
DA:36,1
DA:37,1
DA:39,168
DA:40,168
DA:41,11
DA:42,11
DA:44,168
DA:45,1
DA:46,1
DA:48,168
DA:49,61
DA:50,61
DA:52,168
DA:53,31
DA:54,31
DA:56,168
DA:57,1
DA:58,1
DA:60,168
DA:61,1
DA:62,1
DA:64,62
DA:65,62
DA:66,62
DA:67,62
DA:69,62
DA:70,102
DA:71,102
DA:73,62
DA:74,62
DA:76,0
DA:77,0
DA:79,10
DA:80,10
DA:81,9
DA:82,9
DA:83,9
DA:84,9
DA:85,9
DA:86,0
DA:87,9
DA:88,9
DA:89,9
DA:91,1
DA:92,1
DA:93,1
DA:94,1
DA:98,59
DA:99,59
DA:100,59
DA:101,59
DA:102,59
DA:103,2
DA:104,2
DA:105,2
DA:106,2
DA:107,59
DA:108,59
DA:109,59
DA:111,59
DA:112,59
DA:113,59
DA:115,2
DA:118,2
DA:119,2
DA:120,2
DA:121,2
DA:122,2
DA:123,2
DA:124,2
DA:125,2
DA:126,2
DA:130,59
DA:131,59
DA:132,59
DA:133,59
DA:134,59
DA:135,59
DA:136,59
DA:137,59
DA:138,59
DA:139,59
DA:141,59
DA:142,59
DA:143,49
DA:144,59
DA:145,0
DA:146,10
DA:147,10
DA:148,10
DA:150,59
DA:151,59
DA:153,1
DA:154,10
DA:155,10
DA:156,10
DA:157,10
DA:158,10
DA:160,1
DA:161,49
DA:162,49
LF:124
LH:120
BRDA:26,0,0,102
BRDA:31,1,0,71
BRDA:32,2,0,70
BRDA:34,3,0,1
BRDA:39,4,0,168
BRDA:40,5,0,167
BRDA:40,6,0,11
BRDA:42,7,0,157
BRDA:44,8,0,1
BRDA:46,9,0,156
BRDA:48,10,0,61
BRDA:50,11,0,148
BRDA:50,12,0,95
BRDA:52,13,0,65
BRDA:52,14,0,31
BRDA:54,15,0,64
BRDA:56,16,0,1
BRDA:58,17,0,63
BRDA:60,18,0,1
BRDA:62,19,0,62
BRDA:69,20,0,102
BRDA:70,21,0,4
BRDA:70,22,0,98
BRDA:74,23,0,0
BRDA:61,24,0,20
BRDA:79,25,0,10
BRDA:80,26,0,9
BRDA:85,27,0,0
BRDA:85,28,0,0
BRDA:89,29,0,1
BRDA:98,30,0,59
BRDA:102,31,0,2
BRDA:102,32,0,2
BRDA:102,33,0,57
BRDA:102,34,0,2
BRDA:107,35,0,2
BRDA:111,36,0,59
BRDA:113,37,0,57
BRDA:113,38,0,2
BRDA:125,39,0,1
BRDA:130,40,0,59
BRDA:137,41,0,0
BRDA:138,42,0,50
BRDA:138,43,0,9
BRDA:142,44,0,49
BRDA:144,45,0,10
BRDA:144,46,0,0
BRDA:153,47,0,10
BRDA:155,48,0,4
BRDA:160,49,0,49
BRF:50
BRH:45
end_of_record
TN:
SF:lib/supabase/authenticated-fetch.ts
FN:8,authenticatedFetch
FNF:1
FNH:1
FNDA:7,authenticatedFetch
DA:6,1
DA:8,7
DA:9,7
DA:10,7
DA:11,7
DA:12,7
DA:13,0
DA:14,0
DA:15,0
DA:17,0
DA:18,7
DA:19,0
DA:20,0
DA:22,0
DA:23,0
DA:26,7
DA:27,0
DA:28,0
DA:30,0
DA:31,0
DA:32,0
DA:33,0
DA:34,0
LF:23
LH:8
BRDA:8,0,0,7
BRDA:12,1,0,0
BRDA:18,2,0,0
BRDA:26,3,0,0
BRF:4
BRH:1
end_of_record
TN:
SF:lib/supabase/server.ts
FN:1,(empty-report)
FNF:1
FNH:1
FNDA:1,(empty-report)
DA:6,0
DA:8,0
DA:10,0
DA:12,0
DA:13,0
DA:14,0
DA:15,0
DA:17,0
DA:18,0
DA:20,0
DA:21,0
DA:22,0
DA:23,0
DA:24,0
DA:30,0
DA:31,0
DA:32,0
DA:33,0
DA:35,0
DA:36,0
DA:37,0
DA:38,0
DA:39,0
DA:40,0
DA:41,0
DA:43,0
DA:44,0
LF:27
LH:0
BRDA:1,0,0,1
BRF:1
BRH:1
end_of_record
TN:
SF:lib/supabase/storage.ts
FN:1,(empty-report)
FNF:1
FNH:1
FNDA:1,(empty-report)
DA:6,0
DA:21,0
DA:24,0
DA:26,0
DA:27,0
DA:38,0
DA:44,0
DA:45,0
DA:46,0
DA:47,0
DA:48,0
DA:49,0
DA:51,0
DA:52,0
DA:53,0
DA:54,0
DA:61,0
DA:62,0
DA:67,0
DA:71,0
DA:74,0
DA:75,0
DA:77,0
DA:78,0
DA:79,0
DA:80,0
DA:89,0
DA:94,0
DA:95,0
DA:96,0
DA:97,0
DA:98,0
DA:99,0
DA:101,0
DA:102,0
DA:103,0
DA:104,0
DA:106,0
DA:107,0
DA:109,0
DA:110,0
DA:111,0
DA:120,0
DA:121,0
DA:122,0
DA:123,0
DA:124,0
DA:125,0
DA:126,0
DA:127,0
DA:128,0
DA:134,0
DA:135,0
DA:136,0
DA:137,0
DA:147,0
DA:153,0
DA:154,0
DA:155,0
DA:157,0
DA:158,0
DA:159,0
DA:160,0
DA:161,0
DA:162,0
DA:163,0
DA:164,0
DA:165,0
DA:167,0
DA:168,0
DA:169,0
DA:170,0
DA:172,0
DA:174,0
DA:175,0
DA:176,0
DA:179,0
DA:184,0
DA:189,0
DA:192,0
DA:193,0
DA:195,0
DA:196,0
DA:198,0
DA:199,0
DA:200,0
DA:201,0
DA:202,0
DA:203,0
DA:204,0
DA:205,0
DA:207,0
DA:208,0
DA:209,0
DA:210,0
DA:211,0
DA:214,0
DA:217,0
DA:223,0
DA:227,0
DA:228,0
DA:229,0
DA:231,0
DA:232,0
DA:233,0
DA:234,0
DA:235,0
DA:236,0
DA:237,0
DA:238,0
DA:239,0
DA:240,0
DA:241,0
DA:242,0
DA:244,0
DA:245,0
DA:246,0
DA:247,0
DA:249,0
DA:250,0
DA:251,0
DA:257,0
DA:261,0
DA:262,0
DA:263,0
DA:264,0
DA:265,0
DA:266,0
DA:267,0
DA:268,0
DA:269,0
DA:270,0
DA:272,0
DA:273,0
DA:274,0
DA:275,0
DA:276,0
DA:277,0
DA:278,0
DA:279,0
DA:281,0
DA:282,0
DA:283,0
DA:284,0
DA:286,0
DA:291,0
DA:292,0
DA:293,0
DA:294,0
DA:295,0
DA:296,0
DA:297,0
DA:298,0
DA:299,0
DA:300,0
DA:301,0
DA:302,0
DA:303,0
DA:304,0
DA:305,0
DA:306,0
DA:308,0
DA:309,0
DA:310,0
DA:311,0
DA:312,0
DA:313,0
DA:315,0
DA:319,0
DA:320,0
DA:321,0
DA:322,0
DA:323,0
DA:324,0
DA:325,0
DA:326,0
DA:327,0
DA:328,0
DA:329,0
DA:330,0
DA:331,0
DA:332,0
DA:333,0
DA:334,0
DA:336,0
DA:337,0
LF:186
LH:0
BRDA:1,0,0,1
BRF:1
BRH:1
end_of_record
TN:
SF:lib/user-profile/constants.ts
FNF:0
FNH:0
DA:15,1
DA:16,1
DA:17,1
DA:18,1
DA:19,1
DA:20,1
DA:21,1
DA:22,1
DA:24,1
DA:25,1
DA:26,1
DA:27,1
DA:28,1
DA:29,1
DA:31,1
DA:32,1
DA:33,1
DA:34,1
DA:36,1
DA:37,1
DA:38,1
DA:39,1
DA:40,1
DA:42,1
DA:43,1
DA:44,1
DA:45,1
DA:46,1
DA:48,1
DA:49,1
DA:50,1
DA:51,1
LF:32
LH:32
BRF:0
BRH:0
end_of_record
TN:
SF:lib/user-profile/encrypt.ts
FN:14,getKey
FN:34,encryptField
FN:47,decryptField
FNF:3
FNH:3
FNDA:29,getKey
FNDA:20,encryptField
FNDA:12,decryptField
DA:6,1
DA:8,1
DA:10,1
DA:11,1
DA:12,1
DA:14,29
DA:15,29
DA:16,29
DA:17,2
DA:18,2
DA:20,29
DA:21,24
DA:22,24
DA:23,3
DA:24,29
DA:25,1
DA:26,1
DA:27,2
DA:28,2
DA:34,1
DA:35,20
DA:36,20
DA:37,20
DA:38,20
DA:39,20
DA:40,20
DA:41,20
DA:47,1
DA:48,12
DA:49,12
DA:50,3
DA:51,3
DA:52,9
DA:53,9
DA:54,9
DA:55,9
DA:56,9
DA:57,9
DA:58,9
DA:59,9
LF:40
LH:40
BRDA:14,0,0,29
BRDA:16,1,0,2
BRDA:18,2,0,27
BRDA:20,3,0,24
BRDA:22,4,0,3
BRDA:24,5,0,1
BRDA:26,6,0,2
BRDA:34,7,0,20
BRDA:47,8,0,12
BRDA:49,9,0,11
BRDA:49,10,0,11
BRDA:49,11,0,3
BRDA:51,12,0,9
BRF:13
BRH:13
end_of_record
TN:
SF:lib/utils/aamva.ts
FN:20,parseAamvaDate
FN:42,normalizeZip
FN:46,normalizeLines
FN:55,getCodeValue
FN:72,extractFieldMap
FN:88,parseNameFromDct
FN:107,parseDriverLicenseBarcode
FNF:7
FNH:6
FNDA:3,parseAamvaDate
FNDA:3,normalizeZip
FNDA:3,normalizeLines
FNDA:17,getCodeValue
FNDA:3,extractFieldMap
FNDA:0,parseNameFromDct
FNDA:4,parseDriverLicenseBarcode
DA:20,3
DA:21,3
DA:23,3
DA:24,1
DA:25,1
DA:27,2
DA:29,3
DA:30,1
DA:31,1
DA:32,1
DA:33,1
DA:34,1
DA:36,1
DA:37,1
DA:38,1
DA:39,1
DA:40,1
DA:42,3
DA:43,3
DA:44,3
DA:46,3
DA:47,3
DA:48,3
DA:49,3
DA:50,3
DA:51,3
DA:52,3
DA:53,3
DA:55,17
DA:56,17
DA:58,17
DA:59,1
DA:60,1
DA:62,16
DA:63,16
DA:65,17
DA:66,1
DA:67,1
DA:69,15
DA:70,15
DA:72,3
DA:73,3
DA:75,3
DA:76,17
DA:78,17
DA:79,2
DA:80,2
DA:82,15
DA:83,15
DA:85,3
DA:86,3
DA:88,0
DA:89,0
DA:90,0
DA:91,0
DA:92,0
DA:94,0
DA:95,0
DA:96,0
DA:97,0
DA:98,0
DA:99,0
DA:101,0
DA:102,0
DA:103,0
DA:104,0
DA:105,0
DA:107,1
DA:108,4
DA:109,4
DA:110,4
DA:111,1
DA:112,1
DA:114,3
DA:115,4
DA:117,4
DA:118,4
DA:119,4
DA:120,4
DA:121,4
DA:122,4
DA:123,4
DA:125,4
DA:126,1
DA:127,1
DA:129,2
DA:130,2
DA:131,2
DA:132,2
DA:133,2
DA:134,2
DA:135,2
DA:136,2
DA:137,2
DA:138,2
LF:95
LH:79
BRDA:20,0,0,3
BRDA:23,1,0,1
BRDA:25,2,0,2
BRDA:29,3,0,1
BRDA:29,4,0,1
BRDA:42,5,0,3
BRDA:46,6,0,3
BRDA:51,7,0,17
BRDA:55,8,0,17
BRDA:56,9,0,7
BRDA:56,10,0,10
BRDA:58,11,0,1
BRDA:60,12,0,16
BRDA:65,13,0,15
BRDA:65,14,0,1
BRDA:67,15,0,15
BRDA:72,16,0,3
BRDA:75,17,0,17
BRDA:78,18,0,15
BRDA:78,19,0,2
BRDA:80,20,0,15
BRDA:107,21,0,4
BRDA:110,22,0,1
BRDA:112,23,0,3
BRDA:115,24,0,0
BRDA:115,25,0,3
BRDA:117,26,0,1
BRDA:117,27,0,0
BRDA:117,28,0,1
BRDA:118,29,0,1
BRDA:118,30,0,0
BRDA:118,31,0,1
BRDA:119,32,0,1
BRDA:120,33,0,1
BRDA:121,34,0,1
BRDA:122,35,0,1
BRDA:123,36,0,1
BRDA:125,37,0,1
BRDA:125,38,0,1
BRDA:125,39,0,1
BRDA:125,40,0,1
BRDA:125,41,0,1
BRDA:125,42,0,1
BRDA:125,43,0,1
BRDA:127,44,0,2
BRF:45
BRH:42
end_of_record
TN:
SF:lib/utils/aca3-form.ts
FN:13,parseDate
FN:28,formatUsDate
FN:35,validateDobBounds
FN:51,isFilled
FN:75,normalizeDateInput
FN:89,splitSpouseNameDobValue
FN:117,parseDependentsListValue
FN:147,buildDependentsListValue
FN:164,normalizeNumberInput
FN:168,getExclusiveCheckboxOptions
FN:177,splitFullName
FN:197,toMonthlyIncome
FN:226,toAnnualAmount
FN:267,toBooleanYesNo
FN:271,countDependentsFromRows
FN:289,computeAgeFromDob
FNF:16
FNH:1
FNDA:0,parseDate
FNDA:0,formatUsDate
FNDA:0,validateDobBounds
FNDA:0,isFilled
FNDA:0,normalizeDateInput
FNDA:0,splitSpouseNameDobValue
FNDA:0,parseDependentsListValue
FNDA:0,buildDependentsListValue
FNDA:0,normalizeNumberInput
FNDA:8,getExclusiveCheckboxOptions
FNDA:0,splitFullName
FNDA:0,toMonthlyIncome
FNDA:0,toAnnualAmount
FNDA:0,toBooleanYesNo
FNDA:0,countDependentsFromRows
FNDA:0,computeAgeFromDob
DA:6,1
DA:13,1
DA:14,0
DA:15,0
DA:16,0
DA:18,0
DA:19,0
DA:21,0
DA:22,0
DA:23,0
DA:25,0
DA:26,0
DA:28,1
DA:29,0
DA:30,0
DA:31,0
DA:32,0
DA:33,0
DA:35,1
DA:36,0
DA:37,0
DA:38,0
DA:39,0
DA:41,0
DA:42,0
DA:44,0
DA:45,0
DA:46,0
DA:48,0
DA:49,0
DA:51,1
DA:52,0
DA:53,0
DA:54,0
DA:56,0
DA:57,0
DA:58,0
DA:60,0
DA:61,0
DA:62,0
DA:64,0
DA:65,0
DA:66,0
DA:68,0
DA:69,0
DA:70,0
DA:72,0
DA:73,0
DA:75,1
DA:76,0
DA:78,0
DA:79,0
DA:80,0
DA:82,0
DA:83,0
DA:84,0
DA:86,0
DA:87,0
DA:89,1
DA:90,0
DA:91,0
DA:92,0
DA:93,0
DA:95,0
DA:96,0
DA:97,0
DA:98,0
DA:99,0
DA:100,0
DA:101,0
DA:103,0
DA:104,0
DA:105,0
DA:106,0
DA:107,0
DA:108,0
DA:109,0
DA:111,0
DA:112,0
DA:113,0
DA:114,0
DA:115,0
DA:117,1
DA:118,0
DA:119,0
DA:120,0
DA:121,0
DA:123,0
DA:124,0
DA:125,0
DA:126,0
DA:127,0
DA:128,0
DA:129,0
DA:130,0
DA:132,0
DA:133,0
DA:134,0
DA:135,0
DA:136,0
DA:137,0
DA:138,0
DA:140,0
DA:141,0
DA:142,0
DA:143,0
DA:144,0
DA:145,0
DA:147,1
DA:148,0
DA:149,0
DA:150,0
DA:151,0
DA:152,0
DA:153,0
DA:154,0
DA:155,0
DA:156,0
DA:157,0
DA:158,0
DA:159,0
DA:160,0
DA:161,0
DA:162,0
DA:164,1
DA:165,0
DA:166,0
DA:168,1
DA:169,8
DA:170,16
DA:171,16
DA:172,8
DA:174,8
DA:175,8
DA:177,1
DA:178,0
DA:179,0
DA:180,0
DA:181,0
DA:183,0
DA:184,0
DA:185,0
DA:186,0
DA:187,0
DA:188,0
DA:189,0
DA:191,0
DA:192,0
DA:193,0
DA:194,0
DA:195,0
DA:197,1
DA:198,0
DA:199,0
DA:200,0
DA:201,0
DA:203,0
DA:204,0
DA:205,0
DA:207,0
DA:208,0
DA:209,0
DA:211,0
DA:212,0
DA:213,0
DA:215,0
DA:216,0
DA:217,0
DA:219,0
DA:220,0
DA:221,0
DA:223,0
DA:224,0
DA:226,1
DA:227,0
DA:228,0
DA:229,0
DA:230,0
DA:232,0
DA:233,0
DA:234,0
DA:236,0
DA:237,0
DA:238,0
DA:239,0
DA:240,0
DA:241,0
DA:242,0
DA:244,0
DA:245,0
DA:246,0
DA:248,0
DA:249,0
DA:250,0
DA:252,0
DA:253,0
DA:254,0
DA:256,0
DA:257,0
DA:258,0
DA:260,0
DA:261,0
DA:262,0
DA:264,0
DA:265,0
DA:267,1
DA:268,0
DA:269,0
DA:271,1
DA:272,0
DA:273,0
DA:274,0
DA:275,0
DA:276,0
DA:277,0
DA:278,0
DA:279,0
DA:280,0
DA:282,0
DA:283,0
DA:284,0
DA:286,0
DA:287,0
DA:289,1
DA:290,0
DA:291,0
DA:292,0
DA:293,0
DA:295,0
DA:296,0
DA:297,0
DA:298,0
DA:299,0
DA:300,0
DA:302,0
DA:303,0
LF:236
LH:23
BRDA:168,0,0,8
BRDA:169,1,0,16
BRF:2
BRH:2
end_of_record
TN:
SF:lib/utils/address-parse.ts
FN:16,normalizeZip
FN:24,parsePastedUsAddress
FNF:2
FNH:2
FNDA:6,normalizeZip
FNDA:10,parsePastedUsAddress
DA:13,1
DA:14,1
DA:16,6
DA:17,6
DA:18,1
DA:19,1
DA:21,5
DA:22,5
DA:24,1
DA:25,10
DA:26,10
DA:28,10
DA:29,4
DA:30,4
DA:32,10
DA:33,10
DA:34,10
DA:35,10
DA:37,10
DA:38,0
DA:39,0
DA:41,6
DA:42,6
DA:43,6
DA:44,6
DA:45,6
DA:46,6
DA:47,6
LF:28
LH:26
BRDA:16,0,0,6
BRDA:17,1,0,1
BRDA:19,2,0,5
BRDA:24,3,0,10
BRDA:28,4,0,4
BRDA:30,5,0,6
BRDA:32,6,0,0
BRDA:33,7,0,6
BRDA:33,8,0,0
BRDA:34,9,0,6
BRDA:34,10,0,0
BRDA:37,11,0,6
BRDA:37,12,0,6
BRDA:37,13,0,0
BRDA:39,14,0,6
BRF:15
BRH:11
end_of_record
TN:
SF:lib/utils/date-of-birth.ts
FN:13,atStartOfDay
FN:19,formatDateInput
FN:26,parseDateInput
FN:53,getDobInputBounds
FN:64,getDobValidation
FNF:5
FNH:5
FNDA:30,atStartOfDay
FNDA:18,formatDateInput
FNDA:20,parseDateInput
FNDA:9,getDobInputBounds
FNDA:11,getDobValidation
DA:6,1
DA:13,30
DA:14,30
DA:15,30
DA:16,30
DA:17,30
DA:19,18
DA:20,18
DA:21,18
DA:22,18
DA:23,18
DA:24,18
DA:26,1
DA:27,20
DA:28,6
DA:29,6
DA:31,14
DA:32,14
DA:33,14
DA:34,14
DA:36,20
DA:37,0
DA:38,0
DA:40,14
DA:42,14
DA:43,14
DA:44,14
DA:45,12
DA:46,20
DA:47,2
DA:48,2
DA:50,12
DA:51,12
DA:53,1
DA:54,9
DA:55,9
DA:56,9
DA:58,9
DA:59,9
DA:60,9
DA:61,9
DA:62,9
DA:64,1
DA:65,11
DA:66,11
DA:67,11
DA:68,11
DA:69,1
DA:70,1
DA:71,1
DA:72,1
DA:73,1
DA:75,10
DA:77,11
DA:78,1
DA:79,1
DA:80,1
DA:81,1
DA:82,1
DA:84,9
DA:86,11
DA:87,3
DA:88,3
DA:89,3
DA:90,3
DA:91,3
DA:93,6
DA:94,6
DA:95,6
DA:96,6
DA:98,11
DA:99,1
DA:100,1
DA:101,1
DA:102,1
DA:103,1
DA:105,5
DA:106,5
LF:78
LH:76
BRDA:13,0,0,30
BRDA:19,1,0,18
BRDA:26,2,0,20
BRDA:27,3,0,6
BRDA:29,4,0,14
BRDA:36,5,0,14
BRDA:36,6,0,0
BRDA:38,7,0,14
BRDA:44,8,0,12
BRDA:46,9,0,2
BRDA:48,10,0,12
BRDA:53,11,0,9
BRDA:64,12,0,11
BRDA:68,13,0,1
BRDA:73,14,0,10
BRDA:77,15,0,1
BRDA:82,16,0,9
BRDA:86,17,0,3
BRDA:91,18,0,6
BRDA:98,19,0,7
BRDA:98,20,0,1
BRDA:103,21,0,5
BRF:22
BRH:21
end_of_record
TN:
SF:lib/utils/format.ts
FN:10,parseDate
FN:23,formatDate
FN:40,formatDateTime
FN:56,formatCurrency
FN:64,formatMonthly
FN:72,formatFileSize
FN:81,formatTime
FN:94,formatRelativeTime
FN:125,formatConversationDateLabel
FN:146,formatShortDateTime
FNF:10
FNH:10
FNDA:163,parseDate
FNDA:19,formatDate
FNDA:58,formatDateTime
FNDA:7,formatCurrency
FNDA:2,formatMonthly
FNDA:3,formatFileSize
FNDA:3,formatTime
FNDA:78,formatRelativeTime
FNDA:3,formatConversationDateLabel
FNDA:2,formatShortDateTime
DA:10,163
DA:11,163
DA:12,146
DA:13,163
DA:14,163
DA:23,1
DA:24,19
DA:25,19
DA:26,12
DA:27,12
DA:28,12
DA:29,12
DA:30,12
DA:31,12
DA:40,1
DA:41,58
DA:42,58
DA:43,44
DA:44,44
DA:45,44
DA:46,44
DA:47,44
DA:48,44
DA:49,44
DA:50,44
DA:56,1
DA:57,7
DA:58,7
DA:64,1
DA:65,2
DA:66,2
DA:72,1
DA:73,3
DA:74,3
DA:75,1
DA:76,1
DA:81,1
DA:82,3
DA:83,3
DA:84,2
DA:85,2
DA:86,2
DA:87,2
DA:88,2
DA:94,1
DA:95,78
DA:96,78
DA:97,78
DA:98,78
DA:99,78
DA:101,77
DA:102,77
DA:104,77
DA:105,78
DA:106,32
DA:107,29
DA:108,29
DA:109,29
DA:110,26
DA:111,26
DA:112,26
DA:113,24
DA:114,26
DA:115,29
DA:117,78
DA:118,1
DA:119,1
DA:125,1
DA:126,3
DA:127,3
DA:129,3
DA:130,3
DA:131,3
DA:133,3
DA:134,3
DA:136,1
DA:137,1
DA:138,1
DA:139,1
DA:140,1
DA:146,1
DA:147,2
DA:148,2
DA:149,1
DA:150,1
DA:151,1
DA:152,1
DA:153,1
DA:154,1
DA:155,1
LF:90
LH:90
BRDA:10,0,0,163
BRDA:11,1,0,17
BRDA:11,2,0,146
BRDA:13,3,0,7
BRDA:13,4,0,139
BRDA:23,5,0,19
BRDA:25,6,0,7
BRDA:25,7,0,12
BRDA:40,8,0,58
BRDA:42,9,0,14
BRDA:42,10,0,44
BRDA:56,11,0,7
BRDA:64,12,0,2
BRDA:72,13,0,3
BRDA:73,14,0,1
BRDA:73,15,0,2
BRDA:74,16,0,1
BRDA:81,17,0,3
BRDA:83,18,0,1
BRDA:83,19,0,2
BRDA:94,20,0,78
BRDA:99,21,0,1
BRDA:99,22,0,77
BRDA:105,23,0,45
BRDA:105,24,0,32
BRDA:106,25,0,3
BRDA:106,26,0,29
BRDA:109,27,0,3
BRDA:109,28,0,26
BRDA:112,29,0,25
BRDA:112,30,0,2
BRDA:112,31,0,24
BRDA:113,32,0,0
BRDA:115,33,0,77
BRDA:117,34,0,1
BRDA:117,35,0,76
BRDA:117,36,0,1
BRDA:125,37,0,3
BRDA:127,38,0,0
BRDA:133,39,0,1
BRDA:133,40,0,2
BRDA:134,41,0,1
BRDA:146,42,0,2
BRDA:148,43,0,1
BRF:44
BRH:42
end_of_record
TN:
SF:lib/utils/input-format.ts
FN:6,onlyDigits
FN:10,addThousandsSeparators
FN:14,formatPhoneNumber
FN:32,formatSsn
FN:46,formatCurrency
FN:68,parseCurrency
FNF:6
FNH:6
FNDA:16,onlyDigits
FNDA:6,addThousandsSeparators
FNDA:8,formatPhoneNumber
FNDA:8,formatSsn
FNDA:7,formatCurrency
FNDA:4,parseCurrency
DA:6,16
DA:7,16
DA:8,16
DA:10,6
DA:11,6
DA:12,6
DA:14,1
DA:15,8
DA:17,8
DA:18,1
DA:19,1
DA:21,8
DA:22,2
DA:23,2
DA:25,8
DA:26,1
DA:27,1
DA:29,4
DA:30,4
DA:32,1
DA:33,8
DA:35,8
DA:36,3
DA:37,3
DA:39,8
DA:40,1
DA:41,1
DA:43,4
DA:44,4
DA:46,1
DA:47,7
DA:48,7
DA:49,7
DA:51,7
DA:52,1
DA:53,1
DA:55,6
DA:56,6
DA:57,7
DA:58,7
DA:59,7
DA:61,7
DA:62,3
DA:63,3
DA:65,3
DA:66,3
DA:68,1
DA:69,4
DA:70,4
DA:72,4
DA:73,2
DA:74,2
DA:76,2
DA:77,2
LF:54
LH:54
BRDA:6,0,0,16
BRDA:10,1,0,6
BRDA:14,2,0,8
BRDA:17,3,0,1
BRDA:19,4,0,7
BRDA:21,5,0,2
BRDA:23,6,0,5
BRDA:25,7,0,1
BRDA:27,8,0,4
BRDA:32,9,0,8
BRDA:35,10,0,3
BRDA:37,11,0,5
BRDA:39,12,0,1
BRDA:41,13,0,4
BRDA:46,14,0,7
BRDA:51,15,0,1
BRDA:53,16,0,6
BRDA:57,17,0,0
BRDA:61,18,0,3
BRDA:68,19,0,4
BRDA:72,20,0,2
BRF:21
BRH:20
end_of_record
TN:
SF:lib/utils/person-name.ts
FN:16,fullName
FN:25,getNamePartCount
FN:32,hasFirstAndLastName
FNF:3
FNH:3
FNDA:11,fullName
FNDA:8,getNamePartCount
FNDA:8,hasFirstAndLastName
DA:16,1
DA:19,11
DA:20,11
DA:21,11
DA:23,1
DA:25,8
DA:26,8
DA:27,8
DA:28,8
DA:29,8
DA:30,8
DA:32,1
DA:33,8
DA:34,8
LF:14
LH:14
BRDA:16,0,0,11
BRDA:20,1,0,3
BRDA:25,2,0,8
BRDA:29,3,0,14
BRDA:32,4,0,8
BRF:5
BRH:5
end_of_record
TN:
SF:lib/utils/random-id.ts
FN:1,formatUuidFromBytes
FN:6,createUuid
FNF:2
FNH:2
FNDA:2,formatUuidFromBytes
FNDA:148,createUuid
DA:1,2
DA:2,2
DA:3,2
DA:4,2
DA:6,1
DA:7,148
DA:9,148
DA:10,146
DA:11,146
DA:13,2
DA:15,148
DA:16,1
DA:17,1
DA:18,1
DA:19,16
DA:20,16
DA:21,1
DA:24,2
DA:25,2
DA:27,2
DA:28,2
LF:21
LH:21
BRDA:1,0,0,2
BRDA:2,1,0,32
BRDA:6,2,0,148
BRDA:9,3,0,147
BRDA:9,4,0,146
BRDA:11,5,0,45
BRDA:11,6,0,2
BRDA:15,7,0,1
BRDA:15,8,0,45
BRDA:15,9,0,1
BRDA:18,10,0,16
BRDA:21,11,0,2
BRF:12
BRH:12
end_of_record
